[I 2026-09-12 15:53:19,726] A new study created in memory with name: no-name-3f24fff5-ba16-4473-8e2c-236aef3ef354
[I 2026-09-12 15:54:13,972] Trial 0 finished with value: 2.1516121375634825 and parameters: {'coeff': 6, 'AP': 58, 'alpha.condition_threshold': 40}. Best is trial 0 with value: 2.1516121375634825.
[I 2026-09-12 15:55:06,878] Trial 1 finished with value: 1.3568484163659191 and parameters: {'coeff': 1, 'AP': 33, 'alpha.condition_threshold': 65}. Best is trial 0 with value: 2.1516121375634825.
[I 2026-09-12 15:56:01,723] Trial 2 finished with value: 2.2936011381901014 and parameters: {'coeff': 8, 'AP': 45, 'alpha.condition_threshold': 35}. Best is trial 2 with value: 2.2936011381901014.
[I 2026-09-12 15:56:55,172] Trial 3 finished with value: 1.2023958147904348 and parameters: {'coeff': 1, 'AP': 23, 'alpha.condition_threshold': 75}. Best is trial 2 with value: 2.2936011381901014.
[I 2026-09-12 15:57:49,354] Trial 4 finished with value: 0.6772751658486432 and parameters: {'coeff': 1, 'AP': 17, 'alpha.condition_threshold': 50}. Best is trial 2 with value: 2.2936011381901014.
[I 2026-09-12 15:58:43,382] Trial 5 finished with value: 3.0613098165743606 and parameters: {'coeff': 4, 'AP': 60, 'alpha.condition_threshold': 70}. Best is trial 5 with value: 3.0613098165743606.
[I 2026-09-12 15:59:36,359] Trial 6 finished with value: 3.0763999666488386 and parameters: {'coeff': 4, 'AP': 31, 'alpha.condition_threshold': 80}. Best is trial 6 with value: 3.0763999666488386.
[I 2026-09-12 16:00:28,323] Trial 7 finished with value: 1.6691595467953966 and parameters: {'coeff': 2, 'AP': 25, 'alpha.condition_threshold': 65}. Best is trial 6 with value: 3.0763999666488386.
[I 2026-09-12 16:01:23,597] Trial 8 finished with value: 1.579810438201705 and parameters: {'coeff': 1, 'AP': 27, 'alpha.condition_threshold': 75}. Best is trial 6 with value: 3.0763999666488386.
[I 2026-09-12 16:02:17,304] Trial 9 finished with value: 2.4860645307595406 and parameters: {'coeff': 7, 'AP': 18, 'alpha.condition_threshold': 65}. Best is trial 6 with value: 3.0763999666488386.
[I 2026-09-12 16:03:09,678] Trial 10 finished with value: 2.351077981607814 and parameters: {'coeff': 4, 'AP': 5, 'alpha.condition_threshold': 50}. Best is trial 6 with value: 3.0763999666488386.
[I 2026-09-12 16:04:02,644] Trial 11 finished with value: 2.917123031931281 and parameters: {'coeff': 4, 'AP': 42, 'alpha.condition_threshold': 80}. Best is trial 6 with value: 3.0763999666488386.
[I 2026-09-12 16:04:56,912] Trial 12 finished with value: 2.998518746237268 and parameters: {'coeff': 5, 'AP': 53, 'alpha.condition_threshold': 80}. Best is trial 6 with value: 3.0763999666488386.
[I 2026-09-12 16:05:51,584] Trial 13 finished with value: 2.321728002272106 and parameters: {'coeff': 3, 'AP': 37, 'alpha.condition_threshold': 70}. Best is trial 6 with value: 3.0763999666488386.
[I 2026-09-12 16:06:50,087] Trial 14 finished with value: 1.8407493690647845 and parameters: {'coeff': 5, 'AP': 51, 'alpha.condition_threshold': 60}. Best is trial 6 with value: 3.0763999666488386.
[I 2026-09-12 16:07:46,243] Trial 15 finished with value: 2.919992836988907 and parameters: {'coeff': 3, 'AP': 60, 'alpha.condition_threshold': 55}. Best is trial 6 with value: 3.0763999666488386.
[I 2026-09-12 16:08:39,726] Trial 16 finished with value: 2.074204839884658 and parameters: {'coeff': 3, 'AP': 42, 'alpha.condition_threshold': 75}. Best is trial 6 with value: 3.0763999666488386.
[I 2026-09-12 16:09:34,344] Trial 17 finished with value: 2.016127464853366 and parameters: {'coeff': 6, 'AP': 8, 'alpha.condition_threshold': 70}. Best is trial 6 with value: 3.0763999666488386.
[I 2026-09-12 16:10:29,323] Trial 18 finished with value: 2.8577934292297504 and parameters: {'coeff': 4, 'AP': 36, 'alpha.condition_threshold': 80}. Best is trial 6 with value: 3.0763999666488386.
[I 2026-09-12 16:11:22,543] Trial 19 finished with value: 2.3582729285978945 and parameters: {'coeff': 6, 'AP': 49, 'alpha.condition_threshold': 70}. Best is trial 6 with value: 3.0763999666488386.
[I 2026-09-12 16:12:14,308] Trial 20 finished with value: 2.515234021352934 and parameters: {'coeff': 5, 'AP': 29, 'alpha.condition_threshold': 60}. Best is trial 6 with value: 3.0763999666488386.
[I 2026-09-12 16:13:11,339] Trial 21 finished with value: 2.4035129328234213 and parameters: {'coeff': 5, 'AP': 54, 'alpha.condition_threshold': 80}. Best is trial 6 with value: 3.0763999666488386.
[I 2026-09-12 16:14:05,655] Trial 22 finished with value: 2.488616086223311 and parameters: {'coeff': 4, 'AP': 54, 'alpha.condition_threshold': 80}. Best is trial 6 with value: 3.0763999666488386.
[I 2026-09-12 16:15:00,561] Trial 23 finished with value: 3.19959522805599 and parameters: {'coeff': 3, 'AP': 47, 'alpha.condition_threshold': 75}. Best is trial 23 with value: 3.19959522805599.
[I 2026-09-12 16:15:55,043] Trial 24 finished with value: 1.0693610133707931 and parameters: {'coeff': 2, 'AP': 45, 'alpha.condition_threshold': 75}. Best is trial 23 with value: 3.19959522805599.
[I 2026-09-12 16:16:50,162] Trial 25 finished with value: 1.712881834930297 and parameters: {'coeff': 2, 'AP': 36, 'alpha.condition_threshold': 70}. Best is trial 23 with value: 3.19959522805599.
[I 2026-09-12 16:17:44,471] Trial 26 finished with value: 3.0409222105250384 and parameters: {'coeff': 3, 'AP': 48, 'alpha.condition_threshold': 60}. Best is trial 23 with value: 3.19959522805599.
[I 2026-09-12 16:18:38,761] Trial 27 finished with value: 1.9841068375150819 and parameters: {'coeff': 3, 'AP': 40, 'alpha.condition_threshold': 75}. Best is trial 23 with value: 3.19959522805599.
[I 2026-09-12 16:19:33,293] Trial 28 finished with value: 2.339927140966742 and parameters: {'coeff': 4, 'AP': 57, 'alpha.condition_threshold': 45}. Best is trial 23 with value: 3.19959522805599.
[I 2026-09-12 16:20:29,297] Trial 29 finished with value: 2.557710962372717 and parameters: {'coeff': 6, 'AP': 57, 'alpha.condition_threshold': 35}. Best is trial 23 with value: 3.19959522805599.
[I 2026-09-12 16:21:21,501] Trial 30 finished with value: 1.5343420988308072 and parameters: {'coeff': 2, 'AP': 31, 'alpha.condition_threshold': 65}. Best is trial 23 with value: 3.19959522805599.
[I 2026-09-12 16:22:15,738] Trial 31 finished with value: 2.887378407140243 and parameters: {'coeff': 3, 'AP': 47, 'alpha.condition_threshold': 60}. Best is trial 23 with value: 3.19959522805599.
