[I 2026-09-14 11:08:38,768] A new study created in memory with name: no-name-02bf1af2-2ecf-4b23-ae1c-2fc234cc2d99
[I 2026-09-14 11:08:39,058] Trial 0 finished with value: 2.3143368881411406 and parameters: {'coeff': 6, 'AP': 58, 'alpha.condition_threshold': 40}. Best is trial 0 with value: 2.3143368881411406.
[I 2026-09-14 11:08:39,326] Trial 1 finished with value: -0.5430367454903349 and parameters: {'coeff': 1, 'AP': 33, 'alpha.condition_threshold': 65}. Best is trial 0 with value: 2.3143368881411406.
[I 2026-09-14 11:08:39,585] Trial 2 finished with value: 0.9086782315331045 and parameters: {'coeff': 8, 'AP': 45, 'alpha.condition_threshold': 35}. Best is trial 0 with value: 2.3143368881411406.
[I 2026-09-14 11:08:39,855] Trial 3 finished with value: -1.8193018188006373 and parameters: {'coeff': 1, 'AP': 23, 'alpha.condition_threshold': 75}. Best is trial 0 with value: 2.3143368881411406.
[I 2026-09-14 11:08:40,120] Trial 4 finished with value: -3.2459420841760864 and parameters: {'coeff': 1, 'AP': 17, 'alpha.condition_threshold': 50}. Best is trial 0 with value: 2.3143368881411406.
[I 2026-09-14 11:09:30,416] Trial 5 finished with value: 1.6512363639392145 and parameters: {'coeff': 4, 'AP': 60, 'alpha.condition_threshold': 70}. Best is trial 0 with value: 2.3143368881411406.
[I 2026-09-14 11:10:20,431] Trial 6 finished with value: 0.3137893280440785 and parameters: {'coeff': 4, 'AP': 31, 'alpha.condition_threshold': 80}. Best is trial 0 with value: 2.3143368881411406.
[I 2026-09-14 11:11:10,523] Trial 7 finished with value: 0.7433016706413648 and parameters: {'coeff': 2, 'AP': 25, 'alpha.condition_threshold': 65}. Best is trial 0 with value: 2.3143368881411406.
[I 2026-09-14 11:12:00,302] Trial 8 finished with value: -0.3421364490036174 and parameters: {'coeff': 1, 'AP': 27, 'alpha.condition_threshold': 75}. Best is trial 0 with value: 2.3143368881411406.
[I 2026-09-14 11:12:49,112] Trial 9 finished with value: 2.4950675885652664 and parameters: {'coeff': 7, 'AP': 18, 'alpha.condition_threshold': 65}. Best is trial 9 with value: 2.4950675885652664.
[I 2026-09-14 11:13:37,511] Trial 10 finished with value: 2.0991694982852196 and parameters: {'coeff': 8, 'AP': 5, 'alpha.condition_threshold': 55}. Best is trial 9 with value: 2.4950675885652664.
[I 2026-09-14 11:14:26,139] Trial 11 finished with value: 0.6205284884872039 and parameters: {'coeff': 6, 'AP': 56, 'alpha.condition_threshold': 30}. Best is trial 9 with value: 2.4950675885652664.
[I 2026-09-14 11:15:15,185] Trial 12 finished with value: 1.8601543618175373 and parameters: {'coeff': 6, 'AP': 43, 'alpha.condition_threshold': 45}. Best is trial 9 with value: 2.4950675885652664.
[I 2026-09-14 11:16:05,336] Trial 13 finished with value: 1.982375896663679 and parameters: {'coeff': 6, 'AP': 12, 'alpha.condition_threshold': 40}. Best is trial 9 with value: 2.4950675885652664.
[I 2026-09-14 11:16:55,683] Trial 14 finished with value: 2.536244433547326 and parameters: {'coeff': 7, 'AP': 42, 'alpha.condition_threshold': 60}. Best is trial 14 with value: 2.536244433547326.
[I 2026-09-14 11:17:45,724] Trial 15 finished with value: 2.4408609709482088 and parameters: {'coeff': 7, 'AP': 38, 'alpha.condition_threshold': 60}. Best is trial 14 with value: 2.536244433547326.
[I 2026-09-14 11:18:35,410] Trial 16 finished with value: 1.2939070442887857 and parameters: {'coeff': 5, 'AP': 49, 'alpha.condition_threshold': 55}. Best is trial 14 with value: 2.536244433547326.
[I 2026-09-14 11:19:23,837] Trial 17 finished with value: 2.070029196848583 and parameters: {'coeff': 7, 'AP': 19, 'alpha.condition_threshold': 60}. Best is trial 14 with value: 2.536244433547326.
[I 2026-09-14 11:20:14,195] Trial 18 finished with value: -0.29069609644459626 and parameters: {'coeff': 3, 'AP': 36, 'alpha.condition_threshold': 65}. Best is trial 14 with value: 2.536244433547326.
[I 2026-09-14 11:21:04,038] Trial 19 finished with value: 1.696735412318744 and parameters: {'coeff': 7, 'AP': 5, 'alpha.condition_threshold': 50}. Best is trial 14 with value: 2.536244433547326.
[I 2026-09-14 11:21:52,052] Trial 20 finished with value: 1.8711529491488583 and parameters: {'coeff': 5, 'AP': 52, 'alpha.condition_threshold': 70}. Best is trial 14 with value: 2.536244433547326.
[I 2026-09-14 11:22:45,145] Trial 21 finished with value: 2.413973976906144 and parameters: {'coeff': 7, 'AP': 39, 'alpha.condition_threshold': 60}. Best is trial 14 with value: 2.536244433547326.
[I 2026-09-14 11:23:50,253] Trial 22 finished with value: 2.0625354315312983 and parameters: {'coeff': 8, 'AP': 41, 'alpha.condition_threshold': 60}. Best is trial 14 with value: 2.536244433547326.
[I 2026-09-14 11:24:43,081] Trial 23 finished with value: 2.5270623869685913 and parameters: {'coeff': 7, 'AP': 31, 'alpha.condition_threshold': 55}. Best is trial 14 with value: 2.536244433547326.
[I 2026-09-14 11:25:32,529] Trial 24 finished with value: 1.9287984584352742 and parameters: {'coeff': 8, 'AP': 29, 'alpha.condition_threshold': 50}. Best is trial 14 with value: 2.536244433547326.
[I 2026-09-14 11:26:21,113] Trial 25 finished with value: 2.1775498682139363 and parameters: {'coeff': 7, 'AP': 11, 'alpha.condition_threshold': 55}. Best is trial 14 with value: 2.536244433547326.
[I 2026-09-14 11:27:10,216] Trial 26 finished with value: 1.7436360802498678 and parameters: {'coeff': 5, 'AP': 21, 'alpha.condition_threshold': 70}. Best is trial 14 with value: 2.536244433547326.
[I 2026-09-14 11:27:58,529] Trial 27 finished with value: 1.7832403027913908 and parameters: {'coeff': 6, 'AP': 47, 'alpha.condition_threshold': 45}. Best is trial 14 with value: 2.536244433547326.
[I 2026-09-14 11:28:48,206] Trial 28 finished with value: 2.3011466772507343 and parameters: {'coeff': 7, 'AP': 35, 'alpha.condition_threshold': 65}. Best is trial 14 with value: 2.536244433547326.
[I 2026-09-14 11:29:35,766] Trial 29 finished with value: 1.9985803595186353 and parameters: {'coeff': 6, 'AP': 15, 'alpha.condition_threshold': 55}. Best is trial 14 with value: 2.536244433547326.
[I 2026-09-14 11:30:23,348] Trial 30 finished with value: 1.9384990159434436 and parameters: {'coeff': 8, 'AP': 52, 'alpha.condition_threshold': 45}. Best is trial 14 with value: 2.536244433547326.
[I 2026-09-14 11:31:11,777] Trial 31 finished with value: 2.506962042441243 and parameters: {'coeff': 7, 'AP': 36, 'alpha.condition_threshold': 60}. Best is trial 14 with value: 2.536244433547326.
[I 2026-09-14 11:31:13,104] A new study created in memory with name: no-name-acdd3a59-b2f5-4bc5-af1c-6dab4488ce6b
[I 2026-09-14 11:32:04,921] Trial 0 finished with value: -0.12732262529489455 and parameters: {'coeff': 6, 'AP': 58, 'alpha.condition_threshold': 40}. Best is trial 0 with value: -0.12732262529489455.
[I 2026-09-14 11:32:58,130] Trial 1 finished with value: -3.2826753080381597 and parameters: {'coeff': 1, 'AP': 33, 'alpha.condition_threshold': 65}. Best is trial 0 with value: -0.12732262529489455.
[I 2026-09-14 11:33:53,896] Trial 2 finished with value: -1.6156943749934614 and parameters: {'coeff': 8, 'AP': 45, 'alpha.condition_threshold': 35}. Best is trial 0 with value: -0.12732262529489455.
[I 2026-09-14 11:34:42,553] Trial 3 finished with value: -2.391980730034758 and parameters: {'coeff': 1, 'AP': 23, 'alpha.condition_threshold': 75}. Best is trial 0 with value: -0.12732262529489455.
[I 2026-09-14 11:35:38,053] Trial 4 finished with value: -3.769465580588968 and parameters: {'coeff': 1, 'AP': 17, 'alpha.condition_threshold': 50}. Best is trial 0 with value: -0.12732262529489455.
[I 2026-09-14 11:36:42,753] Trial 5 finished with value: -0.4558939018539702 and parameters: {'coeff': 4, 'AP': 60, 'alpha.condition_threshold': 70}. Best is trial 0 with value: -0.12732262529489455.
[I 2026-09-14 11:37:36,468] Trial 6 finished with value: 0.9519771026800289 and parameters: {'coeff': 4, 'AP': 31, 'alpha.condition_threshold': 80}. Best is trial 6 with value: 0.9519771026800289.
[I 2026-09-14 11:38:27,705] Trial 7 finished with value: -2.7862317979686275 and parameters: {'coeff': 2, 'AP': 25, 'alpha.condition_threshold': 65}. Best is trial 6 with value: 0.9519771026800289.
[I 2026-09-14 11:39:16,103] Trial 8 finished with value: -0.943753677679805 and parameters: {'coeff': 1, 'AP': 27, 'alpha.condition_threshold': 75}. Best is trial 6 with value: 0.9519771026800289.
[I 2026-09-14 11:40:04,299] Trial 9 finished with value: -1.23348282215044 and parameters: {'coeff': 7, 'AP': 18, 'alpha.condition_threshold': 65}. Best is trial 6 with value: 0.9519771026800289.
[I 2026-09-14 11:40:53,671] Trial 10 finished with value: -0.5278205190266089 and parameters: {'coeff': 4, 'AP': 5, 'alpha.condition_threshold': 50}. Best is trial 6 with value: 0.9519771026800289.
[I 2026-09-14 11:41:42,961] Trial 11 finished with value: 0.3745078236813679 and parameters: {'coeff': 6, 'AP': 42, 'alpha.condition_threshold': 35}. Best is trial 6 with value: 0.9519771026800289.
[I 2026-09-14 11:42:31,687] Trial 12 finished with value: -0.4742167915364851 and parameters: {'coeff': 5, 'AP': 41, 'alpha.condition_threshold': 30}. Best is trial 6 with value: 0.9519771026800289.
[I 2026-09-14 11:43:20,355] Trial 13 finished with value: -0.7996003678339375 and parameters: {'coeff': 3, 'AP': 45, 'alpha.condition_threshold': 45}. Best is trial 6 with value: 0.9519771026800289.
[I 2026-09-14 11:44:08,678] Trial 14 finished with value: -inf and parameters: {'coeff': 6, 'AP': 37, 'alpha.condition_threshold': 80}. Best is trial 6 with value: 0.9519771026800289.
[I 2026-09-14 11:44:58,814] Trial 15 finished with value: -0.05001304209966693 and parameters: {'coeff': 5, 'AP': 52, 'alpha.condition_threshold': 55}. Best is trial 6 with value: 0.9519771026800289.
[I 2026-09-14 11:45:48,807] Trial 16 finished with value: -0.7650208694852904 and parameters: {'coeff': 3, 'AP': 32, 'alpha.condition_threshold': 30}. Best is trial 6 with value: 0.9519771026800289.
[I 2026-09-14 11:46:37,325] Trial 17 finished with value: -0.17689343060703475 and parameters: {'coeff': 6, 'AP': 49, 'alpha.condition_threshold': 40}. Best is trial 6 with value: 0.9519771026800289.
[I 2026-09-14 11:47:25,670] Trial 18 finished with value: -2.06503689541838 and parameters: {'coeff': 8, 'AP': 36, 'alpha.condition_threshold': 60}. Best is trial 6 with value: 0.9519771026800289.
[I 2026-09-14 11:48:13,799] Trial 19 finished with value: -0.767597290972192 and parameters: {'coeff': 7, 'AP': 5, 'alpha.condition_threshold': 80}. Best is trial 6 with value: 0.9519771026800289.
[I 2026-09-14 11:49:02,977] Trial 20 finished with value: -1.4288305995482489 and parameters: {'coeff': 3, 'AP': 13, 'alpha.condition_threshold': 55}. Best is trial 6 with value: 0.9519771026800289.
[I 2026-09-14 11:49:51,859] Trial 21 finished with value: -0.10081386014418481 and parameters: {'coeff': 5, 'AP': 53, 'alpha.condition_threshold': 55}. Best is trial 6 with value: 0.9519771026800289.
[I 2026-09-14 11:50:40,859] Trial 22 finished with value: -0.3085606008151189 and parameters: {'coeff': 5, 'AP': 53, 'alpha.condition_threshold': 45}. Best is trial 6 with value: 0.9519771026800289.
[I 2026-09-14 11:51:29,369] Trial 23 finished with value: -1.8339984643436424 and parameters: {'coeff': 4, 'AP': 44, 'alpha.condition_threshold': 60}. Best is trial 6 with value: 0.9519771026800289.
[I 2026-09-14 11:52:18,160] Trial 24 finished with value: -1.3769995939720125 and parameters: {'coeff': 7, 'AP': 39, 'alpha.condition_threshold': 35}. Best is trial 6 with value: 0.9519771026800289.
[I 2026-09-14 11:53:06,925] Trial 25 finished with value: -0.2523098161671212 and parameters: {'coeff': 5, 'AP': 49, 'alpha.condition_threshold': 50}. Best is trial 6 with value: 0.9519771026800289.
