[I 2026-09-15 11:47:47,090] A new study created in memory with name: no-name-31488a43-6948-41d2-a4b3-015009468732
[I 2026-09-15 11:47:47,460] Trial 0 finished with value: -1.1529188586902877 and parameters: {'coeff': 6, 'AP': 58, 'alpha.condition_threshold': 40}. Best is trial 0 with value: -1.1529188586902877.
[I 2026-09-15 11:47:47,736] Trial 1 finished with value: -0.10431849270130766 and parameters: {'coeff': 1, 'AP': 33, 'alpha.condition_threshold': 65}. Best is trial 1 with value: -0.10431849270130766.
[I 2026-09-15 11:47:47,988] Trial 2 finished with value: -0.6958525196942216 and parameters: {'coeff': 8, 'AP': 45, 'alpha.condition_threshold': 35}. Best is trial 1 with value: -0.10431849270130766.
[I 2026-09-15 11:47:48,241] Trial 3 finished with value: -0.1840430985135227 and parameters: {'coeff': 1, 'AP': 23, 'alpha.condition_threshold': 75}. Best is trial 1 with value: -0.10431849270130766.
[I 2026-09-15 11:47:48,516] Trial 4 finished with value: -1.9846870797203708 and parameters: {'coeff': 1, 'AP': 17, 'alpha.condition_threshold': 50}. Best is trial 1 with value: -0.10431849270130766.
[I 2026-09-15 11:47:48,769] Trial 5 finished with value: -0.4115648733291384 and parameters: {'coeff': 4, 'AP': 60, 'alpha.condition_threshold': 70}. Best is trial 1 with value: -0.10431849270130766.
[I 2026-09-15 11:47:49,015] Trial 6 finished with value: 1.0501836502293123 and parameters: {'coeff': 4, 'AP': 31, 'alpha.condition_threshold': 80}. Best is trial 6 with value: 1.0501836502293123.
[I 2026-09-15 11:47:49,273] Trial 7 finished with value: -1.0516562054052492 and parameters: {'coeff': 2, 'AP': 25, 'alpha.condition_threshold': 65}. Best is trial 6 with value: 1.0501836502293123.
[I 2026-09-15 11:47:49,529] Trial 8 finished with value: -2.2214814899675486 and parameters: {'coeff': 1, 'AP': 27, 'alpha.condition_threshold': 75}. Best is trial 6 with value: 1.0501836502293123.
[I 2026-09-15 11:47:49,774] Trial 9 finished with value: -1.2209196496121304 and parameters: {'coeff': 7, 'AP': 18, 'alpha.condition_threshold': 65}. Best is trial 6 with value: 1.0501836502293123.
[I 2026-09-15 11:47:50,040] Trial 10 finished with value: 0.3538876740566629 and parameters: {'coeff': 4, 'AP': 5, 'alpha.condition_threshold': 50}. Best is trial 6 with value: 1.0501836502293123.
[I 2026-09-15 11:47:50,289] Trial 11 finished with value: 0.23698760883182282 and parameters: {'coeff': 4, 'AP': 7, 'alpha.condition_threshold': 50}. Best is trial 6 with value: 1.0501836502293123.
[I 2026-09-15 11:47:50,553] Trial 12 finished with value: -0.8111870441054544 and parameters: {'coeff': 5, 'AP': 5, 'alpha.condition_threshold': 55}. Best is trial 6 with value: 1.0501836502293123.
[I 2026-09-15 11:47:50,819] Trial 13 finished with value: -inf and parameters: {'coeff': 3, 'AP': 38, 'alpha.condition_threshold': 80}. Best is trial 6 with value: 1.0501836502293123.
[I 2026-09-15 11:47:51,072] Trial 14 finished with value: -1.1757308385054848 and parameters: {'coeff': 5, 'AP': 47, 'alpha.condition_threshold': 45}. Best is trial 6 with value: 1.0501836502293123.
[I 2026-09-15 11:47:51,319] Trial 15 finished with value: -1.846118684114533 and parameters: {'coeff': 3, 'AP': 13, 'alpha.condition_threshold': 30}. Best is trial 6 with value: 1.0501836502293123.
[I 2026-09-15 11:47:51,568] Trial 16 finished with value: -1.1174981058292737 and parameters: {'coeff': 3, 'AP': 42, 'alpha.condition_threshold': 55}. Best is trial 6 with value: 1.0501836502293123.
[I 2026-09-15 11:47:51,811] Trial 17 finished with value: -0.2897791163531819 and parameters: {'coeff': 6, 'AP': 34, 'alpha.condition_threshold': 60}. Best is trial 6 with value: 1.0501836502293123.
[I 2026-09-15 11:47:52,080] Trial 18 finished with value: 0.10841844566065527 and parameters: {'coeff': 4, 'AP': 11, 'alpha.condition_threshold': 45}. Best is trial 6 with value: 1.0501836502293123.
[I 2026-09-15 11:47:52,322] Trial 19 finished with value: -inf and parameters: {'coeff': 6, 'AP': 54, 'alpha.condition_threshold': 80}. Best is trial 6 with value: 1.0501836502293123.
[I 2026-09-15 11:47:52,577] Trial 20 finished with value: -1.0758452255727116 and parameters: {'coeff': 5, 'AP': 29, 'alpha.condition_threshold': 55}. Best is trial 6 with value: 1.0501836502293123.
[I 2026-09-15 11:47:52,916] Trial 21 finished with value: 0.3538876740566629 and parameters: {'coeff': 4, 'AP': 5, 'alpha.condition_threshold': 45}. Best is trial 6 with value: 1.0501836502293123.
[I 2026-09-15 11:47:53,154] Trial 22 finished with value: -1.2454281130273077 and parameters: {'coeff': 3, 'AP': 12, 'alpha.condition_threshold': 40}. Best is trial 6 with value: 1.0501836502293123.
[I 2026-09-15 11:47:53,401] Trial 23 finished with value: -0.05194820170607521 and parameters: {'coeff': 4, 'AP': 19, 'alpha.condition_threshold': 45}. Best is trial 6 with value: 1.0501836502293123.
[I 2026-09-15 11:47:53,807] Trial 24 finished with value: -1.9002872917034097 and parameters: {'coeff': 2, 'AP': 8, 'alpha.condition_threshold': 50}. Best is trial 6 with value: 1.0501836502293123.
[I 2026-09-15 11:47:54,122] Trial 25 finished with value: -0.8939855547825896 and parameters: {'coeff': 5, 'AP': 5, 'alpha.condition_threshold': 40}. Best is trial 6 with value: 1.0501836502293123.
[I 2026-09-15 11:47:54,390] Trial 26 finished with value: -2.0713841322464877 and parameters: {'coeff': 2, 'AP': 15, 'alpha.condition_threshold': 60}. Best is trial 6 with value: 1.0501836502293123.
[I 2026-09-15 11:47:54,655] Trial 27 finished with value: -0.07839509385559634 and parameters: {'coeff': 4, 'AP': 21, 'alpha.condition_threshold': 30}. Best is trial 6 with value: 1.0501836502293123.
[I 2026-09-15 11:48:44,304] Trial 28 finished with value: -1.0946956750946204 and parameters: {'coeff': 3, 'AP': 10, 'alpha.condition_threshold': 60}. Best is trial 6 with value: 1.0501836502293123.
[I 2026-09-15 11:49:30,714] Trial 29 finished with value: -0.7439942659625296 and parameters: {'coeff': 7, 'AP': 53, 'alpha.condition_threshold': 35}. Best is trial 6 with value: 1.0501836502293123.
[I 2026-09-15 11:50:19,545] Trial 30 finished with value: -0.23820579883877918 and parameters: {'coeff': 6, 'AP': 38, 'alpha.condition_threshold': 50}. Best is trial 6 with value: 1.0501836502293123.
[I 2026-09-15 11:51:10,283] Trial 31 finished with value: 0.15909083683587355 and parameters: {'coeff': 4, 'AP': 8, 'alpha.condition_threshold': 50}. Best is trial 6 with value: 1.0501836502293123.
[I 2026-09-15 14:45:28,515] A new study created in memory with name: no-name-3902ee91-e0a9-4e2c-83cb-719761b25f31
[I 2026-09-15 14:46:14,288] Trial 0 finished with value: 2.3143368881411406 and parameters: {'coeff': 6, 'AP': 58, 'alpha.condition_threshold': 40}. Best is trial 0 with value: 2.3143368881411406.
[I 2026-09-15 14:46:59,871] Trial 1 finished with value: -0.5430367454903349 and parameters: {'coeff': 1, 'AP': 33, 'alpha.condition_threshold': 65}. Best is trial 0 with value: 2.3143368881411406.
[I 2026-09-15 14:47:49,514] Trial 2 finished with value: 0.9086782315331045 and parameters: {'coeff': 8, 'AP': 45, 'alpha.condition_threshold': 35}. Best is trial 0 with value: 2.3143368881411406.
[I 2026-09-15 14:48:37,936] Trial 3 finished with value: -1.8193018188006373 and parameters: {'coeff': 1, 'AP': 23, 'alpha.condition_threshold': 75}. Best is trial 0 with value: 2.3143368881411406.
[I 2026-09-15 14:49:27,034] Trial 4 finished with value: -3.2459420841760864 and parameters: {'coeff': 1, 'AP': 17, 'alpha.condition_threshold': 50}. Best is trial 0 with value: 2.3143368881411406.
[I 2026-09-15 14:50:11,739] Trial 5 finished with value: 1.6512363639392145 and parameters: {'coeff': 4, 'AP': 60, 'alpha.condition_threshold': 70}. Best is trial 0 with value: 2.3143368881411406.
[I 2026-09-15 14:50:56,134] Trial 6 finished with value: 0.3137893280440785 and parameters: {'coeff': 4, 'AP': 31, 'alpha.condition_threshold': 80}. Best is trial 0 with value: 2.3143368881411406.
[I 2026-09-15 14:51:41,939] Trial 7 finished with value: 0.7433016706413648 and parameters: {'coeff': 2, 'AP': 25, 'alpha.condition_threshold': 65}. Best is trial 0 with value: 2.3143368881411406.
[I 2026-09-15 14:52:26,492] Trial 8 finished with value: -0.3421364490036174 and parameters: {'coeff': 1, 'AP': 27, 'alpha.condition_threshold': 75}. Best is trial 0 with value: 2.3143368881411406.
[I 2026-09-15 14:53:13,697] Trial 9 finished with value: 2.4950675885652664 and parameters: {'coeff': 7, 'AP': 18, 'alpha.condition_threshold': 65}. Best is trial 9 with value: 2.4950675885652664.
[I 2026-09-15 14:54:00,553] Trial 10 finished with value: 2.0991694982852196 and parameters: {'coeff': 8, 'AP': 5, 'alpha.condition_threshold': 55}. Best is trial 9 with value: 2.4950675885652664.
[I 2026-09-15 14:54:46,661] Trial 11 finished with value: 0.6205284884872039 and parameters: {'coeff': 6, 'AP': 56, 'alpha.condition_threshold': 30}. Best is trial 9 with value: 2.4950675885652664.
[I 2026-09-15 14:55:32,983] Trial 12 finished with value: 1.8601543618175373 and parameters: {'coeff': 6, 'AP': 43, 'alpha.condition_threshold': 45}. Best is trial 9 with value: 2.4950675885652664.
[I 2026-09-15 14:56:19,897] Trial 13 finished with value: 1.982375896663679 and parameters: {'coeff': 6, 'AP': 12, 'alpha.condition_threshold': 40}. Best is trial 9 with value: 2.4950675885652664.
[I 2026-09-15 14:57:10,664] Trial 14 finished with value: 2.536244433547326 and parameters: {'coeff': 7, 'AP': 42, 'alpha.condition_threshold': 60}. Best is trial 14 with value: 2.536244433547326.
[I 2026-09-15 14:57:59,298] Trial 15 finished with value: 2.4408609709482088 and parameters: {'coeff': 7, 'AP': 38, 'alpha.condition_threshold': 60}. Best is trial 14 with value: 2.536244433547326.
[I 2026-09-15 14:58:49,768] Trial 16 finished with value: 1.2939070442887857 and parameters: {'coeff': 5, 'AP': 49, 'alpha.condition_threshold': 55}. Best is trial 14 with value: 2.536244433547326.
[I 2026-09-15 14:59:38,866] Trial 17 finished with value: 2.070029196848583 and parameters: {'coeff': 7, 'AP': 19, 'alpha.condition_threshold': 60}. Best is trial 14 with value: 2.536244433547326.
[I 2026-09-15 15:00:28,797] Trial 18 finished with value: -0.29069609644459626 and parameters: {'coeff': 3, 'AP': 36, 'alpha.condition_threshold': 65}. Best is trial 14 with value: 2.536244433547326.
[I 2026-09-15 15:01:15,214] Trial 19 finished with value: 1.696735412318744 and parameters: {'coeff': 7, 'AP': 5, 'alpha.condition_threshold': 50}. Best is trial 14 with value: 2.536244433547326.
[I 2026-09-15 15:02:01,822] Trial 20 finished with value: 1.8711529491488583 and parameters: {'coeff': 5, 'AP': 52, 'alpha.condition_threshold': 70}. Best is trial 14 with value: 2.536244433547326.
[I 2026-09-15 15:02:47,157] Trial 21 finished with value: 2.413973976906144 and parameters: {'coeff': 7, 'AP': 39, 'alpha.condition_threshold': 60}. Best is trial 14 with value: 2.536244433547326.
[I 2026-09-15 15:03:36,567] Trial 22 finished with value: 2.0625354315312983 and parameters: {'coeff': 8, 'AP': 41, 'alpha.condition_threshold': 60}. Best is trial 14 with value: 2.536244433547326.
[I 2026-09-15 15:04:24,530] Trial 23 finished with value: 2.5270623869685913 and parameters: {'coeff': 7, 'AP': 31, 'alpha.condition_threshold': 55}. Best is trial 14 with value: 2.536244433547326.
[I 2026-09-15 15:05:12,904] Trial 24 finished with value: 1.9287984584352742 and parameters: {'coeff': 8, 'AP': 29, 'alpha.condition_threshold': 50}. Best is trial 14 with value: 2.536244433547326.
[I 2026-09-15 15:06:01,825] Trial 25 finished with value: 2.1775498682139363 and parameters: {'coeff': 7, 'AP': 11, 'alpha.condition_threshold': 55}. Best is trial 14 with value: 2.536244433547326.
[I 2026-09-15 15:06:49,589] Trial 26 finished with value: 1.7436360802498678 and parameters: {'coeff': 5, 'AP': 21, 'alpha.condition_threshold': 70}. Best is trial 14 with value: 2.536244433547326.
[I 2026-09-15 15:07:36,393] Trial 27 finished with value: 1.7832403027913908 and parameters: {'coeff': 6, 'AP': 47, 'alpha.condition_threshold': 45}. Best is trial 14 with value: 2.536244433547326.
[I 2026-09-15 15:08:21,919] Trial 28 finished with value: 2.3011466772507343 and parameters: {'coeff': 7, 'AP': 35, 'alpha.condition_threshold': 65}. Best is trial 14 with value: 2.536244433547326.
[I 2026-09-15 15:09:07,576] Trial 29 finished with value: 1.9985803595186353 and parameters: {'coeff': 6, 'AP': 15, 'alpha.condition_threshold': 55}. Best is trial 14 with value: 2.536244433547326.
[I 2026-09-15 15:09:53,079] Trial 30 finished with value: 1.9384990159434436 and parameters: {'coeff': 8, 'AP': 52, 'alpha.condition_threshold': 45}. Best is trial 14 with value: 2.536244433547326.
[I 2026-09-15 15:10:38,811] Trial 31 finished with value: 2.506962042441243 and parameters: {'coeff': 7, 'AP': 36, 'alpha.condition_threshold': 60}. Best is trial 14 with value: 2.536244433547326.
[I 2026-09-15 15:10:40,010] A new study created in memory with name: no-name-496fa6b2-e475-447c-b140-38ae3f48df97
[I 2026-09-15 15:11:26,416] Trial 0 finished with value: -0.12732262529489455 and parameters: {'coeff': 6, 'AP': 58, 'alpha.condition_threshold': 40}. Best is trial 0 with value: -0.12732262529489455.
[I 2026-09-15 15:12:11,795] Trial 1 finished with value: -3.2826753080381597 and parameters: {'coeff': 1, 'AP': 33, 'alpha.condition_threshold': 65}. Best is trial 0 with value: -0.12732262529489455.
[I 2026-09-15 15:12:57,097] Trial 2 finished with value: -1.6156943749934614 and parameters: {'coeff': 8, 'AP': 45, 'alpha.condition_threshold': 35}. Best is trial 0 with value: -0.12732262529489455.
[I 2026-09-15 15:13:43,889] Trial 3 finished with value: -2.391980730034758 and parameters: {'coeff': 1, 'AP': 23, 'alpha.condition_threshold': 75}. Best is trial 0 with value: -0.12732262529489455.
[I 2026-09-15 15:14:32,494] Trial 4 finished with value: -3.769465580588968 and parameters: {'coeff': 1, 'AP': 17, 'alpha.condition_threshold': 50}. Best is trial 0 with value: -0.12732262529489455.
[I 2026-09-15 15:15:19,542] Trial 5 finished with value: -0.4558939018539702 and parameters: {'coeff': 4, 'AP': 60, 'alpha.condition_threshold': 70}. Best is trial 0 with value: -0.12732262529489455.
[I 2026-09-15 15:16:05,975] Trial 6 finished with value: 0.9519771026800289 and parameters: {'coeff': 4, 'AP': 31, 'alpha.condition_threshold': 80}. Best is trial 6 with value: 0.9519771026800289.
[I 2026-09-15 15:16:53,272] Trial 7 finished with value: -2.7862317979686275 and parameters: {'coeff': 2, 'AP': 25, 'alpha.condition_threshold': 65}. Best is trial 6 with value: 0.9519771026800289.
[I 2026-09-15 15:17:38,685] Trial 8 finished with value: -0.943753677679805 and parameters: {'coeff': 1, 'AP': 27, 'alpha.condition_threshold': 75}. Best is trial 6 with value: 0.9519771026800289.
[I 2026-09-15 15:18:26,055] Trial 9 finished with value: -1.23348282215044 and parameters: {'coeff': 7, 'AP': 18, 'alpha.condition_threshold': 65}. Best is trial 6 with value: 0.9519771026800289.
[I 2026-09-15 15:19:12,418] Trial 10 finished with value: -0.5278205190266089 and parameters: {'coeff': 4, 'AP': 5, 'alpha.condition_threshold': 50}. Best is trial 6 with value: 0.9519771026800289.
[I 2026-09-15 15:20:01,045] Trial 11 finished with value: 0.3745078236813679 and parameters: {'coeff': 6, 'AP': 42, 'alpha.condition_threshold': 35}. Best is trial 6 with value: 0.9519771026800289.
[I 2026-09-15 15:20:48,847] Trial 12 finished with value: -0.4742167915364851 and parameters: {'coeff': 5, 'AP': 41, 'alpha.condition_threshold': 30}. Best is trial 6 with value: 0.9519771026800289.
[I 2026-09-15 15:21:36,423] Trial 13 finished with value: -0.7996003678339375 and parameters: {'coeff': 3, 'AP': 45, 'alpha.condition_threshold': 45}. Best is trial 6 with value: 0.9519771026800289.
[I 2026-09-15 15:22:22,572] Trial 14 finished with value: -inf and parameters: {'coeff': 6, 'AP': 37, 'alpha.condition_threshold': 80}. Best is trial 6 with value: 0.9519771026800289.
[I 2026-09-15 15:23:10,556] Trial 15 finished with value: -0.05001304209966693 and parameters: {'coeff': 5, 'AP': 52, 'alpha.condition_threshold': 55}. Best is trial 6 with value: 0.9519771026800289.
[I 2026-09-15 15:23:59,810] Trial 16 finished with value: -0.7650208694852904 and parameters: {'coeff': 3, 'AP': 32, 'alpha.condition_threshold': 30}. Best is trial 6 with value: 0.9519771026800289.
[I 2026-09-15 15:24:48,584] Trial 17 finished with value: -0.17689343060703475 and parameters: {'coeff': 6, 'AP': 49, 'alpha.condition_threshold': 40}. Best is trial 6 with value: 0.9519771026800289.
[I 2026-09-15 15:25:34,621] Trial 18 finished with value: -2.06503689541838 and parameters: {'coeff': 8, 'AP': 36, 'alpha.condition_threshold': 60}. Best is trial 6 with value: 0.9519771026800289.
[I 2026-09-15 15:26:20,354] Trial 19 finished with value: -0.767597290972192 and parameters: {'coeff': 7, 'AP': 5, 'alpha.condition_threshold': 80}. Best is trial 6 with value: 0.9519771026800289.
[I 2026-09-15 15:27:06,173] Trial 20 finished with value: -1.4288305995482489 and parameters: {'coeff': 3, 'AP': 13, 'alpha.condition_threshold': 55}. Best is trial 6 with value: 0.9519771026800289.
[I 2026-09-15 15:27:51,712] Trial 21 finished with value: -0.10081386014418481 and parameters: {'coeff': 5, 'AP': 53, 'alpha.condition_threshold': 55}. Best is trial 6 with value: 0.9519771026800289.
[I 2026-09-15 15:28:37,255] Trial 22 finished with value: -0.3085606008151189 and parameters: {'coeff': 5, 'AP': 53, 'alpha.condition_threshold': 45}. Best is trial 6 with value: 0.9519771026800289.
[I 2026-09-15 15:29:23,175] Trial 23 finished with value: -1.8339984643436424 and parameters: {'coeff': 4, 'AP': 44, 'alpha.condition_threshold': 60}. Best is trial 6 with value: 0.9519771026800289.
[I 2026-09-15 15:30:09,038] Trial 24 finished with value: -1.3769995939720125 and parameters: {'coeff': 7, 'AP': 39, 'alpha.condition_threshold': 35}. Best is trial 6 with value: 0.9519771026800289.
[I 2026-09-15 15:30:54,561] Trial 25 finished with value: -0.2523098161671212 and parameters: {'coeff': 5, 'AP': 49, 'alpha.condition_threshold': 50}. Best is trial 6 with value: 0.9519771026800289.
[I 2026-09-15 15:31:40,072] Trial 26 finished with value: 0.38259077154377674 and parameters: {'coeff': 6, 'AP': 31, 'alpha.condition_threshold': 60}. Best is trial 6 with value: 0.9519771026800289.
[I 2026-09-15 15:32:25,909] Trial 27 finished with value: -0.9909950670950015 and parameters: {'coeff': 6, 'AP': 30, 'alpha.condition_threshold': 70}. Best is trial 6 with value: 0.9519771026800289.
[I 2026-09-15 15:33:10,847] Trial 28 finished with value: -1.7929226407816317 and parameters: {'coeff': 7, 'AP': 28, 'alpha.condition_threshold': 75}. Best is trial 6 with value: 0.9519771026800289.
[I 2026-09-15 15:33:56,048] Trial 29 finished with value: -0.24559945617106235 and parameters: {'coeff': 6, 'AP': 22, 'alpha.condition_threshold': 40}. Best is trial 6 with value: 0.9519771026800289.
[I 2026-09-15 15:34:41,633] Trial 30 finished with value: -1.5923507649598312 and parameters: {'coeff': 4, 'AP': 34, 'alpha.condition_threshold': 60}. Best is trial 6 with value: 0.9519771026800289.
[I 2026-09-15 15:35:27,130] Trial 31 finished with value: 0.06833081189364006 and parameters: {'coeff': 6, 'AP': 56, 'alpha.condition_threshold': 55}. Best is trial 6 with value: 0.9519771026800289.
[I 2026-09-15 15:35:28,381] A new study created in memory with name: no-name-49b9af49-17a0-42c1-90aa-c8ac361ba9af
[I 2026-09-15 15:36:17,938] Trial 0 finished with value: -2.222570370605726 and parameters: {'coeff': 6, 'AP': 58, 'alpha.condition_threshold': 40}. Best is trial 0 with value: -2.222570370605726.
[I 2026-09-15 15:37:06,440] Trial 1 finished with value: -3.159690191625224 and parameters: {'coeff': 1, 'AP': 33, 'alpha.condition_threshold': 65}. Best is trial 0 with value: -2.222570370605726.
[I 2026-09-15 15:37:52,523] Trial 2 finished with value: -1.1151981081173463 and parameters: {'coeff': 8, 'AP': 45, 'alpha.condition_threshold': 35}. Best is trial 2 with value: -1.1151981081173463.
[I 2026-09-15 15:38:40,339] Trial 3 finished with value: -0.30961187442845206 and parameters: {'coeff': 1, 'AP': 23, 'alpha.condition_threshold': 75}. Best is trial 3 with value: -0.30961187442845206.
[I 2026-09-15 15:39:28,271] Trial 4 finished with value: -5.302098514686378 and parameters: {'coeff': 1, 'AP': 17, 'alpha.condition_threshold': 50}. Best is trial 3 with value: -0.30961187442845206.
[I 2026-09-15 15:40:15,937] Trial 5 finished with value: -1.1368115762897713 and parameters: {'coeff': 4, 'AP': 60, 'alpha.condition_threshold': 70}. Best is trial 3 with value: -0.30961187442845206.
[I 2026-09-15 15:41:00,735] Trial 6 finished with value: -0.6355026938868061 and parameters: {'coeff': 4, 'AP': 31, 'alpha.condition_threshold': 80}. Best is trial 3 with value: -0.30961187442845206.
[I 2026-09-15 15:41:46,498] Trial 7 finished with value: -4.089815482323118 and parameters: {'coeff': 2, 'AP': 25, 'alpha.condition_threshold': 65}. Best is trial 3 with value: -0.30961187442845206.
[I 2026-09-15 15:42:31,918] Trial 8 finished with value: 0.36682488422694026 and parameters: {'coeff': 1, 'AP': 27, 'alpha.condition_threshold': 75}. Best is trial 8 with value: 0.36682488422694026.
[I 2026-09-15 15:43:17,965] Trial 9 finished with value: -1.1379258337955762 and parameters: {'coeff': 7, 'AP': 18, 'alpha.condition_threshold': 65}. Best is trial 8 with value: 0.36682488422694026.
[I 2026-09-15 15:44:04,348] Trial 10 finished with value: -3.145775822329911 and parameters: {'coeff': 3, 'AP': 5, 'alpha.condition_threshold': 50}. Best is trial 8 with value: 0.36682488422694026.
[I 2026-09-15 15:44:50,223] Trial 11 finished with value: -inf and parameters: {'coeff': 2, 'AP': 39, 'alpha.condition_threshold': 80}. Best is trial 8 with value: 0.36682488422694026.
