[I 2026-09-15 15:45:37,101] Trial 12 finished with value: -3.435279166304771 and parameters: {'coeff': 1, 'AP': 15, 'alpha.condition_threshold': 75}. Best is trial 8 with value: 0.36682488422694026.
[I 2026-09-15 15:46:23,555] Trial 13 finished with value: -3.603257370944266 and parameters: {'coeff': 3, 'AP': 23, 'alpha.condition_threshold': 55}. Best is trial 8 with value: 0.36682488422694026.
[I 2026-09-15 15:47:10,316] Trial 14 finished with value: -3.04121041880779 and parameters: {'coeff': 5, 'AP': 7, 'alpha.condition_threshold': 70}. Best is trial 8 with value: 0.36682488422694026.
[I 2026-09-15 15:47:56,168] Trial 15 finished with value: -3.0291110543208295 and parameters: {'coeff': 2, 'AP': 46, 'alpha.condition_threshold': 60}. Best is trial 8 with value: 0.36682488422694026.
[I 2026-09-15 15:48:42,010] Trial 16 finished with value: -1.1531001864362846 and parameters: {'coeff': 3, 'AP': 28, 'alpha.condition_threshold': 75}. Best is trial 8 with value: 0.36682488422694026.
[I 2026-09-15 15:49:26,806] Trial 17 finished with value: -1.0960156121786215 and parameters: {'coeff': 1, 'AP': 38, 'alpha.condition_threshold': 75}. Best is trial 8 with value: 0.36682488422694026.
[I 2026-09-15 15:50:12,478] Trial 18 finished with value: -2.4653264557494197 and parameters: {'coeff': 5, 'AP': 11, 'alpha.condition_threshold': 55}. Best is trial 8 with value: 0.36682488422694026.
[I 2026-09-15 15:50:58,365] Trial 19 finished with value: -2.9204143338885493 and parameters: {'coeff': 2, 'AP': 22, 'alpha.condition_threshold': 30}. Best is trial 8 with value: 0.36682488422694026.
[I 2026-09-15 15:51:41,911] Trial 20 finished with value: -inf and parameters: {'coeff': 3, 'AP': 36, 'alpha.condition_threshold': 80}. Best is trial 8 with value: 0.36682488422694026.
[I 2026-09-15 15:52:27,018] Trial 21 finished with value: -2.837695420201601 and parameters: {'coeff': 4, 'AP': 30, 'alpha.condition_threshold': 80}. Best is trial 8 with value: 0.36682488422694026.
[I 2026-09-15 15:53:18,210] Trial 22 finished with value: -2.3489986756296894 and parameters: {'coeff': 6, 'AP': 29, 'alpha.condition_threshold': 70}. Best is trial 8 with value: 0.36682488422694026.
[I 2026-09-15 15:54:07,179] Trial 23 finished with value: -0.28169039349111785 and parameters: {'coeff': 2, 'AP': 22, 'alpha.condition_threshold': 80}. Best is trial 8 with value: 0.36682488422694026.
[I 2026-09-15 15:54:52,490] Trial 24 finished with value: -1.4951129029990007 and parameters: {'coeff': 1, 'AP': 19, 'alpha.condition_threshold': 75}. Best is trial 8 with value: 0.36682488422694026.
[I 2026-09-15 15:55:38,329] Trial 25 finished with value: -3.442559061690394 and parameters: {'coeff': 2, 'AP': 12, 'alpha.condition_threshold': 70}. Best is trial 8 with value: 0.36682488422694026.
[I 2026-09-15 15:56:24,930] Trial 26 finished with value: -0.20695076769437076 and parameters: {'coeff': 1, 'AP': 24, 'alpha.condition_threshold': 75}. Best is trial 8 with value: 0.36682488422694026.
[I 2026-09-15 15:57:12,387] Trial 27 finished with value: -3.839360268848117 and parameters: {'coeff': 2, 'AP': 42, 'alpha.condition_threshold': 60}. Best is trial 8 with value: 0.36682488422694026.
[I 2026-09-15 15:58:00,226] Trial 28 finished with value: -4.3663343131955195 and parameters: {'coeff': 1, 'AP': 26, 'alpha.condition_threshold': 45}. Best is trial 8 with value: 0.36682488422694026.
[I 2026-09-15 15:58:44,449] Trial 29 finished with value: -inf and parameters: {'coeff': 3, 'AP': 53, 'alpha.condition_threshold': 80}. Best is trial 8 with value: 0.36682488422694026.
[I 2026-09-15 15:59:30,900] Trial 30 finished with value: -3.845756086372384 and parameters: {'coeff': 2, 'AP': 35, 'alpha.condition_threshold': 60}. Best is trial 8 with value: 0.36682488422694026.
[I 2026-09-15 16:00:17,931] Trial 31 finished with value: -1.6182001185287063 and parameters: {'coeff': 1, 'AP': 21, 'alpha.condition_threshold': 75}. Best is trial 8 with value: 0.36682488422694026.
[I 2026-09-15 16:00:19,113] A new study created in memory with name: no-name-b66e4e2b-49d1-4ad0-8a1d-617a122151ca
[I 2026-09-15 16:01:06,929] Trial 0 finished with value: -1.1490153482795256 and parameters: {'coeff': 6, 'AP': 58, 'alpha.condition_threshold': 40}. Best is trial 0 with value: -1.1490153482795256.
[I 2026-09-15 16:01:52,953] Trial 1 finished with value: -0.3654629286901103 and parameters: {'coeff': 1, 'AP': 33, 'alpha.condition_threshold': 65}. Best is trial 1 with value: -0.3654629286901103.
[I 2026-09-15 16:02:39,476] Trial 2 finished with value: -0.5964912533932876 and parameters: {'coeff': 8, 'AP': 45, 'alpha.condition_threshold': 35}. Best is trial 1 with value: -0.3654629286901103.
[I 2026-09-15 16:03:26,241] Trial 3 finished with value: 0.8321289276019863 and parameters: {'coeff': 1, 'AP': 23, 'alpha.condition_threshold': 75}. Best is trial 3 with value: 0.8321289276019863.
[I 2026-09-15 16:04:13,191] Trial 4 finished with value: -3.8428486455881514 and parameters: {'coeff': 1, 'AP': 17, 'alpha.condition_threshold': 50}. Best is trial 3 with value: 0.8321289276019863.
[I 2026-09-15 16:04:58,714] Trial 5 finished with value: 0.5780841486233852 and parameters: {'coeff': 4, 'AP': 60, 'alpha.condition_threshold': 70}. Best is trial 3 with value: 0.8321289276019863.
[I 2026-09-15 16:05:43,999] Trial 6 finished with value: -0.21643157257361093 and parameters: {'coeff': 4, 'AP': 31, 'alpha.condition_threshold': 80}. Best is trial 3 with value: 0.8321289276019863.
[I 2026-09-15 16:06:30,024] Trial 7 finished with value: -0.6790224272635758 and parameters: {'coeff': 2, 'AP': 25, 'alpha.condition_threshold': 65}. Best is trial 3 with value: 0.8321289276019863.
[I 2026-09-15 16:07:14,688] Trial 8 finished with value: -0.6792742632400014 and parameters: {'coeff': 1, 'AP': 27, 'alpha.condition_threshold': 75}. Best is trial 3 with value: 0.8321289276019863.
[I 2026-09-15 16:07:59,900] Trial 9 finished with value: 0.680342618543981 and parameters: {'coeff': 7, 'AP': 18, 'alpha.condition_threshold': 65}. Best is trial 3 with value: 0.8321289276019863.
[I 2026-09-15 16:08:46,343] Trial 10 finished with value: 1.0001938787394746 and parameters: {'coeff': 3, 'AP': 5, 'alpha.condition_threshold': 50}. Best is trial 10 with value: 1.0001938787394746.
[I 2026-09-15 16:09:32,305] Trial 11 finished with value: 0.69877265936952 and parameters: {'coeff': 3, 'AP': 7, 'alpha.condition_threshold': 50}. Best is trial 10 with value: 1.0001938787394746.
[I 2026-09-15 16:10:18,651] Trial 12 finished with value: 1.0001938787394746 and parameters: {'coeff': 3, 'AP': 5, 'alpha.condition_threshold': 55}. Best is trial 10 with value: 1.0001938787394746.
[I 2026-09-15 16:10:18,660] Trial 13 pruned. duplicate parameter set
[I 2026-09-15 16:11:04,174] Trial 14 finished with value: -0.21535732344245526 and parameters: {'coeff': 5, 'AP': 12, 'alpha.condition_threshold': 45}. Best is trial 10 with value: 1.0001938787394746.
[I 2026-09-15 16:11:50,634] Trial 15 finished with value: 0.02350251501335272 and parameters: {'coeff': 3, 'AP': 41, 'alpha.condition_threshold': 30}. Best is trial 10 with value: 1.0001938787394746.
[I 2026-09-15 16:12:36,566] Trial 16 finished with value: -0.18462180518200225 and parameters: {'coeff': 5, 'AP': 12, 'alpha.condition_threshold': 55}. Best is trial 10 with value: 1.0001938787394746.
[I 2026-09-15 16:13:24,837] Trial 17 finished with value: -3.024324388263683 and parameters: {'coeff': 2, 'AP': 12, 'alpha.condition_threshold': 60}. Best is trial 10 with value: 1.0001938787394746.
[I 2026-09-15 16:14:14,197] Trial 18 finished with value: -0.9672510178042673 and parameters: {'coeff': 4, 'AP': 5, 'alpha.condition_threshold': 45}. Best is trial 10 with value: 1.0001938787394746.
[I 2026-09-15 16:15:01,089] Trial 19 finished with value: -3.2490113816460147 and parameters: {'coeff': 2, 'AP': 17, 'alpha.condition_threshold': 55}. Best is trial 10 with value: 1.0001938787394746.
[I 2026-09-15 16:15:46,783] Trial 20 finished with value: -0.8053554310561687 and parameters: {'coeff': 6, 'AP': 40, 'alpha.condition_threshold': 40}. Best is trial 10 with value: 1.0001938787394746.
[I 2026-09-15 16:16:32,860] Trial 21 finished with value: -1.888601581664403 and parameters: {'coeff': 2, 'AP': 22, 'alpha.condition_threshold': 60}. Best is trial 10 with value: 1.0001938787394746.
[I 2026-09-15 16:17:18,442] Trial 22 finished with value: 0.3262755105030116 and parameters: {'coeff': 3, 'AP': 9, 'alpha.condition_threshold': 80}. Best is trial 10 with value: 1.0001938787394746.
[I 2026-09-15 16:18:05,134] Trial 23 finished with value: -3.8675100392825774 and parameters: {'coeff': 1, 'AP': 51, 'alpha.condition_threshold': 50}. Best is trial 10 with value: 1.0001938787394746.
[I 2026-09-15 16:18:05,145] Trial 24 pruned. duplicate parameter set
[I 2026-09-15 16:18:51,130] Trial 25 finished with value: -0.5087416212222575 and parameters: {'coeff': 3, 'AP': 32, 'alpha.condition_threshold': 70}. Best is trial 10 with value: 1.0001938787394746.
[I 2026-09-15 16:19:37,673] Trial 26 finished with value: -0.8697780964035728 and parameters: {'coeff': 4, 'AP': 11, 'alpha.condition_threshold': 45}. Best is trial 10 with value: 1.0001938787394746.
[I 2026-09-15 16:20:23,151] Trial 27 finished with value: -0.07392973646465059 and parameters: {'coeff': 5, 'AP': 16, 'alpha.condition_threshold': 75}. Best is trial 10 with value: 1.0001938787394746.
[I 2026-09-15 16:21:09,237] Trial 28 finished with value: -3.161501628257769 and parameters: {'coeff': 2, 'AP': 20, 'alpha.condition_threshold': 55}. Best is trial 10 with value: 1.0001938787394746.
[I 2026-09-15 16:21:54,628] Trial 29 finished with value: -1.2256504245601842 and parameters: {'coeff': 6, 'AP': 53, 'alpha.condition_threshold': 40}. Best is trial 10 with value: 1.0001938787394746.
[I 2026-09-15 16:22:40,520] Trial 30 finished with value: 0.3763115359580072 and parameters: {'coeff': 3, 'AP': 27, 'alpha.condition_threshold': 35}. Best is trial 10 with value: 1.0001938787394746.
[I 2026-09-15 16:23:26,429] Trial 31 finished with value: 0.6887445749361681 and parameters: {'coeff': 3, 'AP': 8, 'alpha.condition_threshold': 50}. Best is trial 10 with value: 1.0001938787394746.
[I 2026-09-15 16:23:27,631] A new study created in memory with name: no-name-c2c859ca-4f90-4837-8ac6-fcbd7476df05
[I 2026-09-15 16:24:13,797] Trial 0 finished with value: 1.2335309937138648 and parameters: {'coeff': 6, 'AP': 58, 'alpha.condition_threshold': 40}. Best is trial 0 with value: 1.2335309937138648.
[I 2026-09-15 16:24:59,604] Trial 1 finished with value: -2.7430819102476436 and parameters: {'coeff': 1, 'AP': 33, 'alpha.condition_threshold': 65}. Best is trial 0 with value: 1.2335309937138648.
[I 2026-09-15 16:25:45,636] Trial 2 finished with value: 0.9049798268759995 and parameters: {'coeff': 8, 'AP': 45, 'alpha.condition_threshold': 35}. Best is trial 0 with value: 1.2335309937138648.
[I 2026-09-15 16:26:31,261] Trial 3 finished with value: -0.7863285008878493 and parameters: {'coeff': 1, 'AP': 23, 'alpha.condition_threshold': 75}. Best is trial 0 with value: 1.2335309937138648.
[I 2026-09-15 16:27:17,989] Trial 4 finished with value: -4.171332475924942 and parameters: {'coeff': 1, 'AP': 17, 'alpha.condition_threshold': 50}. Best is trial 0 with value: 1.2335309937138648.
[I 2026-09-15 16:28:03,745] Trial 5 finished with value: 1.5491906902109016 and parameters: {'coeff': 4, 'AP': 60, 'alpha.condition_threshold': 70}. Best is trial 5 with value: 1.5491906902109016.
[I 2026-09-15 16:28:48,317] Trial 6 finished with value: -0.38065385856152756 and parameters: {'coeff': 4, 'AP': 31, 'alpha.condition_threshold': 80}. Best is trial 5 with value: 1.5491906902109016.
[I 2026-09-15 16:29:34,199] Trial 7 finished with value: -2.656984807224885 and parameters: {'coeff': 2, 'AP': 25, 'alpha.condition_threshold': 65}. Best is trial 5 with value: 1.5491906902109016.
[I 2026-09-15 16:30:19,794] Trial 8 finished with value: -0.3622163261856679 and parameters: {'coeff': 1, 'AP': 27, 'alpha.condition_threshold': 75}. Best is trial 5 with value: 1.5491906902109016.
[I 2026-09-15 16:31:05,823] Trial 9 finished with value: 1.2596681736415665 and parameters: {'coeff': 7, 'AP': 18, 'alpha.condition_threshold': 65}. Best is trial 5 with value: 1.5491906902109016.
[I 2026-09-15 16:31:51,851] Trial 10 finished with value: 0.668855358176453 and parameters: {'coeff': 4, 'AP': 5, 'alpha.condition_threshold': 50}. Best is trial 5 with value: 1.5491906902109016.
[I 2026-09-15 16:32:37,240] Trial 11 finished with value: 0.6539009572680146 and parameters: {'coeff': 6, 'AP': 55, 'alpha.condition_threshold': 65}. Best is trial 5 with value: 1.5491906902109016.
[I 2026-09-15 16:33:22,862] Trial 12 finished with value: 1.2003527397323688 and parameters: {'coeff': 8, 'AP': 42, 'alpha.condition_threshold': 60}. Best is trial 5 with value: 1.5491906902109016.
[I 2026-09-15 16:34:08,551] Trial 13 finished with value: 0.5107666989072583 and parameters: {'coeff': 6, 'AP': 12, 'alpha.condition_threshold': 70}. Best is trial 5 with value: 1.5491906902109016.
[I 2026-09-15 16:34:54,294] Trial 14 finished with value: -0.3167063223746165 and parameters: {'coeff': 3, 'AP': 42, 'alpha.condition_threshold': 55}. Best is trial 5 with value: 1.5491906902109016.
[I 2026-09-15 16:35:37,426] Trial 15 finished with value: -inf and parameters: {'coeff': 5, 'AP': 50, 'alpha.condition_threshold': 80}. Best is trial 5 with value: 1.5491906902109016.
[I 2026-09-15 16:36:23,034] Trial 16 finished with value: 1.27356206397702 and parameters: {'coeff': 7, 'AP': 36, 'alpha.condition_threshold': 55}. Best is trial 5 with value: 1.5491906902109016.
[I 2026-09-15 16:37:10,486] Trial 17 finished with value: 0.6245005630586661 and parameters: {'coeff': 5, 'AP': 37, 'alpha.condition_threshold': 45}. Best is trial 5 with value: 1.5491906902109016.
[I 2026-09-15 16:37:57,247] Trial 18 finished with value: -0.7792978789052949 and parameters: {'coeff': 3, 'AP': 60, 'alpha.condition_threshold': 55}. Best is trial 5 with value: 1.5491906902109016.
[I 2026-09-15 16:38:42,271] Trial 19 finished with value: 0.5405192951987966 and parameters: {'coeff': 7, 'AP': 51, 'alpha.condition_threshold': 30}. Best is trial 5 with value: 1.5491906902109016.
[I 2026-09-15 16:39:27,342] Trial 20 finished with value: -0.3691392255727012 and parameters: {'coeff': 3, 'AP': 37, 'alpha.condition_threshold': 60}. Best is trial 5 with value: 1.5491906902109016.
[I 2026-09-15 16:40:14,850] Trial 21 finished with value: 0.8830604457741028 and parameters: {'coeff': 7, 'AP': 19, 'alpha.condition_threshold': 70}. Best is trial 5 with value: 1.5491906902109016.
[I 2026-09-15 16:41:02,718] Trial 22 finished with value: 1.2824462864180504 and parameters: {'coeff': 7, 'AP': 5, 'alpha.condition_threshold': 70}. Best is trial 5 with value: 1.5491906902109016.
[I 2026-09-15 16:41:52,144] Trial 23 finished with value: 0.3215316380414327 and parameters: {'coeff': 5, 'AP': 7, 'alpha.condition_threshold': 60}. Best is trial 5 with value: 1.5491906902109016.
[I 2026-09-15 16:42:41,446] Trial 24 finished with value: 0.8129162679842257 and parameters: {'coeff': 7, 'AP': 14, 'alpha.condition_threshold': 75}. Best is trial 5 with value: 1.5491906902109016.
[I 2026-09-15 16:43:29,057] Trial 25 finished with value: 0.865728858256716 and parameters: {'coeff': 8, 'AP': 50, 'alpha.condition_threshold': 50}. Best is trial 5 with value: 1.5491906902109016.
[I 2026-09-15 16:44:14,982] Trial 26 finished with value: 0.549778900390746 and parameters: {'coeff': 6, 'AP': 29, 'alpha.condition_threshold': 70}. Best is trial 5 with value: 1.5491906902109016.
[I 2026-09-15 16:45:02,663] Trial 27 finished with value: 0.7200059758444453 and parameters: {'coeff': 4, 'AP': 36, 'alpha.condition_threshold': 55}. Best is trial 5 with value: 1.5491906902109016.
[I 2026-09-15 16:45:49,804] Trial 28 finished with value: 0.1443004775959382 and parameters: {'coeff': 5, 'AP': 10, 'alpha.condition_threshold': 45}. Best is trial 5 with value: 1.5491906902109016.
[I 2026-09-15 16:46:38,671] Trial 29 finished with value: 0.8190383337891841 and parameters: {'coeff': 6, 'AP': 57, 'alpha.condition_threshold': 70}. Best is trial 5 with value: 1.5491906902109016.
[I 2026-09-15 16:47:24,913] Trial 30 finished with value: 1.180952558148925 and parameters: {'coeff': 7, 'AP': 21, 'alpha.condition_threshold': 60}. Best is trial 5 with value: 1.5491906902109016.
