[I 2026-09-14 12:38:42,790] A new study created in memory with name: no-name-fd908422-fcbd-4970-a443-0cba20737e8a
[I 2026-09-14 12:38:43,115] Trial 0 finished with value: -1.1490153482795256 and parameters: {'coeff': 6, 'AP': 58, 'alpha.condition_threshold': 40}. Best is trial 0 with value: -1.1490153482795256.
[I 2026-09-14 12:38:43,368] Trial 1 finished with value: -0.3654629286901103 and parameters: {'coeff': 1, 'AP': 33, 'alpha.condition_threshold': 65}. Best is trial 1 with value: -0.3654629286901103.
[I 2026-09-14 12:38:43,623] Trial 2 finished with value: -0.5964912533932876 and parameters: {'coeff': 8, 'AP': 45, 'alpha.condition_threshold': 35}. Best is trial 1 with value: -0.3654629286901103.
[I 2026-09-14 12:38:43,871] Trial 3 finished with value: 0.8321289276019863 and parameters: {'coeff': 1, 'AP': 23, 'alpha.condition_threshold': 75}. Best is trial 3 with value: 0.8321289276019863.
[I 2026-09-14 12:38:44,157] Trial 4 finished with value: -3.8428486455881514 and parameters: {'coeff': 1, 'AP': 17, 'alpha.condition_threshold': 50}. Best is trial 3 with value: 0.8321289276019863.
[I 2026-09-14 12:38:44,405] Trial 5 finished with value: 0.5780841486233852 and parameters: {'coeff': 4, 'AP': 60, 'alpha.condition_threshold': 70}. Best is trial 3 with value: 0.8321289276019863.
[I 2026-09-14 12:38:44,661] Trial 6 finished with value: -0.21643157257361093 and parameters: {'coeff': 4, 'AP': 31, 'alpha.condition_threshold': 80}. Best is trial 3 with value: 0.8321289276019863.
[I 2026-09-14 12:38:44,934] Trial 7 finished with value: -0.6790224272635758 and parameters: {'coeff': 2, 'AP': 25, 'alpha.condition_threshold': 65}. Best is trial 3 with value: 0.8321289276019863.
[I 2026-09-14 12:38:45,191] Trial 8 finished with value: -0.6792742632400014 and parameters: {'coeff': 1, 'AP': 27, 'alpha.condition_threshold': 75}. Best is trial 3 with value: 0.8321289276019863.
[I 2026-09-14 12:38:45,468] Trial 9 finished with value: 0.680342618543981 and parameters: {'coeff': 7, 'AP': 18, 'alpha.condition_threshold': 65}. Best is trial 3 with value: 0.8321289276019863.
[I 2026-09-14 12:38:45,739] Trial 10 finished with value: 1.0001938787394746 and parameters: {'coeff': 3, 'AP': 5, 'alpha.condition_threshold': 50}. Best is trial 10 with value: 1.0001938787394746.
[I 2026-09-14 12:38:46,033] Trial 11 finished with value: 0.69877265936952 and parameters: {'coeff': 3, 'AP': 7, 'alpha.condition_threshold': 50}. Best is trial 10 with value: 1.0001938787394746.
[I 2026-09-14 12:38:46,307] Trial 12 finished with value: 1.0001938787394746 and parameters: {'coeff': 3, 'AP': 5, 'alpha.condition_threshold': 55}. Best is trial 10 with value: 1.0001938787394746.
[I 2026-09-14 12:38:46,319] Trial 13 pruned. duplicate parameter set
[I 2026-09-14 12:38:46,575] Trial 14 finished with value: -0.21535732344245526 and parameters: {'coeff': 5, 'AP': 12, 'alpha.condition_threshold': 45}. Best is trial 10 with value: 1.0001938787394746.
[I 2026-09-14 12:38:46,830] Trial 15 finished with value: 0.02350251501335272 and parameters: {'coeff': 3, 'AP': 41, 'alpha.condition_threshold': 30}. Best is trial 10 with value: 1.0001938787394746.
[I 2026-09-14 12:39:39,732] Trial 16 finished with value: -0.18462180518200225 and parameters: {'coeff': 5, 'AP': 12, 'alpha.condition_threshold': 55}. Best is trial 10 with value: 1.0001938787394746.
[I 2026-09-14 12:40:32,006] Trial 17 finished with value: -3.024324388263683 and parameters: {'coeff': 2, 'AP': 12, 'alpha.condition_threshold': 60}. Best is trial 10 with value: 1.0001938787394746.
[I 2026-09-14 12:41:23,108] Trial 18 finished with value: -0.9672510178042673 and parameters: {'coeff': 4, 'AP': 5, 'alpha.condition_threshold': 45}. Best is trial 10 with value: 1.0001938787394746.
[I 2026-09-14 12:42:14,483] Trial 19 finished with value: -3.2490113816460147 and parameters: {'coeff': 2, 'AP': 17, 'alpha.condition_threshold': 55}. Best is trial 10 with value: 1.0001938787394746.
[I 2026-09-14 12:43:05,332] Trial 20 finished with value: -0.8053554310561687 and parameters: {'coeff': 6, 'AP': 40, 'alpha.condition_threshold': 40}. Best is trial 10 with value: 1.0001938787394746.
[I 2026-09-14 12:43:56,840] Trial 21 finished with value: -1.888601581664403 and parameters: {'coeff': 2, 'AP': 22, 'alpha.condition_threshold': 60}. Best is trial 10 with value: 1.0001938787394746.
[I 2026-09-14 12:44:51,103] Trial 22 finished with value: 0.3262755105030116 and parameters: {'coeff': 3, 'AP': 9, 'alpha.condition_threshold': 80}. Best is trial 10 with value: 1.0001938787394746.
[I 2026-09-14 12:45:41,678] Trial 23 finished with value: -3.8675100392825774 and parameters: {'coeff': 1, 'AP': 51, 'alpha.condition_threshold': 50}. Best is trial 10 with value: 1.0001938787394746.
[I 2026-09-14 12:45:41,690] Trial 24 pruned. duplicate parameter set
[I 2026-09-14 12:46:33,358] Trial 25 finished with value: -0.5087416212222575 and parameters: {'coeff': 3, 'AP': 32, 'alpha.condition_threshold': 70}. Best is trial 10 with value: 1.0001938787394746.
[I 2026-09-14 12:47:22,006] Trial 26 finished with value: -0.8697780964035728 and parameters: {'coeff': 4, 'AP': 11, 'alpha.condition_threshold': 45}. Best is trial 10 with value: 1.0001938787394746.
[I 2026-09-14 12:48:12,626] Trial 27 finished with value: -0.07392973646465059 and parameters: {'coeff': 5, 'AP': 16, 'alpha.condition_threshold': 75}. Best is trial 10 with value: 1.0001938787394746.
[I 2026-09-14 12:49:08,059] Trial 28 finished with value: -3.161501628257769 and parameters: {'coeff': 2, 'AP': 20, 'alpha.condition_threshold': 55}. Best is trial 10 with value: 1.0001938787394746.
[I 2026-09-14 12:50:00,418] Trial 29 finished with value: -1.2256504245601842 and parameters: {'coeff': 6, 'AP': 53, 'alpha.condition_threshold': 40}. Best is trial 10 with value: 1.0001938787394746.
[I 2026-09-14 12:50:51,296] Trial 30 finished with value: 0.3763115359580072 and parameters: {'coeff': 3, 'AP': 27, 'alpha.condition_threshold': 35}. Best is trial 10 with value: 1.0001938787394746.
[I 2026-09-14 12:51:42,285] Trial 31 finished with value: 0.6887445749361681 and parameters: {'coeff': 3, 'AP': 8, 'alpha.condition_threshold': 50}. Best is trial 10 with value: 1.0001938787394746.
[I 2026-09-14 12:51:43,688] A new study created in memory with name: no-name-35fabd88-4749-446f-af94-e329ff9b9c72
[I 2026-09-14 12:52:33,488] Trial 0 finished with value: 1.2335309937138648 and parameters: {'coeff': 6, 'AP': 58, 'alpha.condition_threshold': 40}. Best is trial 0 with value: 1.2335309937138648.
[I 2026-09-14 12:53:24,945] Trial 1 finished with value: -2.7430819102476436 and parameters: {'coeff': 1, 'AP': 33, 'alpha.condition_threshold': 65}. Best is trial 0 with value: 1.2335309937138648.
[I 2026-09-14 12:54:15,249] Trial 2 finished with value: 0.9049798268759995 and parameters: {'coeff': 8, 'AP': 45, 'alpha.condition_threshold': 35}. Best is trial 0 with value: 1.2335309937138648.
[I 2026-09-14 12:55:04,121] Trial 3 finished with value: -0.7863285008878493 and parameters: {'coeff': 1, 'AP': 23, 'alpha.condition_threshold': 75}. Best is trial 0 with value: 1.2335309937138648.
[I 2026-09-14 12:55:55,757] Trial 4 finished with value: -4.171332475924942 and parameters: {'coeff': 1, 'AP': 17, 'alpha.condition_threshold': 50}. Best is trial 0 with value: 1.2335309937138648.
[I 2026-09-14 12:56:46,658] Trial 5 finished with value: 1.5491906902109016 and parameters: {'coeff': 4, 'AP': 60, 'alpha.condition_threshold': 70}. Best is trial 5 with value: 1.5491906902109016.
[I 2026-09-14 12:57:36,803] Trial 6 finished with value: -0.38065385856152756 and parameters: {'coeff': 4, 'AP': 31, 'alpha.condition_threshold': 80}. Best is trial 5 with value: 1.5491906902109016.
[I 2026-09-14 12:58:29,047] Trial 7 finished with value: -2.656984807224885 and parameters: {'coeff': 2, 'AP': 25, 'alpha.condition_threshold': 65}. Best is trial 5 with value: 1.5491906902109016.
[I 2026-09-14 12:59:18,491] Trial 8 finished with value: -0.3622163261856679 and parameters: {'coeff': 1, 'AP': 27, 'alpha.condition_threshold': 75}. Best is trial 5 with value: 1.5491906902109016.
[I 2026-09-14 13:00:09,893] Trial 9 finished with value: 1.2596681736415665 and parameters: {'coeff': 7, 'AP': 18, 'alpha.condition_threshold': 65}. Best is trial 5 with value: 1.5491906902109016.
[I 2026-09-14 13:01:02,834] Trial 10 finished with value: 0.668855358176453 and parameters: {'coeff': 4, 'AP': 5, 'alpha.condition_threshold': 50}. Best is trial 5 with value: 1.5491906902109016.
[I 2026-09-14 13:02:03,859] Trial 11 finished with value: 0.6539009572680146 and parameters: {'coeff': 6, 'AP': 55, 'alpha.condition_threshold': 65}. Best is trial 5 with value: 1.5491906902109016.
[I 2026-09-14 13:02:55,999] Trial 12 finished with value: 1.2003527397323688 and parameters: {'coeff': 8, 'AP': 42, 'alpha.condition_threshold': 60}. Best is trial 5 with value: 1.5491906902109016.
[I 2026-09-14 13:03:46,522] Trial 13 finished with value: 0.5107666989072583 and parameters: {'coeff': 6, 'AP': 12, 'alpha.condition_threshold': 70}. Best is trial 5 with value: 1.5491906902109016.
[I 2026-09-14 13:04:36,673] Trial 14 finished with value: -0.3167063223746165 and parameters: {'coeff': 3, 'AP': 42, 'alpha.condition_threshold': 55}. Best is trial 5 with value: 1.5491906902109016.
[I 2026-09-14 13:05:24,071] Trial 15 finished with value: -inf and parameters: {'coeff': 5, 'AP': 50, 'alpha.condition_threshold': 80}. Best is trial 5 with value: 1.5491906902109016.
[I 2026-09-14 13:06:14,245] Trial 16 finished with value: 1.27356206397702 and parameters: {'coeff': 7, 'AP': 36, 'alpha.condition_threshold': 55}. Best is trial 5 with value: 1.5491906902109016.
[I 2026-09-14 13:07:05,415] Trial 17 finished with value: 0.6245005630586661 and parameters: {'coeff': 5, 'AP': 37, 'alpha.condition_threshold': 45}. Best is trial 5 with value: 1.5491906902109016.
[I 2026-09-14 13:07:56,213] Trial 18 finished with value: -0.7792978789052949 and parameters: {'coeff': 3, 'AP': 60, 'alpha.condition_threshold': 55}. Best is trial 5 with value: 1.5491906902109016.
[I 2026-09-14 13:08:47,430] Trial 19 finished with value: 0.5405192951987966 and parameters: {'coeff': 7, 'AP': 51, 'alpha.condition_threshold': 30}. Best is trial 5 with value: 1.5491906902109016.
[I 2026-09-14 13:09:40,193] Trial 20 finished with value: -0.3691392255727012 and parameters: {'coeff': 3, 'AP': 37, 'alpha.condition_threshold': 60}. Best is trial 5 with value: 1.5491906902109016.
[I 2026-09-14 13:10:32,018] Trial 21 finished with value: 0.8830604457741028 and parameters: {'coeff': 7, 'AP': 19, 'alpha.condition_threshold': 70}. Best is trial 5 with value: 1.5491906902109016.
[I 2026-09-14 13:11:32,567] Trial 22 finished with value: 1.2824462864180504 and parameters: {'coeff': 7, 'AP': 5, 'alpha.condition_threshold': 70}. Best is trial 5 with value: 1.5491906902109016.
[I 2026-09-14 13:12:23,442] Trial 23 finished with value: 0.3215316380414327 and parameters: {'coeff': 5, 'AP': 7, 'alpha.condition_threshold': 60}. Best is trial 5 with value: 1.5491906902109016.
[I 2026-09-14 13:13:15,777] Trial 24 finished with value: 0.8129162679842257 and parameters: {'coeff': 7, 'AP': 14, 'alpha.condition_threshold': 75}. Best is trial 5 with value: 1.5491906902109016.
[I 2026-09-14 13:14:07,576] Trial 25 finished with value: 0.865728858256716 and parameters: {'coeff': 8, 'AP': 50, 'alpha.condition_threshold': 50}. Best is trial 5 with value: 1.5491906902109016.
[I 2026-09-14 13:14:58,097] Trial 26 finished with value: 0.549778900390746 and parameters: {'coeff': 6, 'AP': 29, 'alpha.condition_threshold': 70}. Best is trial 5 with value: 1.5491906902109016.
[I 2026-09-14 13:15:50,797] Trial 27 finished with value: 0.7200059758444453 and parameters: {'coeff': 4, 'AP': 36, 'alpha.condition_threshold': 55}. Best is trial 5 with value: 1.5491906902109016.
[I 2026-09-14 13:16:42,211] Trial 28 finished with value: 0.1443004775959382 and parameters: {'coeff': 5, 'AP': 10, 'alpha.condition_threshold': 45}. Best is trial 5 with value: 1.5491906902109016.
[I 2026-09-14 13:17:32,533] Trial 29 finished with value: 0.8190383337891841 and parameters: {'coeff': 6, 'AP': 57, 'alpha.condition_threshold': 70}. Best is trial 5 with value: 1.5491906902109016.
[I 2026-09-14 13:18:24,303] Trial 30 finished with value: 1.180952558148925 and parameters: {'coeff': 7, 'AP': 21, 'alpha.condition_threshold': 60}. Best is trial 5 with value: 1.5491906902109016.
[I 2026-09-14 13:19:15,566] Trial 31 finished with value: 1.2858581912385945 and parameters: {'coeff': 7, 'AP': 16, 'alpha.condition_threshold': 65}. Best is trial 5 with value: 1.5491906902109016.
[I 2026-09-14 13:19:16,782] A new study created in memory with name: no-name-22b37964-f4a3-40c8-8fc1-2a378d0cbaa2
[I 2026-09-14 13:20:09,919] Trial 0 finished with value: 0.3580692189685246 and parameters: {'coeff': 6, 'AP': 58, 'alpha.condition_threshold': 40}. Best is trial 0 with value: 0.3580692189685246.
[I 2026-09-14 13:21:02,338] Trial 1 finished with value: -1.1841964808824923 and parameters: {'coeff': 1, 'AP': 33, 'alpha.condition_threshold': 65}. Best is trial 0 with value: 0.3580692189685246.
[I 2026-09-14 13:21:52,702] Trial 2 finished with value: 0.02227573884646452 and parameters: {'coeff': 8, 'AP': 45, 'alpha.condition_threshold': 35}. Best is trial 0 with value: 0.3580692189685246.
[I 2026-09-14 13:22:43,371] Trial 3 finished with value: -0.751593365425602 and parameters: {'coeff': 1, 'AP': 23, 'alpha.condition_threshold': 75}. Best is trial 0 with value: 0.3580692189685246.
