[I 2026-09-17 16:47:10,676] Trial 12 finished with value: -3.435279166304771 and parameters: {'coeff': 1, 'AP': 15, 'alpha.condition_threshold': 75}. Best is trial 8 with value: 0.36682488422694026.
[I 2026-09-17 16:48:01,263] Trial 13 finished with value: -3.603257370944266 and parameters: {'coeff': 3, 'AP': 23, 'alpha.condition_threshold': 55}. Best is trial 8 with value: 0.36682488422694026.
[I 2026-09-17 16:48:50,612] Trial 14 finished with value: -3.04121041880779 and parameters: {'coeff': 5, 'AP': 7, 'alpha.condition_threshold': 70}. Best is trial 8 with value: 0.36682488422694026.
[I 2026-09-17 16:49:41,270] Trial 15 finished with value: -3.0291110543208295 and parameters: {'coeff': 2, 'AP': 46, 'alpha.condition_threshold': 60}. Best is trial 8 with value: 0.36682488422694026.
[I 2026-09-17 16:50:30,213] Trial 16 finished with value: -1.1531001864362846 and parameters: {'coeff': 3, 'AP': 28, 'alpha.condition_threshold': 75}. Best is trial 8 with value: 0.36682488422694026.
[I 2026-09-17 16:51:21,153] Trial 17 finished with value: -1.0960156121786215 and parameters: {'coeff': 1, 'AP': 38, 'alpha.condition_threshold': 75}. Best is trial 8 with value: 0.36682488422694026.
[I 2026-09-17 16:52:12,444] Trial 18 finished with value: -2.4653264557494197 and parameters: {'coeff': 5, 'AP': 11, 'alpha.condition_threshold': 55}. Best is trial 8 with value: 0.36682488422694026.
[I 2026-09-17 16:53:03,604] Trial 19 finished with value: -2.9204143338885493 and parameters: {'coeff': 2, 'AP': 22, 'alpha.condition_threshold': 30}. Best is trial 8 with value: 0.36682488422694026.
[I 2026-09-17 16:53:52,169] Trial 20 finished with value: -inf and parameters: {'coeff': 3, 'AP': 36, 'alpha.condition_threshold': 80}. Best is trial 8 with value: 0.36682488422694026.
[I 2026-09-17 16:54:40,574] Trial 21 finished with value: -2.837695420201601 and parameters: {'coeff': 4, 'AP': 30, 'alpha.condition_threshold': 80}. Best is trial 8 with value: 0.36682488422694026.
[I 2026-09-17 16:55:30,373] Trial 22 finished with value: -2.3489986756296894 and parameters: {'coeff': 6, 'AP': 29, 'alpha.condition_threshold': 70}. Best is trial 8 with value: 0.36682488422694026.
[I 2026-09-17 16:56:20,255] Trial 23 finished with value: -0.28169039349111785 and parameters: {'coeff': 2, 'AP': 22, 'alpha.condition_threshold': 80}. Best is trial 8 with value: 0.36682488422694026.
[I 2026-09-17 16:57:11,852] Trial 24 finished with value: -1.4951129029990007 and parameters: {'coeff': 1, 'AP': 19, 'alpha.condition_threshold': 75}. Best is trial 8 with value: 0.36682488422694026.
[I 2026-09-17 16:58:03,089] Trial 25 finished with value: -3.442559061690394 and parameters: {'coeff': 2, 'AP': 12, 'alpha.condition_threshold': 70}. Best is trial 8 with value: 0.36682488422694026.
[I 2026-09-17 16:58:51,601] Trial 26 finished with value: -0.20695076769437076 and parameters: {'coeff': 1, 'AP': 24, 'alpha.condition_threshold': 75}. Best is trial 8 with value: 0.36682488422694026.
[I 2026-09-17 16:59:41,963] Trial 27 finished with value: -3.839360268848117 and parameters: {'coeff': 2, 'AP': 42, 'alpha.condition_threshold': 60}. Best is trial 8 with value: 0.36682488422694026.
[I 2026-09-17 17:00:34,466] Trial 28 finished with value: -4.3663343131955195 and parameters: {'coeff': 1, 'AP': 26, 'alpha.condition_threshold': 45}. Best is trial 8 with value: 0.36682488422694026.
[I 2026-09-17 17:01:22,380] Trial 29 finished with value: -inf and parameters: {'coeff': 3, 'AP': 53, 'alpha.condition_threshold': 80}. Best is trial 8 with value: 0.36682488422694026.
[I 2026-09-17 17:02:12,485] Trial 30 finished with value: -3.845756086372384 and parameters: {'coeff': 2, 'AP': 35, 'alpha.condition_threshold': 60}. Best is trial 8 with value: 0.36682488422694026.
[I 2026-09-17 17:03:02,166] Trial 31 finished with value: -1.6182001185287063 and parameters: {'coeff': 1, 'AP': 21, 'alpha.condition_threshold': 75}. Best is trial 8 with value: 0.36682488422694026.
[I 2026-09-17 17:03:03,551] A new study created in memory with name: no-name-02ec6891-4667-4ff5-b53e-9a04af1be86e
[I 2026-09-17 17:03:54,051] Trial 0 finished with value: -1.1490153482795256 and parameters: {'coeff': 6, 'AP': 58, 'alpha.condition_threshold': 40}. Best is trial 0 with value: -1.1490153482795256.
[I 2026-09-17 17:04:45,268] Trial 1 finished with value: -0.3654629286901103 and parameters: {'coeff': 1, 'AP': 33, 'alpha.condition_threshold': 65}. Best is trial 1 with value: -0.3654629286901103.
[I 2026-09-17 17:05:37,289] Trial 2 finished with value: -0.5964912533932876 and parameters: {'coeff': 8, 'AP': 45, 'alpha.condition_threshold': 35}. Best is trial 1 with value: -0.3654629286901103.
[I 2026-09-17 17:06:26,795] Trial 3 finished with value: 0.8321289276019863 and parameters: {'coeff': 1, 'AP': 23, 'alpha.condition_threshold': 75}. Best is trial 3 with value: 0.8321289276019863.
[I 2026-09-17 17:07:17,709] Trial 4 finished with value: -3.8428486455881514 and parameters: {'coeff': 1, 'AP': 17, 'alpha.condition_threshold': 50}. Best is trial 3 with value: 0.8321289276019863.
[I 2026-09-17 17:08:06,541] Trial 5 finished with value: 0.5780841486233852 and parameters: {'coeff': 4, 'AP': 60, 'alpha.condition_threshold': 70}. Best is trial 3 with value: 0.8321289276019863.
[I 2026-09-17 17:08:58,025] Trial 6 finished with value: -0.21643157257361093 and parameters: {'coeff': 4, 'AP': 31, 'alpha.condition_threshold': 80}. Best is trial 3 with value: 0.8321289276019863.
[I 2026-09-17 17:09:47,569] Trial 7 finished with value: -0.6790224272635758 and parameters: {'coeff': 2, 'AP': 25, 'alpha.condition_threshold': 65}. Best is trial 3 with value: 0.8321289276019863.
[I 2026-09-17 17:10:36,335] Trial 8 finished with value: -0.6792742632400014 and parameters: {'coeff': 1, 'AP': 27, 'alpha.condition_threshold': 75}. Best is trial 3 with value: 0.8321289276019863.
[I 2026-09-17 17:11:26,340] Trial 9 finished with value: 0.680342618543981 and parameters: {'coeff': 7, 'AP': 18, 'alpha.condition_threshold': 65}. Best is trial 3 with value: 0.8321289276019863.
[I 2026-09-17 17:12:16,364] Trial 10 finished with value: 1.0001938787394746 and parameters: {'coeff': 3, 'AP': 5, 'alpha.condition_threshold': 50}. Best is trial 10 with value: 1.0001938787394746.
[I 2026-09-17 17:13:07,450] Trial 11 finished with value: 0.69877265936952 and parameters: {'coeff': 3, 'AP': 7, 'alpha.condition_threshold': 50}. Best is trial 10 with value: 1.0001938787394746.
[I 2026-09-17 17:13:58,255] Trial 12 finished with value: 1.0001938787394746 and parameters: {'coeff': 3, 'AP': 5, 'alpha.condition_threshold': 55}. Best is trial 10 with value: 1.0001938787394746.
[I 2026-09-17 17:13:58,267] Trial 13 pruned. duplicate parameter set
[I 2026-09-17 17:14:47,496] Trial 14 finished with value: -0.21535732344245526 and parameters: {'coeff': 5, 'AP': 12, 'alpha.condition_threshold': 45}. Best is trial 10 with value: 1.0001938787394746.
[I 2026-09-17 17:15:38,584] Trial 15 finished with value: 0.02350251501335272 and parameters: {'coeff': 3, 'AP': 41, 'alpha.condition_threshold': 30}. Best is trial 10 with value: 1.0001938787394746.
[I 2026-09-17 17:16:28,492] Trial 16 finished with value: -0.18462180518200225 and parameters: {'coeff': 5, 'AP': 12, 'alpha.condition_threshold': 55}. Best is trial 10 with value: 1.0001938787394746.
[I 2026-09-17 17:17:19,360] Trial 17 finished with value: -3.024324388263683 and parameters: {'coeff': 2, 'AP': 12, 'alpha.condition_threshold': 60}. Best is trial 10 with value: 1.0001938787394746.
[I 2026-09-17 17:18:10,802] Trial 18 finished with value: -0.9672510178042673 and parameters: {'coeff': 4, 'AP': 5, 'alpha.condition_threshold': 45}. Best is trial 10 with value: 1.0001938787394746.
[I 2026-09-17 17:19:03,611] Trial 19 finished with value: -3.2490113816460147 and parameters: {'coeff': 2, 'AP': 17, 'alpha.condition_threshold': 55}. Best is trial 10 with value: 1.0001938787394746.
[I 2026-09-17 17:19:54,534] Trial 20 finished with value: -0.8053554310561687 and parameters: {'coeff': 6, 'AP': 40, 'alpha.condition_threshold': 40}. Best is trial 10 with value: 1.0001938787394746.
[I 2026-09-17 17:20:43,804] Trial 21 finished with value: -1.888601581664403 and parameters: {'coeff': 2, 'AP': 22, 'alpha.condition_threshold': 60}. Best is trial 10 with value: 1.0001938787394746.
[I 2026-09-17 17:21:32,600] Trial 22 finished with value: 0.3262755105030116 and parameters: {'coeff': 3, 'AP': 9, 'alpha.condition_threshold': 80}. Best is trial 10 with value: 1.0001938787394746.
[I 2026-09-17 17:22:22,650] Trial 23 finished with value: -3.8675100392825774 and parameters: {'coeff': 1, 'AP': 51, 'alpha.condition_threshold': 50}. Best is trial 10 with value: 1.0001938787394746.
[I 2026-09-17 17:22:22,660] Trial 24 pruned. duplicate parameter set
[I 2026-09-17 17:23:12,069] Trial 25 finished with value: -0.5087416212222575 and parameters: {'coeff': 3, 'AP': 32, 'alpha.condition_threshold': 70}. Best is trial 10 with value: 1.0001938787394746.
[I 2026-09-17 17:24:00,844] Trial 26 finished with value: -0.8697780964035728 and parameters: {'coeff': 4, 'AP': 11, 'alpha.condition_threshold': 45}. Best is trial 10 with value: 1.0001938787394746.
[I 2026-09-17 17:24:50,288] Trial 27 finished with value: -0.07392973646465059 and parameters: {'coeff': 5, 'AP': 16, 'alpha.condition_threshold': 75}. Best is trial 10 with value: 1.0001938787394746.
[I 2026-09-17 17:25:40,916] Trial 28 finished with value: -3.161501628257769 and parameters: {'coeff': 2, 'AP': 20, 'alpha.condition_threshold': 55}. Best is trial 10 with value: 1.0001938787394746.
[I 2026-09-17 17:26:31,578] Trial 29 finished with value: -1.2256504245601842 and parameters: {'coeff': 6, 'AP': 53, 'alpha.condition_threshold': 40}. Best is trial 10 with value: 1.0001938787394746.
[I 2026-09-17 17:27:20,891] Trial 30 finished with value: 0.3763115359580072 and parameters: {'coeff': 3, 'AP': 27, 'alpha.condition_threshold': 35}. Best is trial 10 with value: 1.0001938787394746.
[I 2026-09-17 17:28:10,015] Trial 31 finished with value: 0.6887445749361681 and parameters: {'coeff': 3, 'AP': 8, 'alpha.condition_threshold': 50}. Best is trial 10 with value: 1.0001938787394746.
[I 2026-09-17 17:28:11,329] A new study created in memory with name: no-name-1073953d-4bba-4472-8a7d-3e8dff9cd9ba
[I 2026-09-17 17:29:00,364] Trial 0 finished with value: 1.2335309937138648 and parameters: {'coeff': 6, 'AP': 58, 'alpha.condition_threshold': 40}. Best is trial 0 with value: 1.2335309937138648.
[I 2026-09-17 17:29:50,669] Trial 1 finished with value: -2.7430819102476436 and parameters: {'coeff': 1, 'AP': 33, 'alpha.condition_threshold': 65}. Best is trial 0 with value: 1.2335309937138648.
[I 2026-09-17 17:30:40,101] Trial 2 finished with value: 0.9049798268759995 and parameters: {'coeff': 8, 'AP': 45, 'alpha.condition_threshold': 35}. Best is trial 0 with value: 1.2335309937138648.
[I 2026-09-17 17:31:29,011] Trial 3 finished with value: -0.7863285008878493 and parameters: {'coeff': 1, 'AP': 23, 'alpha.condition_threshold': 75}. Best is trial 0 with value: 1.2335309937138648.
[I 2026-09-17 17:32:20,318] Trial 4 finished with value: -4.171332475924942 and parameters: {'coeff': 1, 'AP': 17, 'alpha.condition_threshold': 50}. Best is trial 0 with value: 1.2335309937138648.
[I 2026-09-17 17:33:09,149] Trial 5 finished with value: 1.5491906902109016 and parameters: {'coeff': 4, 'AP': 60, 'alpha.condition_threshold': 70}. Best is trial 5 with value: 1.5491906902109016.
[I 2026-09-17 17:33:59,139] Trial 6 finished with value: -0.38065385856152756 and parameters: {'coeff': 4, 'AP': 31, 'alpha.condition_threshold': 80}. Best is trial 5 with value: 1.5491906902109016.
[I 2026-09-17 17:34:54,402] Trial 7 finished with value: -2.656984807224885 and parameters: {'coeff': 2, 'AP': 25, 'alpha.condition_threshold': 65}. Best is trial 5 with value: 1.5491906902109016.
[I 2026-09-17 17:35:46,004] Trial 8 finished with value: -0.3622163261856679 and parameters: {'coeff': 1, 'AP': 27, 'alpha.condition_threshold': 75}. Best is trial 5 with value: 1.5491906902109016.
[I 2026-09-17 17:36:41,614] Trial 9 finished with value: 1.2596681736415665 and parameters: {'coeff': 7, 'AP': 18, 'alpha.condition_threshold': 65}. Best is trial 5 with value: 1.5491906902109016.
[I 2026-09-17 17:37:31,944] Trial 10 finished with value: 0.668855358176453 and parameters: {'coeff': 4, 'AP': 5, 'alpha.condition_threshold': 50}. Best is trial 5 with value: 1.5491906902109016.
[I 2026-09-17 17:38:20,024] Trial 11 finished with value: 0.6539009572680146 and parameters: {'coeff': 6, 'AP': 55, 'alpha.condition_threshold': 65}. Best is trial 5 with value: 1.5491906902109016.
[I 2026-09-17 17:39:09,717] Trial 12 finished with value: 1.2003527397323688 and parameters: {'coeff': 8, 'AP': 42, 'alpha.condition_threshold': 60}. Best is trial 5 with value: 1.5491906902109016.
[I 2026-09-17 17:40:01,323] Trial 13 finished with value: 0.5107666989072583 and parameters: {'coeff': 6, 'AP': 12, 'alpha.condition_threshold': 70}. Best is trial 5 with value: 1.5491906902109016.
[I 2026-09-17 17:40:51,017] Trial 14 finished with value: -0.3167063223746165 and parameters: {'coeff': 3, 'AP': 42, 'alpha.condition_threshold': 55}. Best is trial 5 with value: 1.5491906902109016.
[I 2026-09-17 17:41:38,531] Trial 15 finished with value: -inf and parameters: {'coeff': 5, 'AP': 50, 'alpha.condition_threshold': 80}. Best is trial 5 with value: 1.5491906902109016.
[I 2026-09-17 17:42:30,777] Trial 16 finished with value: 1.27356206397702 and parameters: {'coeff': 7, 'AP': 36, 'alpha.condition_threshold': 55}. Best is trial 5 with value: 1.5491906902109016.
[I 2026-09-17 17:43:19,837] Trial 17 finished with value: 0.6245005630586661 and parameters: {'coeff': 5, 'AP': 37, 'alpha.condition_threshold': 45}. Best is trial 5 with value: 1.5491906902109016.
[I 2026-09-17 17:44:09,085] Trial 18 finished with value: -0.7792978789052949 and parameters: {'coeff': 3, 'AP': 60, 'alpha.condition_threshold': 55}. Best is trial 5 with value: 1.5491906902109016.
[I 2026-09-17 17:44:57,245] Trial 19 finished with value: 0.5405192951987966 and parameters: {'coeff': 7, 'AP': 51, 'alpha.condition_threshold': 30}. Best is trial 5 with value: 1.5491906902109016.
[I 2026-09-17 17:45:47,108] Trial 20 finished with value: -0.3691392255727012 and parameters: {'coeff': 3, 'AP': 37, 'alpha.condition_threshold': 60}. Best is trial 5 with value: 1.5491906902109016.
[I 2026-09-17 17:46:38,136] Trial 21 finished with value: 0.8830604457741028 and parameters: {'coeff': 7, 'AP': 19, 'alpha.condition_threshold': 70}. Best is trial 5 with value: 1.5491906902109016.
[I 2026-09-17 17:47:27,280] Trial 22 finished with value: 1.2824462864180504 and parameters: {'coeff': 7, 'AP': 5, 'alpha.condition_threshold': 70}. Best is trial 5 with value: 1.5491906902109016.
[I 2026-09-17 17:48:17,517] Trial 23 finished with value: 0.3215316380414327 and parameters: {'coeff': 5, 'AP': 7, 'alpha.condition_threshold': 60}. Best is trial 5 with value: 1.5491906902109016.
[I 2026-09-17 17:49:08,808] Trial 24 finished with value: 0.8129162679842257 and parameters: {'coeff': 7, 'AP': 14, 'alpha.condition_threshold': 75}. Best is trial 5 with value: 1.5491906902109016.
[I 2026-09-17 17:49:58,974] Trial 25 finished with value: 0.865728858256716 and parameters: {'coeff': 8, 'AP': 50, 'alpha.condition_threshold': 50}. Best is trial 5 with value: 1.5491906902109016.
[I 2026-09-17 17:50:47,970] Trial 26 finished with value: 0.549778900390746 and parameters: {'coeff': 6, 'AP': 29, 'alpha.condition_threshold': 70}. Best is trial 5 with value: 1.5491906902109016.
[I 2026-09-17 17:51:37,083] Trial 27 finished with value: 0.7200059758444453 and parameters: {'coeff': 4, 'AP': 36, 'alpha.condition_threshold': 55}. Best is trial 5 with value: 1.5491906902109016.
[I 2026-09-17 17:52:27,442] Trial 28 finished with value: 0.1443004775959382 and parameters: {'coeff': 5, 'AP': 10, 'alpha.condition_threshold': 45}. Best is trial 5 with value: 1.5491906902109016.
[I 2026-09-17 17:53:17,055] Trial 29 finished with value: 0.8190383337891841 and parameters: {'coeff': 6, 'AP': 57, 'alpha.condition_threshold': 70}. Best is trial 5 with value: 1.5491906902109016.
[I 2026-09-17 17:54:06,372] Trial 30 finished with value: 1.180952558148925 and parameters: {'coeff': 7, 'AP': 21, 'alpha.condition_threshold': 60}. Best is trial 5 with value: 1.5491906902109016.
[I 2026-09-17 17:54:58,508] Trial 31 finished with value: 1.2858581912385945 and parameters: {'coeff': 7, 'AP': 16, 'alpha.condition_threshold': 65}. Best is trial 5 with value: 1.5491906902109016.
[I 2026-09-17 17:54:59,917] A new study created in memory with name: no-name-f19f47e3-3b8a-46b6-bc00-357fe2b36776
[I 2026-09-17 17:55:49,095] Trial 0 finished with value: 0.3580692189685246 and parameters: {'coeff': 6, 'AP': 58, 'alpha.condition_threshold': 40}. Best is trial 0 with value: 0.3580692189685246.
[I 2026-09-17 17:56:37,299] Trial 1 finished with value: -1.1841964808824923 and parameters: {'coeff': 1, 'AP': 33, 'alpha.condition_threshold': 65}. Best is trial 0 with value: 0.3580692189685246.
[I 2026-09-17 17:57:24,777] Trial 2 finished with value: 0.02227573884646452 and parameters: {'coeff': 8, 'AP': 45, 'alpha.condition_threshold': 35}. Best is trial 0 with value: 0.3580692189685246.
[I 2026-09-17 17:58:12,759] Trial 3 finished with value: -0.751593365425602 and parameters: {'coeff': 1, 'AP': 23, 'alpha.condition_threshold': 75}. Best is trial 0 with value: 0.3580692189685246.
[I 2026-09-17 17:59:03,168] Trial 4 finished with value: -2.9911858959185977 and parameters: {'coeff': 1, 'AP': 17, 'alpha.condition_threshold': 50}. Best is trial 0 with value: 0.3580692189685246.
[I 2026-09-17 17:59:51,332] Trial 5 finished with value: -0.053539880239855495 and parameters: {'coeff': 4, 'AP': 60, 'alpha.condition_threshold': 70}. Best is trial 0 with value: 0.3580692189685246.
[I 2026-09-17 18:00:39,412] Trial 6 finished with value: -1.8635742640472415 and parameters: {'coeff': 4, 'AP': 31, 'alpha.condition_threshold': 80}. Best is trial 0 with value: 0.3580692189685246.
[I 2026-09-17 18:01:30,217] Trial 7 finished with value: -0.5166127491119971 and parameters: {'coeff': 2, 'AP': 25, 'alpha.condition_threshold': 65}. Best is trial 0 with value: 0.3580692189685246.
[I 2026-09-17 18:02:20,354] Trial 8 finished with value: -1.0042273935356225 and parameters: {'coeff': 1, 'AP': 27, 'alpha.condition_threshold': 75}. Best is trial 0 with value: 0.3580692189685246.
[I 2026-09-17 18:03:09,790] Trial 9 finished with value: 0.20882165675423514 and parameters: {'coeff': 7, 'AP': 18, 'alpha.condition_threshold': 65}. Best is trial 0 with value: 0.3580692189685246.
[I 2026-09-17 18:04:00,522] Trial 10 finished with value: 0.6451884258722499 and parameters: {'coeff': 6, 'AP': 5, 'alpha.condition_threshold': 30}. Best is trial 10 with value: 0.6451884258722499.
[I 2026-09-17 18:04:50,437] Trial 11 finished with value: 0.5404767643862645 and parameters: {'coeff': 6, 'AP': 7, 'alpha.condition_threshold': 30}. Best is trial 10 with value: 0.6451884258722499.
[I 2026-09-17 18:04:50,449] Trial 12 pruned. duplicate parameter set
[I 2026-09-17 18:05:41,348] Trial 13 finished with value: 0.026758550425129764 and parameters: {'coeff': 5, 'AP': 5, 'alpha.condition_threshold': 45}. Best is trial 10 with value: 0.6451884258722499.
[I 2026-09-17 18:06:30,888] Trial 14 finished with value: 0.5777976254051702 and parameters: {'coeff': 6, 'AP': 12, 'alpha.condition_threshold': 30}. Best is trial 10 with value: 0.6451884258722499.
[I 2026-09-17 18:07:19,304] Trial 15 finished with value: 0.22179883887752258 and parameters: {'coeff': 8, 'AP': 13, 'alpha.condition_threshold': 55}. Best is trial 10 with value: 0.6451884258722499.
[I 2026-09-17 18:08:09,561] Trial 16 finished with value: 0.07170583916187263 and parameters: {'coeff': 5, 'AP': 12, 'alpha.condition_threshold': 40}. Best is trial 10 with value: 0.6451884258722499.
[I 2026-09-17 18:09:00,049] Trial 17 finished with value: -0.244821696676178 and parameters: {'coeff': 3, 'AP': 40, 'alpha.condition_threshold': 35}. Best is trial 10 with value: 0.6451884258722499.
[I 2026-09-17 18:09:49,089] Trial 18 finished with value: 0.04545567593244231 and parameters: {'coeff': 7, 'AP': 12, 'alpha.condition_threshold': 45}. Best is trial 10 with value: 0.6451884258722499.
[I 2026-09-17 18:10:37,389] Trial 19 finished with value: 0.23722069566277518 and parameters: {'coeff': 7, 'AP': 20, 'alpha.condition_threshold': 30}. Best is trial 10 with value: 0.6451884258722499.
[I 2026-09-17 18:11:25,719] Trial 20 finished with value: 0.2736890444770868 and parameters: {'coeff': 5, 'AP': 11, 'alpha.condition_threshold': 55}. Best is trial 10 with value: 0.6451884258722499.
[I 2026-09-17 18:11:25,730] Trial 21 pruned. duplicate parameter set
[I 2026-09-17 18:12:17,470] Trial 22 finished with value: 0.719216552288568 and parameters: {'coeff': 6, 'AP': 10, 'alpha.condition_threshold': 35}. Best is trial 22 with value: 0.719216552288568.
[I 2026-09-17 18:13:07,280] Trial 23 finished with value: -0.18807834228779688 and parameters: {'coeff': 7, 'AP': 15, 'alpha.condition_threshold': 35}. Best is trial 22 with value: 0.719216552288568.
[I 2026-09-17 18:13:55,991] Trial 24 finished with value: 0.19792755576409457 and parameters: {'coeff': 5, 'AP': 9, 'alpha.condition_threshold': 40}. Best is trial 22 with value: 0.719216552288568.
[I 2026-09-17 18:14:45,950] Trial 25 finished with value: 0.6357641748622335 and parameters: {'coeff': 6, 'AP': 21, 'alpha.condition_threshold': 35}. Best is trial 22 with value: 0.719216552288568.
[I 2026-09-17 18:15:35,878] Trial 26 finished with value: -0.15261272809538093 and parameters: {'coeff': 4, 'AP': 21, 'alpha.condition_threshold': 45}. Best is trial 22 with value: 0.719216552288568.
