[I 2026-09-17 12:15:14,035] A new study created in memory with name: no-name-8e48c2b8-1344-44f6-9c6e-d6aefe77b184
[I 2026-09-17 12:16:04,211] Trial 0 finished with value: -1.1529188586902877 and parameters: {'coeff': 6, 'AP': 58, 'alpha.condition_threshold': 40}. Best is trial 0 with value: -1.1529188586902877.
[I 2026-09-17 12:16:54,363] Trial 1 finished with value: -0.10431849270130766 and parameters: {'coeff': 1, 'AP': 33, 'alpha.condition_threshold': 65}. Best is trial 1 with value: -0.10431849270130766.
[I 2026-09-17 12:17:44,169] Trial 2 finished with value: -0.6958525196942216 and parameters: {'coeff': 8, 'AP': 45, 'alpha.condition_threshold': 35}. Best is trial 1 with value: -0.10431849270130766.
[I 2026-09-17 12:18:30,720] Trial 3 finished with value: -0.1840430985135227 and parameters: {'coeff': 1, 'AP': 23, 'alpha.condition_threshold': 75}. Best is trial 1 with value: -0.10431849270130766.
[I 2026-09-17 12:19:19,438] Trial 4 finished with value: -1.9846870797203708 and parameters: {'coeff': 1, 'AP': 17, 'alpha.condition_threshold': 50}. Best is trial 1 with value: -0.10431849270130766.
[I 2026-09-17 12:20:07,052] Trial 5 finished with value: -0.4115648733291384 and parameters: {'coeff': 4, 'AP': 60, 'alpha.condition_threshold': 70}. Best is trial 1 with value: -0.10431849270130766.
[I 2026-09-17 12:20:53,511] Trial 6 finished with value: 1.0501836502293123 and parameters: {'coeff': 4, 'AP': 31, 'alpha.condition_threshold': 80}. Best is trial 6 with value: 1.0501836502293123.
[I 2026-09-17 12:21:41,919] Trial 7 finished with value: -1.0516562054052492 and parameters: {'coeff': 2, 'AP': 25, 'alpha.condition_threshold': 65}. Best is trial 6 with value: 1.0501836502293123.
[I 2026-09-17 12:22:30,770] Trial 8 finished with value: -2.2214814899675486 and parameters: {'coeff': 1, 'AP': 27, 'alpha.condition_threshold': 75}. Best is trial 6 with value: 1.0501836502293123.
[I 2026-09-17 12:23:19,176] Trial 9 finished with value: -1.2209196496121304 and parameters: {'coeff': 7, 'AP': 18, 'alpha.condition_threshold': 65}. Best is trial 6 with value: 1.0501836502293123.
[I 2026-09-17 12:24:07,178] Trial 10 finished with value: 0.3538876740566629 and parameters: {'coeff': 4, 'AP': 5, 'alpha.condition_threshold': 50}. Best is trial 6 with value: 1.0501836502293123.
[I 2026-09-17 12:24:55,960] Trial 11 finished with value: 0.23698760883182282 and parameters: {'coeff': 4, 'AP': 7, 'alpha.condition_threshold': 50}. Best is trial 6 with value: 1.0501836502293123.
[I 2026-09-17 12:25:43,597] Trial 12 finished with value: -0.8111870441054544 and parameters: {'coeff': 5, 'AP': 5, 'alpha.condition_threshold': 55}. Best is trial 6 with value: 1.0501836502293123.
[I 2026-09-17 12:26:30,609] Trial 13 finished with value: -inf and parameters: {'coeff': 3, 'AP': 38, 'alpha.condition_threshold': 80}. Best is trial 6 with value: 1.0501836502293123.
[I 2026-09-17 12:27:18,128] Trial 14 finished with value: -1.1757308385054848 and parameters: {'coeff': 5, 'AP': 47, 'alpha.condition_threshold': 45}. Best is trial 6 with value: 1.0501836502293123.
[I 2026-09-17 12:28:05,662] Trial 15 finished with value: -1.846118684114533 and parameters: {'coeff': 3, 'AP': 13, 'alpha.condition_threshold': 30}. Best is trial 6 with value: 1.0501836502293123.
[I 2026-09-17 12:28:53,387] Trial 16 finished with value: -1.1174981058292737 and parameters: {'coeff': 3, 'AP': 42, 'alpha.condition_threshold': 55}. Best is trial 6 with value: 1.0501836502293123.
[I 2026-09-17 12:29:41,929] Trial 17 finished with value: -0.2897791163531819 and parameters: {'coeff': 6, 'AP': 34, 'alpha.condition_threshold': 60}. Best is trial 6 with value: 1.0501836502293123.
[I 2026-09-17 12:30:31,666] Trial 18 finished with value: 0.10841844566065527 and parameters: {'coeff': 4, 'AP': 11, 'alpha.condition_threshold': 45}. Best is trial 6 with value: 1.0501836502293123.
[I 2026-09-17 12:31:16,538] Trial 19 finished with value: -inf and parameters: {'coeff': 6, 'AP': 54, 'alpha.condition_threshold': 80}. Best is trial 6 with value: 1.0501836502293123.
[I 2026-09-17 12:32:04,534] Trial 20 finished with value: -1.0758452255727116 and parameters: {'coeff': 5, 'AP': 29, 'alpha.condition_threshold': 55}. Best is trial 6 with value: 1.0501836502293123.
[I 2026-09-17 12:32:53,772] Trial 21 finished with value: 0.3538876740566629 and parameters: {'coeff': 4, 'AP': 5, 'alpha.condition_threshold': 45}. Best is trial 6 with value: 1.0501836502293123.
[I 2026-09-17 12:33:41,261] Trial 22 finished with value: -1.2454281130273077 and parameters: {'coeff': 3, 'AP': 12, 'alpha.condition_threshold': 40}. Best is trial 6 with value: 1.0501836502293123.
[I 2026-09-17 12:34:37,208] Trial 23 finished with value: -0.05194820170607521 and parameters: {'coeff': 4, 'AP': 19, 'alpha.condition_threshold': 45}. Best is trial 6 with value: 1.0501836502293123.
[I 2026-09-17 12:35:26,680] Trial 24 finished with value: -1.9002872917034097 and parameters: {'coeff': 2, 'AP': 8, 'alpha.condition_threshold': 50}. Best is trial 6 with value: 1.0501836502293123.
[I 2026-09-17 12:36:15,940] Trial 25 finished with value: -0.8939855547825896 and parameters: {'coeff': 5, 'AP': 5, 'alpha.condition_threshold': 40}. Best is trial 6 with value: 1.0501836502293123.
[I 2026-09-17 12:37:04,185] Trial 26 finished with value: -2.0713841322464877 and parameters: {'coeff': 2, 'AP': 15, 'alpha.condition_threshold': 60}. Best is trial 6 with value: 1.0501836502293123.
[I 2026-09-17 12:37:51,912] Trial 27 finished with value: -0.07839509385559634 and parameters: {'coeff': 4, 'AP': 21, 'alpha.condition_threshold': 30}. Best is trial 6 with value: 1.0501836502293123.
[I 2026-09-17 12:38:40,269] Trial 28 finished with value: -1.0946956750946204 and parameters: {'coeff': 3, 'AP': 10, 'alpha.condition_threshold': 60}. Best is trial 6 with value: 1.0501836502293123.
[I 2026-09-17 12:39:29,408] Trial 29 finished with value: -0.7439942659625296 and parameters: {'coeff': 7, 'AP': 53, 'alpha.condition_threshold': 35}. Best is trial 6 with value: 1.0501836502293123.
[I 2026-09-17 12:40:16,904] Trial 30 finished with value: -0.23820579883877918 and parameters: {'coeff': 6, 'AP': 38, 'alpha.condition_threshold': 50}. Best is trial 6 with value: 1.0501836502293123.
[I 2026-09-17 12:41:05,843] Trial 31 finished with value: 0.15909083683587355 and parameters: {'coeff': 4, 'AP': 8, 'alpha.condition_threshold': 50}. Best is trial 6 with value: 1.0501836502293123.
[I 2026-09-17 15:43:04,127] A new study created in memory with name: no-name-0fee8f06-5f27-4286-8c06-e3a9fd1dd02a
[I 2026-09-17 15:43:54,902] Trial 0 finished with value: 2.3143368881411406 and parameters: {'coeff': 6, 'AP': 58, 'alpha.condition_threshold': 40}. Best is trial 0 with value: 2.3143368881411406.
[I 2026-09-17 15:44:45,540] Trial 1 finished with value: -0.5430367454903349 and parameters: {'coeff': 1, 'AP': 33, 'alpha.condition_threshold': 65}. Best is trial 0 with value: 2.3143368881411406.
[I 2026-09-17 15:45:35,046] Trial 2 finished with value: 0.9086782315331045 and parameters: {'coeff': 8, 'AP': 45, 'alpha.condition_threshold': 35}. Best is trial 0 with value: 2.3143368881411406.
[I 2026-09-17 15:46:24,920] Trial 3 finished with value: -1.8193018188006373 and parameters: {'coeff': 1, 'AP': 23, 'alpha.condition_threshold': 75}. Best is trial 0 with value: 2.3143368881411406.
[I 2026-09-17 15:47:15,475] Trial 4 finished with value: -3.2459420841760864 and parameters: {'coeff': 1, 'AP': 17, 'alpha.condition_threshold': 50}. Best is trial 0 with value: 2.3143368881411406.
[I 2026-09-17 15:48:05,040] Trial 5 finished with value: 1.6512363639392145 and parameters: {'coeff': 4, 'AP': 60, 'alpha.condition_threshold': 70}. Best is trial 0 with value: 2.3143368881411406.
[I 2026-09-17 15:48:53,700] Trial 6 finished with value: 0.3137893280440785 and parameters: {'coeff': 4, 'AP': 31, 'alpha.condition_threshold': 80}. Best is trial 0 with value: 2.3143368881411406.
[I 2026-09-17 15:49:43,428] Trial 7 finished with value: 0.7433016706413648 and parameters: {'coeff': 2, 'AP': 25, 'alpha.condition_threshold': 65}. Best is trial 0 with value: 2.3143368881411406.
[I 2026-09-17 15:50:33,116] Trial 8 finished with value: -0.3421364490036174 and parameters: {'coeff': 1, 'AP': 27, 'alpha.condition_threshold': 75}. Best is trial 0 with value: 2.3143368881411406.
[I 2026-09-17 15:51:22,298] Trial 9 finished with value: 2.4950675885652664 and parameters: {'coeff': 7, 'AP': 18, 'alpha.condition_threshold': 65}. Best is trial 9 with value: 2.4950675885652664.
[I 2026-09-17 15:52:10,019] Trial 10 finished with value: 2.0991694982852196 and parameters: {'coeff': 8, 'AP': 5, 'alpha.condition_threshold': 55}. Best is trial 9 with value: 2.4950675885652664.
[I 2026-09-17 15:53:01,530] Trial 11 finished with value: 0.6205284884872039 and parameters: {'coeff': 6, 'AP': 56, 'alpha.condition_threshold': 30}. Best is trial 9 with value: 2.4950675885652664.
[I 2026-09-17 15:53:52,149] Trial 12 finished with value: 1.8601543618175373 and parameters: {'coeff': 6, 'AP': 43, 'alpha.condition_threshold': 45}. Best is trial 9 with value: 2.4950675885652664.
[I 2026-09-17 15:54:42,841] Trial 13 finished with value: 1.982375896663679 and parameters: {'coeff': 6, 'AP': 12, 'alpha.condition_threshold': 40}. Best is trial 9 with value: 2.4950675885652664.
[I 2026-09-17 15:55:34,098] Trial 14 finished with value: 2.536244433547326 and parameters: {'coeff': 7, 'AP': 42, 'alpha.condition_threshold': 60}. Best is trial 14 with value: 2.536244433547326.
[I 2026-09-17 15:56:23,552] Trial 15 finished with value: 2.4408609709482088 and parameters: {'coeff': 7, 'AP': 38, 'alpha.condition_threshold': 60}. Best is trial 14 with value: 2.536244433547326.
[I 2026-09-17 15:57:12,622] Trial 16 finished with value: 1.2939070442887857 and parameters: {'coeff': 5, 'AP': 49, 'alpha.condition_threshold': 55}. Best is trial 14 with value: 2.536244433547326.
[I 2026-09-17 15:58:03,187] Trial 17 finished with value: 2.070029196848583 and parameters: {'coeff': 7, 'AP': 19, 'alpha.condition_threshold': 60}. Best is trial 14 with value: 2.536244433547326.
[I 2026-09-17 15:58:52,140] Trial 18 finished with value: -0.29069609644459626 and parameters: {'coeff': 3, 'AP': 36, 'alpha.condition_threshold': 65}. Best is trial 14 with value: 2.536244433547326.
[I 2026-09-17 15:59:43,755] Trial 19 finished with value: 1.696735412318744 and parameters: {'coeff': 7, 'AP': 5, 'alpha.condition_threshold': 50}. Best is trial 14 with value: 2.536244433547326.
[I 2026-09-17 16:00:33,161] Trial 20 finished with value: 1.8711529491488583 and parameters: {'coeff': 5, 'AP': 52, 'alpha.condition_threshold': 70}. Best is trial 14 with value: 2.536244433547326.
[I 2026-09-17 16:01:23,429] Trial 21 finished with value: 2.413973976906144 and parameters: {'coeff': 7, 'AP': 39, 'alpha.condition_threshold': 60}. Best is trial 14 with value: 2.536244433547326.
[I 2026-09-17 16:02:13,368] Trial 22 finished with value: 2.0625354315312983 and parameters: {'coeff': 8, 'AP': 41, 'alpha.condition_threshold': 60}. Best is trial 14 with value: 2.536244433547326.
[I 2026-09-17 16:03:02,764] Trial 23 finished with value: 2.5270623869685913 and parameters: {'coeff': 7, 'AP': 31, 'alpha.condition_threshold': 55}. Best is trial 14 with value: 2.536244433547326.
[I 2026-09-17 16:03:53,245] Trial 24 finished with value: 1.9287984584352742 and parameters: {'coeff': 8, 'AP': 29, 'alpha.condition_threshold': 50}. Best is trial 14 with value: 2.536244433547326.
[I 2026-09-17 16:04:42,687] Trial 25 finished with value: 2.1775498682139363 and parameters: {'coeff': 7, 'AP': 11, 'alpha.condition_threshold': 55}. Best is trial 14 with value: 2.536244433547326.
[I 2026-09-17 16:05:34,215] Trial 26 finished with value: 1.7436360802498678 and parameters: {'coeff': 5, 'AP': 21, 'alpha.condition_threshold': 70}. Best is trial 14 with value: 2.536244433547326.
[I 2026-09-17 16:06:24,810] Trial 27 finished with value: 1.7832403027913908 and parameters: {'coeff': 6, 'AP': 47, 'alpha.condition_threshold': 45}. Best is trial 14 with value: 2.536244433547326.
[I 2026-09-17 16:07:13,648] Trial 28 finished with value: 2.3011466772507343 and parameters: {'coeff': 7, 'AP': 35, 'alpha.condition_threshold': 65}. Best is trial 14 with value: 2.536244433547326.
[I 2026-09-17 16:08:04,480] Trial 29 finished with value: 1.9985803595186353 and parameters: {'coeff': 6, 'AP': 15, 'alpha.condition_threshold': 55}. Best is trial 14 with value: 2.536244433547326.
[I 2026-09-17 16:08:55,415] Trial 30 finished with value: 1.9384990159434436 and parameters: {'coeff': 8, 'AP': 52, 'alpha.condition_threshold': 45}. Best is trial 14 with value: 2.536244433547326.
[I 2026-09-17 16:09:46,406] Trial 31 finished with value: 2.506962042441243 and parameters: {'coeff': 7, 'AP': 36, 'alpha.condition_threshold': 60}. Best is trial 14 with value: 2.536244433547326.
[I 2026-09-17 16:09:47,791] A new study created in memory with name: no-name-feb2173f-5300-49dc-ac92-4844a29c51ef
[I 2026-09-17 16:10:38,081] Trial 0 finished with value: -0.12732262529489455 and parameters: {'coeff': 6, 'AP': 58, 'alpha.condition_threshold': 40}. Best is trial 0 with value: -0.12732262529489455.
[I 2026-09-17 16:11:29,290] Trial 1 finished with value: -3.2826753080381597 and parameters: {'coeff': 1, 'AP': 33, 'alpha.condition_threshold': 65}. Best is trial 0 with value: -0.12732262529489455.
[I 2026-09-17 16:12:20,836] Trial 2 finished with value: -1.6156943749934614 and parameters: {'coeff': 8, 'AP': 45, 'alpha.condition_threshold': 35}. Best is trial 0 with value: -0.12732262529489455.
[I 2026-09-17 16:13:11,528] Trial 3 finished with value: -2.391980730034758 and parameters: {'coeff': 1, 'AP': 23, 'alpha.condition_threshold': 75}. Best is trial 0 with value: -0.12732262529489455.
[I 2026-09-17 16:14:03,924] Trial 4 finished with value: -3.769465580588968 and parameters: {'coeff': 1, 'AP': 17, 'alpha.condition_threshold': 50}. Best is trial 0 with value: -0.12732262529489455.
[I 2026-09-17 16:14:53,167] Trial 5 finished with value: -0.4558939018539702 and parameters: {'coeff': 4, 'AP': 60, 'alpha.condition_threshold': 70}. Best is trial 0 with value: -0.12732262529489455.
[I 2026-09-17 16:15:43,079] Trial 6 finished with value: 0.9519771026800289 and parameters: {'coeff': 4, 'AP': 31, 'alpha.condition_threshold': 80}. Best is trial 6 with value: 0.9519771026800289.
[I 2026-09-17 16:16:33,360] Trial 7 finished with value: -2.7862317979686275 and parameters: {'coeff': 2, 'AP': 25, 'alpha.condition_threshold': 65}. Best is trial 6 with value: 0.9519771026800289.
[I 2026-09-17 16:17:21,858] Trial 8 finished with value: -0.943753677679805 and parameters: {'coeff': 1, 'AP': 27, 'alpha.condition_threshold': 75}. Best is trial 6 with value: 0.9519771026800289.
[I 2026-09-17 16:18:12,695] Trial 9 finished with value: -1.23348282215044 and parameters: {'coeff': 7, 'AP': 18, 'alpha.condition_threshold': 65}. Best is trial 6 with value: 0.9519771026800289.
[I 2026-09-17 16:19:03,391] Trial 10 finished with value: -0.5278205190266089 and parameters: {'coeff': 4, 'AP': 5, 'alpha.condition_threshold': 50}. Best is trial 6 with value: 0.9519771026800289.
[I 2026-09-17 16:19:52,751] Trial 11 finished with value: 0.3745078236813679 and parameters: {'coeff': 6, 'AP': 42, 'alpha.condition_threshold': 35}. Best is trial 6 with value: 0.9519771026800289.
[I 2026-09-17 16:20:43,464] Trial 12 finished with value: -0.4742167915364851 and parameters: {'coeff': 5, 'AP': 41, 'alpha.condition_threshold': 30}. Best is trial 6 with value: 0.9519771026800289.
[I 2026-09-17 16:21:34,127] Trial 13 finished with value: -0.7996003678339375 and parameters: {'coeff': 3, 'AP': 45, 'alpha.condition_threshold': 45}. Best is trial 6 with value: 0.9519771026800289.
[I 2026-09-17 16:22:21,982] Trial 14 finished with value: -inf and parameters: {'coeff': 6, 'AP': 37, 'alpha.condition_threshold': 80}. Best is trial 6 with value: 0.9519771026800289.
[I 2026-09-17 16:23:12,225] Trial 15 finished with value: -0.05001304209966693 and parameters: {'coeff': 5, 'AP': 52, 'alpha.condition_threshold': 55}. Best is trial 6 with value: 0.9519771026800289.
[I 2026-09-17 16:24:02,962] Trial 16 finished with value: -0.7650208694852904 and parameters: {'coeff': 3, 'AP': 32, 'alpha.condition_threshold': 30}. Best is trial 6 with value: 0.9519771026800289.
[I 2026-09-17 16:24:52,598] Trial 17 finished with value: -0.17689343060703475 and parameters: {'coeff': 6, 'AP': 49, 'alpha.condition_threshold': 40}. Best is trial 6 with value: 0.9519771026800289.
[I 2026-09-17 16:25:41,528] Trial 18 finished with value: -2.06503689541838 and parameters: {'coeff': 8, 'AP': 36, 'alpha.condition_threshold': 60}. Best is trial 6 with value: 0.9519771026800289.
[I 2026-09-17 16:26:30,246] Trial 19 finished with value: -0.767597290972192 and parameters: {'coeff': 7, 'AP': 5, 'alpha.condition_threshold': 80}. Best is trial 6 with value: 0.9519771026800289.
[I 2026-09-17 16:27:20,464] Trial 20 finished with value: -1.4288305995482489 and parameters: {'coeff': 3, 'AP': 13, 'alpha.condition_threshold': 55}. Best is trial 6 with value: 0.9519771026800289.
[I 2026-09-17 16:28:09,153] Trial 21 finished with value: -0.10081386014418481 and parameters: {'coeff': 5, 'AP': 53, 'alpha.condition_threshold': 55}. Best is trial 6 with value: 0.9519771026800289.
[I 2026-09-17 16:28:57,371] Trial 22 finished with value: -0.3085606008151189 and parameters: {'coeff': 5, 'AP': 53, 'alpha.condition_threshold': 45}. Best is trial 6 with value: 0.9519771026800289.
[I 2026-09-17 16:29:45,479] Trial 23 finished with value: -1.8339984643436424 and parameters: {'coeff': 4, 'AP': 44, 'alpha.condition_threshold': 60}. Best is trial 6 with value: 0.9519771026800289.
[I 2026-09-17 16:30:35,204] Trial 24 finished with value: -1.3769995939720125 and parameters: {'coeff': 7, 'AP': 39, 'alpha.condition_threshold': 35}. Best is trial 6 with value: 0.9519771026800289.
[I 2026-09-17 16:31:23,655] Trial 25 finished with value: -0.2523098161671212 and parameters: {'coeff': 5, 'AP': 49, 'alpha.condition_threshold': 50}. Best is trial 6 with value: 0.9519771026800289.
[I 2026-09-17 16:32:13,952] Trial 26 finished with value: 0.38259077154377674 and parameters: {'coeff': 6, 'AP': 31, 'alpha.condition_threshold': 60}. Best is trial 6 with value: 0.9519771026800289.
[I 2026-09-17 16:33:02,211] Trial 27 finished with value: -0.9909950670950015 and parameters: {'coeff': 6, 'AP': 30, 'alpha.condition_threshold': 70}. Best is trial 6 with value: 0.9519771026800289.
[I 2026-09-17 16:33:50,527] Trial 28 finished with value: -1.7929226407816317 and parameters: {'coeff': 7, 'AP': 28, 'alpha.condition_threshold': 75}. Best is trial 6 with value: 0.9519771026800289.
[I 2026-09-17 16:34:40,343] Trial 29 finished with value: -0.24559945617106235 and parameters: {'coeff': 6, 'AP': 22, 'alpha.condition_threshold': 40}. Best is trial 6 with value: 0.9519771026800289.
[I 2026-09-17 16:35:28,902] Trial 30 finished with value: -1.5923507649598312 and parameters: {'coeff': 4, 'AP': 34, 'alpha.condition_threshold': 60}. Best is trial 6 with value: 0.9519771026800289.
[I 2026-09-17 16:36:23,135] Trial 31 finished with value: 0.06833081189364006 and parameters: {'coeff': 6, 'AP': 56, 'alpha.condition_threshold': 55}. Best is trial 6 with value: 0.9519771026800289.
[I 2026-09-17 16:36:24,453] A new study created in memory with name: no-name-85f47d62-490c-4355-b36a-31165e5dfb72
[I 2026-09-17 16:37:13,812] Trial 0 finished with value: -2.222570370605726 and parameters: {'coeff': 6, 'AP': 58, 'alpha.condition_threshold': 40}. Best is trial 0 with value: -2.222570370605726.
[I 2026-09-17 16:38:03,170] Trial 1 finished with value: -3.159690191625224 and parameters: {'coeff': 1, 'AP': 33, 'alpha.condition_threshold': 65}. Best is trial 0 with value: -2.222570370605726.
[I 2026-09-17 16:38:52,454] Trial 2 finished with value: -1.1151981081173463 and parameters: {'coeff': 8, 'AP': 45, 'alpha.condition_threshold': 35}. Best is trial 2 with value: -1.1151981081173463.
[I 2026-09-17 16:39:40,629] Trial 3 finished with value: -0.30961187442845206 and parameters: {'coeff': 1, 'AP': 23, 'alpha.condition_threshold': 75}. Best is trial 3 with value: -0.30961187442845206.
[I 2026-09-17 16:40:30,974] Trial 4 finished with value: -5.302098514686378 and parameters: {'coeff': 1, 'AP': 17, 'alpha.condition_threshold': 50}. Best is trial 3 with value: -0.30961187442845206.
[I 2026-09-17 16:41:20,673] Trial 5 finished with value: -1.1368115762897713 and parameters: {'coeff': 4, 'AP': 60, 'alpha.condition_threshold': 70}. Best is trial 3 with value: -0.30961187442845206.
[I 2026-09-17 16:42:10,016] Trial 6 finished with value: -0.6355026938868061 and parameters: {'coeff': 4, 'AP': 31, 'alpha.condition_threshold': 80}. Best is trial 3 with value: -0.30961187442845206.
[I 2026-09-17 16:43:01,533] Trial 7 finished with value: -4.089815482323118 and parameters: {'coeff': 2, 'AP': 25, 'alpha.condition_threshold': 65}. Best is trial 3 with value: -0.30961187442845206.
[I 2026-09-17 16:43:50,368] Trial 8 finished with value: 0.36682488422694026 and parameters: {'coeff': 1, 'AP': 27, 'alpha.condition_threshold': 75}. Best is trial 8 with value: 0.36682488422694026.
[I 2026-09-17 16:44:39,263] Trial 9 finished with value: -1.1379258337955762 and parameters: {'coeff': 7, 'AP': 18, 'alpha.condition_threshold': 65}. Best is trial 8 with value: 0.36682488422694026.
[I 2026-09-17 16:45:30,417] Trial 10 finished with value: -3.145775822329911 and parameters: {'coeff': 3, 'AP': 5, 'alpha.condition_threshold': 50}. Best is trial 8 with value: 0.36682488422694026.
[I 2026-09-17 16:46:20,597] Trial 11 finished with value: -inf and parameters: {'coeff': 2, 'AP': 39, 'alpha.condition_threshold': 80}. Best is trial 8 with value: 0.36682488422694026.
