[I 2026-09-17 18:16:26,548] Trial 27 finished with value: -0.08276046126904375 and parameters: {'coeff': 8, 'AP': 30, 'alpha.condition_threshold': 35}. Best is trial 22 with value: 0.719216552288568.
[I 2026-09-17 18:17:16,572] Trial 28 finished with value: 0.0018173652135254907 and parameters: {'coeff': 7, 'AP': 17, 'alpha.condition_threshold': 50}. Best is trial 22 with value: 0.719216552288568.
[I 2026-09-17 18:18:06,561] Trial 29 finished with value: 0.306897005841632 and parameters: {'coeff': 6, 'AP': 53, 'alpha.condition_threshold': 40}. Best is trial 22 with value: 0.719216552288568.
[I 2026-09-17 18:18:56,837] Trial 30 finished with value: -1.4572954750248441 and parameters: {'coeff': 3, 'AP': 9, 'alpha.condition_threshold': 35}. Best is trial 22 with value: 0.719216552288568.
[I 2026-09-17 18:19:47,464] Trial 31 finished with value: 0.46587025624239764 and parameters: {'coeff': 6, 'AP': 15, 'alpha.condition_threshold': 30}. Best is trial 22 with value: 0.719216552288568.
[I 2026-09-17 18:19:48,710] A new study created in memory with name: no-name-b8e3a48a-e80a-45da-83c3-38d8dd518562
[I 2026-09-17 18:20:38,785] Trial 0 finished with value: 0.294465457830018 and parameters: {'coeff': 6, 'AP': 58, 'alpha.condition_threshold': 40}. Best is trial 0 with value: 0.294465457830018.
[I 2026-09-17 18:21:27,303] Trial 1 finished with value: -2.4426400240737167 and parameters: {'coeff': 1, 'AP': 33, 'alpha.condition_threshold': 65}. Best is trial 0 with value: 0.294465457830018.
[I 2026-09-17 18:22:16,687] Trial 2 finished with value: -0.39932738658993705 and parameters: {'coeff': 8, 'AP': 45, 'alpha.condition_threshold': 35}. Best is trial 0 with value: 0.294465457830018.
[I 2026-09-17 18:23:06,927] Trial 3 finished with value: 0.6292328233905243 and parameters: {'coeff': 1, 'AP': 23, 'alpha.condition_threshold': 75}. Best is trial 3 with value: 0.6292328233905243.
[I 2026-09-17 18:23:58,233] Trial 4 finished with value: -4.481850498055424 and parameters: {'coeff': 1, 'AP': 17, 'alpha.condition_threshold': 50}. Best is trial 3 with value: 0.6292328233905243.
[I 2026-09-17 18:24:46,571] Trial 5 finished with value: 1.4240006242195884 and parameters: {'coeff': 4, 'AP': 60, 'alpha.condition_threshold': 70}. Best is trial 5 with value: 1.4240006242195884.
[I 2026-09-17 18:25:39,091] Trial 6 finished with value: -1.5119568782861041 and parameters: {'coeff': 4, 'AP': 31, 'alpha.condition_threshold': 80}. Best is trial 5 with value: 1.4240006242195884.
[I 2026-09-17 18:26:33,900] Trial 7 finished with value: -1.382201388851094 and parameters: {'coeff': 2, 'AP': 25, 'alpha.condition_threshold': 65}. Best is trial 5 with value: 1.4240006242195884.
[I 2026-09-17 18:27:25,046] Trial 8 finished with value: 1.2392554670100169 and parameters: {'coeff': 1, 'AP': 27, 'alpha.condition_threshold': 75}. Best is trial 5 with value: 1.4240006242195884.
[I 2026-09-17 18:28:14,352] Trial 9 finished with value: 0.7172882605792652 and parameters: {'coeff': 7, 'AP': 18, 'alpha.condition_threshold': 65}. Best is trial 5 with value: 1.4240006242195884.
[I 2026-09-17 18:29:05,720] Trial 10 finished with value: -0.1295924522929301 and parameters: {'coeff': 4, 'AP': 5, 'alpha.condition_threshold': 50}. Best is trial 5 with value: 1.4240006242195884.
[I 2026-09-17 18:29:55,314] Trial 11 finished with value: -1.4240006242195884 and parameters: {'coeff': 3, 'AP': 47, 'alpha.condition_threshold': 75}. Best is trial 5 with value: 1.4240006242195884.
[I 2026-09-17 18:30:44,761] Trial 12 finished with value: 0.08826446886819062 and parameters: {'coeff': 5, 'AP': 42, 'alpha.condition_threshold': 70}. Best is trial 5 with value: 1.4240006242195884.
[I 2026-09-17 18:31:34,871] Trial 13 finished with value: 0.5181666054022827 and parameters: {'coeff': 3, 'AP': 60, 'alpha.condition_threshold': 55}. Best is trial 5 with value: 1.4240006242195884.
[I 2026-09-17 18:32:22,647] Trial 14 finished with value: -inf and parameters: {'coeff': 5, 'AP': 37, 'alpha.condition_threshold': 80}. Best is trial 5 with value: 1.4240006242195884.
[I 2026-09-17 18:33:13,161] Trial 15 finished with value: 0.010164112901386838 and parameters: {'coeff': 3, 'AP': 52, 'alpha.condition_threshold': 60}. Best is trial 5 with value: 1.4240006242195884.
[I 2026-09-17 18:34:03,932] Trial 16 finished with value: -1.3993918705101003 and parameters: {'coeff': 2, 'AP': 15, 'alpha.condition_threshold': 70}. Best is trial 5 with value: 1.4240006242195884.
[I 2026-09-17 18:34:55,870] Trial 17 finished with value: -0.0943479896904548 and parameters: {'coeff': 6, 'AP': 8, 'alpha.condition_threshold': 75}. Best is trial 5 with value: 1.4240006242195884.
[I 2026-09-17 18:35:48,022] Trial 18 finished with value: -1.4869219162714609 and parameters: {'coeff': 2, 'AP': 26, 'alpha.condition_threshold': 55}. Best is trial 5 with value: 1.4240006242195884.
[I 2026-09-17 18:36:36,267] Trial 19 finished with value: 1.567368191544261 and parameters: {'coeff': 6, 'AP': 37, 'alpha.condition_threshold': 70}. Best is trial 19 with value: 1.567368191544261.
[I 2026-09-17 18:37:25,118] Trial 20 finished with value: 0.1807933443827817 and parameters: {'coeff': 6, 'AP': 52, 'alpha.condition_threshold': 45}. Best is trial 19 with value: 1.567368191544261.
[I 2026-09-17 18:38:13,545] Trial 21 finished with value: -1.705907947607375 and parameters: {'coeff': 8, 'AP': 37, 'alpha.condition_threshold': 70}. Best is trial 19 with value: 1.567368191544261.
[I 2026-09-17 18:39:02,668] Trial 22 finished with value: -2.248931073494268 and parameters: {'coeff': 7, 'AP': 31, 'alpha.condition_threshold': 80}. Best is trial 19 with value: 1.567368191544261.
[I 2026-09-17 18:39:53,049] Trial 23 finished with value: -0.2520042393286201 and parameters: {'coeff': 5, 'AP': 55, 'alpha.condition_threshold': 60}. Best is trial 19 with value: 1.567368191544261.
[I 2026-09-17 18:40:41,265] Trial 24 finished with value: -0.41040642328798166 and parameters: {'coeff': 7, 'AP': 42, 'alpha.condition_threshold': 70}. Best is trial 19 with value: 1.567368191544261.
[I 2026-09-17 18:41:36,066] Trial 25 finished with value: -0.28061586192634586 and parameters: {'coeff': 4, 'AP': 12, 'alpha.condition_threshold': 60}. Best is trial 19 with value: 1.567368191544261.
[I 2026-09-17 18:42:24,110] Trial 26 finished with value: 1.5966845448150697 and parameters: {'coeff': 6, 'AP': 23, 'alpha.condition_threshold': 75}. Best is trial 26 with value: 1.5966845448150697.
[I 2026-09-17 18:43:14,261] Trial 27 finished with value: 0.18285718368695403 and parameters: {'coeff': 6, 'AP': 19, 'alpha.condition_threshold': 30}. Best is trial 26 with value: 1.5966845448150697.
[I 2026-09-17 18:44:04,006] Trial 28 finished with value: 0.17885514568927424 and parameters: {'coeff': 5, 'AP': 21, 'alpha.condition_threshold': 65}. Best is trial 26 with value: 1.5966845448150697.
[I 2026-09-17 18:44:49,518] Trial 29 finished with value: -inf and parameters: {'coeff': 7, 'AP': 37, 'alpha.condition_threshold': 80}. Best is trial 26 with value: 1.5966845448150697.
[I 2026-09-17 18:45:36,689] Trial 30 finished with value: -1.9710702392776525 and parameters: {'coeff': 6, 'AP': 55, 'alpha.condition_threshold': 75}. Best is trial 26 with value: 1.5966845448150697.
[I 2026-09-17 18:46:25,811] Trial 31 finished with value: 0.84498896365646 and parameters: {'coeff': 6, 'AP': 29, 'alpha.condition_threshold': 75}. Best is trial 26 with value: 1.5966845448150697.
Traceback (most recent call last):
  File "/root/bobby/pool_alpha/lab_regime_model_quantbt/scripts/run_time_edge.py", line 134, in <module>
    try: raise SystemExit(main())
                          ^^^^^^
  File "/root/bobby/pool_alpha/lab_regime_model_quantbt/scripts/run_time_edge.py", line 84, in main
    try: result=execute(ROOT,request)
                ^^^^^^^^^^^^^^^^^^^^^
  File "/root/bobby/pool_alpha/lab_regime_model_quantbt/src/crypto_regime_lab/time_edge/workers.py", line 262, in execute
    result=full_control(root,request)
           ^^^^^^^^^^^^^^^^^^^^^^^^^^
  File "/root/bobby/pool_alpha/lab_regime_model_quantbt/src/crypto_regime_lab/time_edge/pipeline_controls.py", line 234, in full_control
    accounts[arm]=once("deployment","deployment-"+arm,
                  ^^^^^^^^^^^^^^^^^^^^^^^^^^^^^^^^^^^^
  File "/root/bobby/pool_alpha/lab_regime_model_quantbt/src/crypto_regime_lab/time_edge/pipeline_controls.py", line 129, in once
    value,event=cache.get_or_compute(kind,facets,callback,producer=request["lab_run_id"])
                ^^^^^^^^^^^^^^^^^^^^^^^^^^^^^^^^^^^^^^^^^^^^^^^^^^^^^^^^^^^^^^^^^^^^^^^^^
  File "/root/bobby/pool_alpha/lab_regime_model_quantbt/src/crypto_regime_lab/time_edge/compute_cache.py", line 134, in get_or_compute
    payload = callback()
              ^^^^^^^^^^
  File "/root/bobby/pool_alpha/lab_regime_model_quantbt/src/crypto_regime_lab/time_edge/pipeline_controls.py", line 231, in deploy
    run=PreparedAccount(frame).run(alpha,selections,account_start=start)
        ^^^^^^^^^^^^^^^^^^^^^^
  File "/root/bobby/pool_alpha/lab_regime_model_quantbt/src/crypto_regime_lab/time_edge/execution.py", line 242, in __init__
    self.runner = self.endpoint.prepare_native_event_strategy(data=frame)
                  ^^^^^^^^^^^^^^^^^^^^^^^^^^^^^^^^^^^^^^^^^^^^^^^^^^^^^^^
  File "/root/bobby/pool_alpha/lab_regime_model_quantbt/environments/lab_venv/lib/python3.12/site-packages/quantbt/endpoint.py", line 1038, in prepare_native_event_strategy
    frame = _standardize_frame(data, datetime_index=datetime_index)
            ^^^^^^^^^^^^^^^^^^^^^^^^^^^^^^^^^^^^^^^^^^^^^^^^^^^^^^^
  File "/root/bobby/pool_alpha/lab_regime_model_quantbt/environments/lab_venv/lib/python3.12/site-packages/quantbt/endpoint.py", line 5756, in _standardize_frame
    frame = frame[~frame.index.duplicated(keep="first")].sort_index()
            ^^^^^^^^^^^^^^^^^^^^^^^^^^^^^^^^^^^^^^^^^^^^^^^^^^^^^^^^^
  File "/root/bobby/pool_alpha/lab_regime_model_quantbt/environments/lab_venv/lib/python3.12/site-packages/pandas/core/frame.py", line 7401, in sort_index
    return super().sort_index(
           ^^^^^^^^^^^^^^^^^^^
  File "/root/bobby/pool_alpha/lab_regime_model_quantbt/environments/lab_venv/lib/python3.12/site-packages/pandas/core/generic.py", line 5339, in sort_index
    result = self.copy(deep=None)
             ^^^^^^^^^^^^^^^^^^^^
  File "/root/bobby/pool_alpha/lab_regime_model_quantbt/environments/lab_venv/lib/python3.12/site-packages/pandas/core/generic.py", line 6833, in copy
    data = self._mgr.copy(deep=deep)
           ^^^^^^^^^^^^^^^^^^^^^^^^^
  File "/root/bobby/pool_alpha/lab_regime_model_quantbt/environments/lab_venv/lib/python3.12/site-packages/pandas/core/internals/managers.py", line 612, in copy
    res = self.apply("copy", deep=deep)
          ^^^^^^^^^^^^^^^^^^^^^^^^^^^^^
  File "/root/bobby/pool_alpha/lab_regime_model_quantbt/environments/lab_venv/lib/python3.12/site-packages/pandas/core/internals/managers.py", line 363, in apply
    applied = getattr(b, f)(**kwargs)
              ^^^^^^^^^^^^^^^^^^^^^^^
  File "/root/bobby/pool_alpha/lab_regime_model_quantbt/environments/lab_venv/lib/python3.12/site-packages/pandas/core/internals/blocks.py", line 822, in copy
    values = values.copy()
             ^^^^^^^^^^^^^
numpy._core._exceptions._ArrayMemoryError: Unable to allocate 84.4 MiB for an array with shape (7, 1579680) and data type float64
