[I 2026-09-14 11:04:11,118] A new study created in memory with name: no-name-79dd3a32-fdd0-4b4c-9fad-c7060b8ec803
[I 2026-09-14 11:05:06,589] Trial 0 finished with value: 2.3143368881411406 and parameters: {'coeff': 6, 'AP': 58, 'alpha.condition_threshold': 40}. Best is trial 0 with value: 2.3143368881411406.
[I 2026-09-14 11:05:56,439] Trial 1 finished with value: -0.5430367454903349 and parameters: {'coeff': 1, 'AP': 33, 'alpha.condition_threshold': 65}. Best is trial 0 with value: 2.3143368881411406.
[I 2026-09-14 11:06:45,078] Trial 2 finished with value: 0.9086782315331045 and parameters: {'coeff': 8, 'AP': 45, 'alpha.condition_threshold': 35}. Best is trial 0 with value: 2.3143368881411406.
[I 2026-09-14 11:07:35,377] Trial 3 finished with value: -1.8193018188006373 and parameters: {'coeff': 1, 'AP': 23, 'alpha.condition_threshold': 75}. Best is trial 0 with value: 2.3143368881411406.
[I 2026-09-14 11:08:26,580] Trial 4 finished with value: -3.2459420841760864 and parameters: {'coeff': 1, 'AP': 17, 'alpha.condition_threshold': 50}. Best is trial 0 with value: 2.3143368881411406.
