[I 2026-09-16 19:36:22,978] Trial 12 finished with value: -3.435279166304771 and parameters: {'coeff': 1, 'AP': 15, 'alpha.condition_threshold': 75}. Best is trial 8 with value: 0.36682488422694026.
[I 2026-09-16 19:37:13,256] Trial 13 finished with value: -3.603257370944266 and parameters: {'coeff': 3, 'AP': 23, 'alpha.condition_threshold': 55}. Best is trial 8 with value: 0.36682488422694026.
[I 2026-09-16 19:38:03,804] Trial 14 finished with value: -3.04121041880779 and parameters: {'coeff': 5, 'AP': 7, 'alpha.condition_threshold': 70}. Best is trial 8 with value: 0.36682488422694026.
[I 2026-09-16 19:38:54,825] Trial 15 finished with value: -3.0291110543208295 and parameters: {'coeff': 2, 'AP': 46, 'alpha.condition_threshold': 60}. Best is trial 8 with value: 0.36682488422694026.
[I 2026-09-16 19:39:44,894] Trial 16 finished with value: -1.1531001864362846 and parameters: {'coeff': 3, 'AP': 28, 'alpha.condition_threshold': 75}. Best is trial 8 with value: 0.36682488422694026.
[I 2026-09-16 19:40:33,779] Trial 17 finished with value: -1.0960156121786215 and parameters: {'coeff': 1, 'AP': 38, 'alpha.condition_threshold': 75}. Best is trial 8 with value: 0.36682488422694026.
[I 2026-09-16 19:41:24,501] Trial 18 finished with value: -2.4653264557494197 and parameters: {'coeff': 5, 'AP': 11, 'alpha.condition_threshold': 55}. Best is trial 8 with value: 0.36682488422694026.
[I 2026-09-16 19:42:13,935] Trial 19 finished with value: -2.9204143338885493 and parameters: {'coeff': 2, 'AP': 22, 'alpha.condition_threshold': 30}. Best is trial 8 with value: 0.36682488422694026.
[I 2026-09-16 19:43:05,087] Trial 20 finished with value: -inf and parameters: {'coeff': 3, 'AP': 36, 'alpha.condition_threshold': 80}. Best is trial 8 with value: 0.36682488422694026.
[I 2026-09-16 19:43:53,890] Trial 21 finished with value: -2.837695420201601 and parameters: {'coeff': 4, 'AP': 30, 'alpha.condition_threshold': 80}. Best is trial 8 with value: 0.36682488422694026.
[I 2026-09-16 19:44:43,637] Trial 22 finished with value: -2.3489986756296894 and parameters: {'coeff': 6, 'AP': 29, 'alpha.condition_threshold': 70}. Best is trial 8 with value: 0.36682488422694026.
[I 2026-09-16 19:45:34,026] Trial 23 finished with value: -0.28169039349111785 and parameters: {'coeff': 2, 'AP': 22, 'alpha.condition_threshold': 80}. Best is trial 8 with value: 0.36682488422694026.
[I 2026-09-16 19:46:22,649] Trial 24 finished with value: -1.4951129029990007 and parameters: {'coeff': 1, 'AP': 19, 'alpha.condition_threshold': 75}. Best is trial 8 with value: 0.36682488422694026.
[I 2026-09-16 19:47:11,028] Trial 25 finished with value: -3.442559061690394 and parameters: {'coeff': 2, 'AP': 12, 'alpha.condition_threshold': 70}. Best is trial 8 with value: 0.36682488422694026.
[I 2026-09-16 19:48:00,596] Trial 26 finished with value: -0.20695076769437076 and parameters: {'coeff': 1, 'AP': 24, 'alpha.condition_threshold': 75}. Best is trial 8 with value: 0.36682488422694026.
[I 2026-09-16 19:48:51,828] Trial 27 finished with value: -3.839360268848117 and parameters: {'coeff': 2, 'AP': 42, 'alpha.condition_threshold': 60}. Best is trial 8 with value: 0.36682488422694026.
[I 2026-09-16 19:49:42,367] Trial 28 finished with value: -4.3663343131955195 and parameters: {'coeff': 1, 'AP': 26, 'alpha.condition_threshold': 45}. Best is trial 8 with value: 0.36682488422694026.
[I 2026-09-16 19:50:34,309] Trial 29 finished with value: -inf and parameters: {'coeff': 3, 'AP': 53, 'alpha.condition_threshold': 80}. Best is trial 8 with value: 0.36682488422694026.
[I 2026-09-16 19:51:24,422] Trial 30 finished with value: -3.845756086372384 and parameters: {'coeff': 2, 'AP': 35, 'alpha.condition_threshold': 60}. Best is trial 8 with value: 0.36682488422694026.
[I 2026-09-16 19:52:13,578] Trial 31 finished with value: -1.6182001185287063 and parameters: {'coeff': 1, 'AP': 21, 'alpha.condition_threshold': 75}. Best is trial 8 with value: 0.36682488422694026.
[I 2026-09-16 19:52:14,980] A new study created in memory with name: no-name-34075b39-3694-4412-8d59-1f92ff5e865f
[I 2026-09-16 19:53:03,491] Trial 0 finished with value: -1.1490153482795256 and parameters: {'coeff': 6, 'AP': 58, 'alpha.condition_threshold': 40}. Best is trial 0 with value: -1.1490153482795256.
[I 2026-09-16 19:53:51,293] Trial 1 finished with value: -0.3654629286901103 and parameters: {'coeff': 1, 'AP': 33, 'alpha.condition_threshold': 65}. Best is trial 1 with value: -0.3654629286901103.
[I 2026-09-16 19:54:41,246] Trial 2 finished with value: -0.5964912533932876 and parameters: {'coeff': 8, 'AP': 45, 'alpha.condition_threshold': 35}. Best is trial 1 with value: -0.3654629286901103.
[I 2026-09-16 19:55:30,905] Trial 3 finished with value: 0.8321289276019863 and parameters: {'coeff': 1, 'AP': 23, 'alpha.condition_threshold': 75}. Best is trial 3 with value: 0.8321289276019863.
[I 2026-09-16 19:56:22,121] Trial 4 finished with value: -3.8428486455881514 and parameters: {'coeff': 1, 'AP': 17, 'alpha.condition_threshold': 50}. Best is trial 3 with value: 0.8321289276019863.
[I 2026-09-16 19:57:11,650] Trial 5 finished with value: 0.5780841486233852 and parameters: {'coeff': 4, 'AP': 60, 'alpha.condition_threshold': 70}. Best is trial 3 with value: 0.8321289276019863.
