[I 2026-09-15 10:45:39,997] A new study created in memory with name: no-name-3111bd11-b867-45e4-b11c-30622a86bdc8
[I 2026-09-15 10:46:43,722] Trial 0 finished with value: -0.4368002084722592 and parameters: {'coeff': 6, 'AP': 58, 'alpha.condition_threshold': 40}. Best is trial 0 with value: -0.4368002084722592.
[I 2026-09-15 10:49:50,259] Trial 1 finished with value: -1.4017733609799858 and parameters: {'coeff': 1, 'AP': 33, 'alpha.condition_threshold': 65}. Best is trial 0 with value: -0.4368002084722592.
[I 2026-09-15 10:50:36,957] Trial 2 finished with value: 0.49811356507786864 and parameters: {'coeff': 8, 'AP': 45, 'alpha.condition_threshold': 35}. Best is trial 2 with value: 0.49811356507786864.
[I 2026-09-15 10:51:25,317] Trial 3 finished with value: 1.0668920530111476 and parameters: {'coeff': 1, 'AP': 23, 'alpha.condition_threshold': 75}. Best is trial 3 with value: 1.0668920530111476.
[I 2026-09-15 10:52:13,325] Trial 4 finished with value: -1.3624124099275403 and parameters: {'coeff': 1, 'AP': 17, 'alpha.condition_threshold': 50}. Best is trial 3 with value: 1.0668920530111476.
[I 2026-09-15 10:52:59,580] Trial 5 finished with value: 0.33144686354237457 and parameters: {'coeff': 4, 'AP': 60, 'alpha.condition_threshold': 70}. Best is trial 3 with value: 1.0668920530111476.
[I 2026-09-15 10:53:49,930] Trial 6 finished with value: -0.10285186627155879 and parameters: {'coeff': 4, 'AP': 31, 'alpha.condition_threshold': 80}. Best is trial 3 with value: 1.0668920530111476.
[I 2026-09-15 10:54:36,240] Trial 7 finished with value: 2.0069218571506284 and parameters: {'coeff': 2, 'AP': 25, 'alpha.condition_threshold': 65}. Best is trial 7 with value: 2.0069218571506284.
[I 2026-09-15 10:55:22,236] Trial 8 finished with value: -0.7974371267912335 and parameters: {'coeff': 1, 'AP': 27, 'alpha.condition_threshold': 75}. Best is trial 7 with value: 2.0069218571506284.
[I 2026-09-15 10:56:08,282] Trial 9 finished with value: -0.9676527308752522 and parameters: {'coeff': 7, 'AP': 18, 'alpha.condition_threshold': 65}. Best is trial 7 with value: 2.0069218571506284.
[I 2026-09-15 10:56:57,836] Trial 10 finished with value: 0.21768060767258965 and parameters: {'coeff': 3, 'AP': 5, 'alpha.condition_threshold': 55}. Best is trial 7 with value: 2.0069218571506284.
[I 2026-09-15 10:57:47,874] Trial 11 finished with value: 0.3631574910222312 and parameters: {'coeff': 2, 'AP': 20, 'alpha.condition_threshold': 60}. Best is trial 7 with value: 2.0069218571506284.
[I 2026-09-15 10:58:37,170] Trial 12 finished with value: -0.5702974636191284 and parameters: {'coeff': 3, 'AP': 38, 'alpha.condition_threshold': 80}. Best is trial 7 with value: 2.0069218571506284.
[I 2026-09-15 10:59:26,071] Trial 13 finished with value: 0.4272128673956267 and parameters: {'coeff': 2, 'AP': 8, 'alpha.condition_threshold': 70}. Best is trial 7 with value: 2.0069218571506284.
[I 2026-09-15 11:00:14,572] Trial 14 finished with value: -0.8453137126695686 and parameters: {'coeff': 5, 'AP': 45, 'alpha.condition_threshold': 50}. Best is trial 7 with value: 2.0069218571506284.
[I 2026-09-15 11:01:12,383] Trial 15 finished with value: 0.1542663397140414 and parameters: {'coeff': 2, 'AP': 23, 'alpha.condition_threshold': 70}. Best is trial 7 with value: 2.0069218571506284.
[I 2026-09-15 11:02:05,892] Trial 16 finished with value: 0.40924269674952013 and parameters: {'coeff': 3, 'AP': 14, 'alpha.condition_threshold': 60}. Best is trial 7 with value: 2.0069218571506284.
[I 2026-09-15 11:02:55,970] Trial 17 finished with value: 1.2727838308380552 and parameters: {'coeff': 2, 'AP': 40, 'alpha.condition_threshold': 75}. Best is trial 7 with value: 2.0069218571506284.
[I 2026-09-15 11:03:46,767] Trial 18 finished with value: -0.6239654105467034 and parameters: {'coeff': 5, 'AP': 43, 'alpha.condition_threshold': 50}. Best is trial 7 with value: 2.0069218571506284.
[I 2026-09-15 11:04:37,785] Trial 19 finished with value: 0.7944923749820735 and parameters: {'coeff': 3, 'AP': 51, 'alpha.condition_threshold': 30}. Best is trial 7 with value: 2.0069218571506284.
[I 2026-09-15 11:05:27,715] Trial 20 finished with value: 1.289789023473244 and parameters: {'coeff': 2, 'AP': 33, 'alpha.condition_threshold': 60}. Best is trial 7 with value: 2.0069218571506284.
[I 2026-09-15 11:06:16,602] Trial 21 finished with value: 0.5965619706735524 and parameters: {'coeff': 2, 'AP': 36, 'alpha.condition_threshold': 60}. Best is trial 7 with value: 2.0069218571506284.
[I 2026-09-15 11:07:03,598] Trial 22 finished with value: 1.426319204052296 and parameters: {'coeff': 2, 'AP': 29, 'alpha.condition_threshold': 65}. Best is trial 7 with value: 2.0069218571506284.
[I 2026-09-15 11:07:52,963] Trial 23 finished with value: -0.5692520318145626 and parameters: {'coeff': 4, 'AP': 28, 'alpha.condition_threshold': 55}. Best is trial 7 with value: 2.0069218571506284.
[I 2026-09-15 11:08:44,246] Trial 24 finished with value: 0.7574738484973654 and parameters: {'coeff': 3, 'AP': 27, 'alpha.condition_threshold': 65}. Best is trial 7 with value: 2.0069218571506284.
[I 2026-09-15 11:09:34,013] Trial 25 finished with value: 0.2108250553286516 and parameters: {'coeff': 2, 'AP': 12, 'alpha.condition_threshold': 45}. Best is trial 7 with value: 2.0069218571506284.
[I 2026-09-15 11:10:34,804] Trial 26 finished with value: -0.8205569991748562 and parameters: {'coeff': 1, 'AP': 33, 'alpha.condition_threshold': 60}. Best is trial 7 with value: 2.0069218571506284.
