[I 2026-09-17 10:53:57,391] Trial 12 finished with value: -3.435279166304771 and parameters: {'coeff': 1, 'AP': 15, 'alpha.condition_threshold': 75}. Best is trial 8 with value: 0.36682488422694026.
[I 2026-09-17 10:54:48,579] Trial 13 finished with value: -3.603257370944266 and parameters: {'coeff': 3, 'AP': 23, 'alpha.condition_threshold': 55}. Best is trial 8 with value: 0.36682488422694026.
[I 2026-09-17 10:55:39,241] Trial 14 finished with value: -3.04121041880779 and parameters: {'coeff': 5, 'AP': 7, 'alpha.condition_threshold': 70}. Best is trial 8 with value: 0.36682488422694026.
[I 2026-09-17 10:56:30,497] Trial 15 finished with value: -3.0291110543208295 and parameters: {'coeff': 2, 'AP': 46, 'alpha.condition_threshold': 60}. Best is trial 8 with value: 0.36682488422694026.
[I 2026-09-17 10:57:21,364] Trial 16 finished with value: -1.1531001864362846 and parameters: {'coeff': 3, 'AP': 28, 'alpha.condition_threshold': 75}. Best is trial 8 with value: 0.36682488422694026.
[I 2026-09-17 10:58:07,462] Trial 17 finished with value: -1.0960156121786215 and parameters: {'coeff': 1, 'AP': 38, 'alpha.condition_threshold': 75}. Best is trial 8 with value: 0.36682488422694026.
[I 2026-09-17 10:58:57,128] Trial 18 finished with value: -2.4653264557494197 and parameters: {'coeff': 5, 'AP': 11, 'alpha.condition_threshold': 55}. Best is trial 8 with value: 0.36682488422694026.
[I 2026-09-17 10:59:48,194] Trial 19 finished with value: -2.9204143338885493 and parameters: {'coeff': 2, 'AP': 22, 'alpha.condition_threshold': 30}. Best is trial 8 with value: 0.36682488422694026.
[I 2026-09-17 11:00:36,995] Trial 20 finished with value: -inf and parameters: {'coeff': 3, 'AP': 36, 'alpha.condition_threshold': 80}. Best is trial 8 with value: 0.36682488422694026.
[I 2026-09-17 11:01:25,370] Trial 21 finished with value: -2.837695420201601 and parameters: {'coeff': 4, 'AP': 30, 'alpha.condition_threshold': 80}. Best is trial 8 with value: 0.36682488422694026.
[I 2026-09-17 11:02:16,328] Trial 22 finished with value: -2.3489986756296894 and parameters: {'coeff': 6, 'AP': 29, 'alpha.condition_threshold': 70}. Best is trial 8 with value: 0.36682488422694026.
[I 2026-09-17 11:03:04,515] Trial 23 finished with value: -0.28169039349111785 and parameters: {'coeff': 2, 'AP': 22, 'alpha.condition_threshold': 80}. Best is trial 8 with value: 0.36682488422694026.
[I 2026-09-17 11:03:52,783] Trial 24 finished with value: -1.4951129029990007 and parameters: {'coeff': 1, 'AP': 19, 'alpha.condition_threshold': 75}. Best is trial 8 with value: 0.36682488422694026.
[I 2026-09-17 11:04:42,114] Trial 25 finished with value: -3.442559061690394 and parameters: {'coeff': 2, 'AP': 12, 'alpha.condition_threshold': 70}. Best is trial 8 with value: 0.36682488422694026.
[I 2026-09-17 11:05:29,320] Trial 26 finished with value: -0.20695076769437076 and parameters: {'coeff': 1, 'AP': 24, 'alpha.condition_threshold': 75}. Best is trial 8 with value: 0.36682488422694026.
[I 2026-09-17 11:06:21,245] Trial 27 finished with value: -3.839360268848117 and parameters: {'coeff': 2, 'AP': 42, 'alpha.condition_threshold': 60}. Best is trial 8 with value: 0.36682488422694026.
[I 2026-09-17 11:07:11,605] Trial 28 finished with value: -4.3663343131955195 and parameters: {'coeff': 1, 'AP': 26, 'alpha.condition_threshold': 45}. Best is trial 8 with value: 0.36682488422694026.
[I 2026-09-17 11:07:56,683] Trial 29 finished with value: -inf and parameters: {'coeff': 3, 'AP': 53, 'alpha.condition_threshold': 80}. Best is trial 8 with value: 0.36682488422694026.
[I 2026-09-17 11:08:47,325] Trial 30 finished with value: -3.845756086372384 and parameters: {'coeff': 2, 'AP': 35, 'alpha.condition_threshold': 60}. Best is trial 8 with value: 0.36682488422694026.
[I 2026-09-17 11:09:37,076] Trial 31 finished with value: -1.6182001185287063 and parameters: {'coeff': 1, 'AP': 21, 'alpha.condition_threshold': 75}. Best is trial 8 with value: 0.36682488422694026.
[I 2026-09-17 11:09:38,317] A new study created in memory with name: no-name-0914ba52-25d8-4dfd-92ce-118651ccc25e
[I 2026-09-17 11:10:27,340] Trial 0 finished with value: -1.1490153482795256 and parameters: {'coeff': 6, 'AP': 58, 'alpha.condition_threshold': 40}. Best is trial 0 with value: -1.1490153482795256.
[I 2026-09-17 11:11:20,437] Trial 1 finished with value: -0.3654629286901103 and parameters: {'coeff': 1, 'AP': 33, 'alpha.condition_threshold': 65}. Best is trial 1 with value: -0.3654629286901103.
[I 2026-09-17 11:12:11,042] Trial 2 finished with value: -0.5964912533932876 and parameters: {'coeff': 8, 'AP': 45, 'alpha.condition_threshold': 35}. Best is trial 1 with value: -0.3654629286901103.
[I 2026-09-17 11:12:59,417] Trial 3 finished with value: 0.8321289276019863 and parameters: {'coeff': 1, 'AP': 23, 'alpha.condition_threshold': 75}. Best is trial 3 with value: 0.8321289276019863.
[I 2026-09-17 11:13:50,071] Trial 4 finished with value: -3.8428486455881514 and parameters: {'coeff': 1, 'AP': 17, 'alpha.condition_threshold': 50}. Best is trial 3 with value: 0.8321289276019863.
[I 2026-09-17 11:14:38,997] Trial 5 finished with value: 0.5780841486233852 and parameters: {'coeff': 4, 'AP': 60, 'alpha.condition_threshold': 70}. Best is trial 3 with value: 0.8321289276019863.
[I 2026-09-17 11:15:28,062] Trial 6 finished with value: -0.21643157257361093 and parameters: {'coeff': 4, 'AP': 31, 'alpha.condition_threshold': 80}. Best is trial 3 with value: 0.8321289276019863.
[I 2026-09-17 11:16:17,584] Trial 7 finished with value: -0.6790224272635758 and parameters: {'coeff': 2, 'AP': 25, 'alpha.condition_threshold': 65}. Best is trial 3 with value: 0.8321289276019863.
[I 2026-09-17 11:17:05,958] Trial 8 finished with value: -0.6792742632400014 and parameters: {'coeff': 1, 'AP': 27, 'alpha.condition_threshold': 75}. Best is trial 3 with value: 0.8321289276019863.
[I 2026-09-17 11:17:54,166] Trial 9 finished with value: 0.680342618543981 and parameters: {'coeff': 7, 'AP': 18, 'alpha.condition_threshold': 65}. Best is trial 3 with value: 0.8321289276019863.
[I 2026-09-17 11:18:43,306] Trial 10 finished with value: 1.0001938787394746 and parameters: {'coeff': 3, 'AP': 5, 'alpha.condition_threshold': 50}. Best is trial 10 with value: 1.0001938787394746.
