[I 2026-09-15 11:47:47,090] A new study created in memory with name: no-name-7e2658ea-e705-464b-9170-3470121eeece
[I 2026-09-15 11:47:47,429] Trial 0 finished with value: -0.4368002084722592 and parameters: {'coeff': 6, 'AP': 58, 'alpha.condition_threshold': 40}. Best is trial 0 with value: -0.4368002084722592.
[I 2026-09-15 11:47:47,686] Trial 1 finished with value: -1.4017733609799858 and parameters: {'coeff': 1, 'AP': 33, 'alpha.condition_threshold': 65}. Best is trial 0 with value: -0.4368002084722592.
[I 2026-09-15 11:47:47,937] Trial 2 finished with value: 0.49811356507786864 and parameters: {'coeff': 8, 'AP': 45, 'alpha.condition_threshold': 35}. Best is trial 2 with value: 0.49811356507786864.
[I 2026-09-15 11:47:48,186] Trial 3 finished with value: 1.0668920530111476 and parameters: {'coeff': 1, 'AP': 23, 'alpha.condition_threshold': 75}. Best is trial 3 with value: 1.0668920530111476.
[I 2026-09-15 11:47:48,462] Trial 4 finished with value: -1.3624124099275403 and parameters: {'coeff': 1, 'AP': 17, 'alpha.condition_threshold': 50}. Best is trial 3 with value: 1.0668920530111476.
[I 2026-09-15 11:47:48,718] Trial 5 finished with value: 0.33144686354237457 and parameters: {'coeff': 4, 'AP': 60, 'alpha.condition_threshold': 70}. Best is trial 3 with value: 1.0668920530111476.
[I 2026-09-15 11:47:48,959] Trial 6 finished with value: -0.10285186627155879 and parameters: {'coeff': 4, 'AP': 31, 'alpha.condition_threshold': 80}. Best is trial 3 with value: 1.0668920530111476.
[I 2026-09-15 11:47:49,226] Trial 7 finished with value: 2.0069218571506284 and parameters: {'coeff': 2, 'AP': 25, 'alpha.condition_threshold': 65}. Best is trial 7 with value: 2.0069218571506284.
[I 2026-09-15 11:47:49,486] Trial 8 finished with value: -0.7974371267912335 and parameters: {'coeff': 1, 'AP': 27, 'alpha.condition_threshold': 75}. Best is trial 7 with value: 2.0069218571506284.
[I 2026-09-15 11:47:49,729] Trial 9 finished with value: -0.9676527308752522 and parameters: {'coeff': 7, 'AP': 18, 'alpha.condition_threshold': 65}. Best is trial 7 with value: 2.0069218571506284.
[I 2026-09-15 11:47:49,994] Trial 10 finished with value: 0.21768060767258965 and parameters: {'coeff': 3, 'AP': 5, 'alpha.condition_threshold': 55}. Best is trial 7 with value: 2.0069218571506284.
[I 2026-09-15 11:47:50,241] Trial 11 finished with value: 0.3631574910222312 and parameters: {'coeff': 2, 'AP': 20, 'alpha.condition_threshold': 60}. Best is trial 7 with value: 2.0069218571506284.
[I 2026-09-15 11:47:50,507] Trial 12 finished with value: -0.5702974636191284 and parameters: {'coeff': 3, 'AP': 38, 'alpha.condition_threshold': 80}. Best is trial 7 with value: 2.0069218571506284.
[I 2026-09-15 11:47:50,847] Trial 13 finished with value: 0.4272128673956267 and parameters: {'coeff': 2, 'AP': 8, 'alpha.condition_threshold': 70}. Best is trial 7 with value: 2.0069218571506284.
[I 2026-09-15 11:47:51,109] Trial 14 finished with value: -0.8453137126695686 and parameters: {'coeff': 5, 'AP': 45, 'alpha.condition_threshold': 50}. Best is trial 7 with value: 2.0069218571506284.
[I 2026-09-15 11:47:51,375] Trial 15 finished with value: 0.1542663397140414 and parameters: {'coeff': 2, 'AP': 23, 'alpha.condition_threshold': 70}. Best is trial 7 with value: 2.0069218571506284.
[I 2026-09-15 11:47:51,689] Trial 16 finished with value: 0.40924269674952013 and parameters: {'coeff': 3, 'AP': 14, 'alpha.condition_threshold': 60}. Best is trial 7 with value: 2.0069218571506284.
[I 2026-09-15 11:47:51,949] Trial 17 finished with value: 1.2727838308380552 and parameters: {'coeff': 2, 'AP': 40, 'alpha.condition_threshold': 75}. Best is trial 7 with value: 2.0069218571506284.
[I 2026-09-15 11:47:52,206] Trial 18 finished with value: -0.6239654105467034 and parameters: {'coeff': 5, 'AP': 43, 'alpha.condition_threshold': 50}. Best is trial 7 with value: 2.0069218571506284.
[I 2026-09-15 11:47:52,461] Trial 19 finished with value: 0.7944923749820735 and parameters: {'coeff': 3, 'AP': 51, 'alpha.condition_threshold': 30}. Best is trial 7 with value: 2.0069218571506284.
[I 2026-09-15 11:47:52,715] Trial 20 finished with value: 1.289789023473244 and parameters: {'coeff': 2, 'AP': 33, 'alpha.condition_threshold': 60}. Best is trial 7 with value: 2.0069218571506284.
[I 2026-09-15 11:47:53,054] Trial 21 finished with value: 0.5965619706735524 and parameters: {'coeff': 2, 'AP': 36, 'alpha.condition_threshold': 60}. Best is trial 7 with value: 2.0069218571506284.
[I 2026-09-15 11:47:53,306] Trial 22 finished with value: 1.426319204052296 and parameters: {'coeff': 2, 'AP': 29, 'alpha.condition_threshold': 65}. Best is trial 7 with value: 2.0069218571506284.
[I 2026-09-15 11:47:53,565] Trial 23 finished with value: -0.5692520318145626 and parameters: {'coeff': 4, 'AP': 28, 'alpha.condition_threshold': 55}. Best is trial 7 with value: 2.0069218571506284.
[I 2026-09-15 11:47:53,871] Trial 24 finished with value: 0.7574738484973654 and parameters: {'coeff': 3, 'AP': 27, 'alpha.condition_threshold': 65}. Best is trial 7 with value: 2.0069218571506284.
[I 2026-09-15 11:47:54,146] Trial 25 finished with value: 0.2108250553286516 and parameters: {'coeff': 2, 'AP': 12, 'alpha.condition_threshold': 45}. Best is trial 7 with value: 2.0069218571506284.
[I 2026-09-15 11:47:54,423] Trial 26 finished with value: -0.8205569991748562 and parameters: {'coeff': 1, 'AP': 33, 'alpha.condition_threshold': 60}. Best is trial 7 with value: 2.0069218571506284.
[I 2026-09-15 11:48:45,297] Trial 27 finished with value: -0.39407903270450834 and parameters: {'coeff': 4, 'AP': 24, 'alpha.condition_threshold': 65}. Best is trial 7 with value: 2.0069218571506284.
[I 2026-09-15 11:49:35,035] Trial 28 finished with value: -0.19651071527152927 and parameters: {'coeff': 3, 'AP': 30, 'alpha.condition_threshold': 55}. Best is trial 7 with value: 2.0069218571506284.
[I 2026-09-15 11:50:27,232] Trial 29 finished with value: -0.9713519094907391 and parameters: {'coeff': 6, 'AP': 53, 'alpha.condition_threshold': 45}. Best is trial 7 with value: 2.0069218571506284.
[I 2026-09-15 11:51:21,723] Trial 30 finished with value: 0.6467408649826796 and parameters: {'coeff': 5, 'AP': 35, 'alpha.condition_threshold': 70}. Best is trial 7 with value: 2.0069218571506284.
[I 2026-09-15 11:52:14,188] Trial 31 finished with value: 0.909871093901694 and parameters: {'coeff': 2, 'AP': 41, 'alpha.condition_threshold': 75}. Best is trial 7 with value: 2.0069218571506284.
[I 2026-09-15 14:59:40,247] A new study created in memory with name: no-name-070f4445-9bdf-4dc7-ab65-d436e731877f
[I 2026-09-15 15:00:27,396] Trial 0 finished with value: -0.10859338456425201 and parameters: {'coeff': 6, 'AP': 58, 'alpha.condition_threshold': 40}. Best is trial 0 with value: -0.10859338456425201.
[I 2026-09-15 15:01:15,568] Trial 1 finished with value: -1.6031894106174187 and parameters: {'coeff': 1, 'AP': 33, 'alpha.condition_threshold': 65}. Best is trial 0 with value: -0.10859338456425201.
[I 2026-09-15 15:02:04,517] Trial 2 finished with value: -0.3666055754243828 and parameters: {'coeff': 8, 'AP': 45, 'alpha.condition_threshold': 35}. Best is trial 0 with value: -0.10859338456425201.
[I 2026-09-15 15:02:50,629] Trial 3 finished with value: -2.4115068887610853 and parameters: {'coeff': 1, 'AP': 23, 'alpha.condition_threshold': 75}. Best is trial 0 with value: -0.10859338456425201.
[I 2026-09-15 15:03:38,161] Trial 4 finished with value: -3.974475907655374 and parameters: {'coeff': 1, 'AP': 17, 'alpha.condition_threshold': 50}. Best is trial 0 with value: -0.10859338456425201.
[I 2026-09-15 15:04:23,852] Trial 5 finished with value: -1.0369783715530485 and parameters: {'coeff': 4, 'AP': 60, 'alpha.condition_threshold': 70}. Best is trial 0 with value: -0.10859338456425201.
[I 2026-09-15 15:05:09,807] Trial 6 finished with value: -1.94875770313569 and parameters: {'coeff': 4, 'AP': 31, 'alpha.condition_threshold': 80}. Best is trial 0 with value: -0.10859338456425201.
[I 2026-09-15 15:05:56,870] Trial 7 finished with value: -1.2944425071865004 and parameters: {'coeff': 2, 'AP': 25, 'alpha.condition_threshold': 65}. Best is trial 0 with value: -0.10859338456425201.
[I 2026-09-15 15:06:43,030] Trial 8 finished with value: -0.7965723855266756 and parameters: {'coeff': 1, 'AP': 27, 'alpha.condition_threshold': 75}. Best is trial 0 with value: -0.10859338456425201.
[I 2026-09-15 15:07:29,504] Trial 9 finished with value: -0.05526040386455855 and parameters: {'coeff': 7, 'AP': 18, 'alpha.condition_threshold': 65}. Best is trial 9 with value: -0.05526040386455855.
[I 2026-09-15 15:08:15,892] Trial 10 finished with value: 0.2774030137827396 and parameters: {'coeff': 8, 'AP': 5, 'alpha.condition_threshold': 55}. Best is trial 10 with value: 0.2774030137827396.
[I 2026-09-15 15:09:03,356] Trial 11 finished with value: 0.05472994879185156 and parameters: {'coeff': 8, 'AP': 7, 'alpha.condition_threshold': 55}. Best is trial 10 with value: 0.2774030137827396.
[I 2026-09-15 15:09:49,657] Trial 12 finished with value: 0.2774030137827396 and parameters: {'coeff': 8, 'AP': 5, 'alpha.condition_threshold': 50}. Best is trial 10 with value: 0.2774030137827396.
[I 2026-09-15 15:10:36,518] Trial 13 finished with value: -0.4792491500611335 and parameters: {'coeff': 6, 'AP': 5, 'alpha.condition_threshold': 50}. Best is trial 10 with value: 0.2774030137827396.
[I 2026-09-15 15:11:23,425] Trial 14 finished with value: -0.26005578884912617 and parameters: {'coeff': 6, 'AP': 12, 'alpha.condition_threshold': 45}. Best is trial 10 with value: 0.2774030137827396.
[I 2026-09-15 15:12:09,859] Trial 15 finished with value: -0.6737184856733569 and parameters: {'coeff': 7, 'AP': 41, 'alpha.condition_threshold': 30}. Best is trial 10 with value: 0.2774030137827396.
[I 2026-09-15 15:12:56,122] Trial 16 finished with value: 0.13630656818668113 and parameters: {'coeff': 8, 'AP': 12, 'alpha.condition_threshold': 55}. Best is trial 10 with value: 0.2774030137827396.
[I 2026-09-15 15:13:42,913] Trial 17 finished with value: -1.5546661141188636 and parameters: {'coeff': 5, 'AP': 12, 'alpha.condition_threshold': 45}. Best is trial 10 with value: 0.2774030137827396.
[I 2026-09-15 15:14:29,173] Trial 18 finished with value: 0.4260599270888041 and parameters: {'coeff': 7, 'AP': 5, 'alpha.condition_threshold': 60}. Best is trial 18 with value: 0.4260599270888041.
[I 2026-09-15 15:15:15,321] Trial 19 finished with value: 0.04262721536409569 and parameters: {'coeff': 7, 'AP': 17, 'alpha.condition_threshold': 60}. Best is trial 18 with value: 0.4260599270888041.
[I 2026-09-15 15:16:03,801] Trial 20 finished with value: -1.6564360838102146 and parameters: {'coeff': 3, 'AP': 40, 'alpha.condition_threshold': 60}. Best is trial 18 with value: 0.4260599270888041.
[I 2026-09-15 15:16:03,811] Trial 21 pruned. duplicate parameter set
[I 2026-09-15 15:16:51,965] Trial 22 finished with value: 0.5215358336126468 and parameters: {'coeff': 7, 'AP': 9, 'alpha.condition_threshold': 60}. Best is trial 22 with value: 0.5215358336126468.
[I 2026-09-15 15:17:39,884] Trial 23 finished with value: 0.23730832242728664 and parameters: {'coeff': 7, 'AP': 10, 'alpha.condition_threshold': 60}. Best is trial 22 with value: 0.5215358336126468.
[I 2026-09-15 15:18:28,591] Trial 24 finished with value: -1.3038455420823605 and parameters: {'coeff': 5, 'AP': 17, 'alpha.condition_threshold': 60}. Best is trial 22 with value: 0.5215358336126468.
[I 2026-09-15 15:19:17,011] Trial 25 finished with value: 0.014478766430736312 and parameters: {'coeff': 6, 'AP': 10, 'alpha.condition_threshold': 70}. Best is trial 22 with value: 0.5215358336126468.
[I 2026-09-15 15:20:06,141] Trial 26 finished with value: 0.12244724959611221 and parameters: {'coeff': 7, 'AP': 20, 'alpha.condition_threshold': 55}. Best is trial 22 with value: 0.5215358336126468.
[I 2026-09-15 15:20:54,886] Trial 27 finished with value: 0.3752569932191177 and parameters: {'coeff': 7, 'AP': 9, 'alpha.condition_threshold': 70}. Best is trial 22 with value: 0.5215358336126468.
[I 2026-09-15 15:21:44,158] Trial 28 finished with value: -1.574156964496046 and parameters: {'coeff': 5, 'AP': 14, 'alpha.condition_threshold': 70}. Best is trial 22 with value: 0.5215358336126468.
[I 2026-09-15 15:22:32,234] Trial 29 finished with value: -inf and parameters: {'coeff': 6, 'AP': 53, 'alpha.condition_threshold': 80}. Best is trial 22 with value: 0.5215358336126468.
[I 2026-09-15 15:23:20,753] Trial 30 finished with value: -0.4391153420562694 and parameters: {'coeff': 6, 'AP': 9, 'alpha.condition_threshold': 75}. Best is trial 22 with value: 0.5215358336126468.
[I 2026-09-15 15:24:08,789] Trial 31 finished with value: 0.4398875057543017 and parameters: {'coeff': 7, 'AP': 8, 'alpha.condition_threshold': 65}. Best is trial 22 with value: 0.5215358336126468.
[I 2026-09-15 15:24:10,316] A new study created in memory with name: no-name-63147e4a-4429-4112-ba19-0e6a17518d8d
[I 2026-09-15 15:24:57,234] Trial 0 finished with value: 1.3323338453030062 and parameters: {'coeff': 6, 'AP': 58, 'alpha.condition_threshold': 40}. Best is trial 0 with value: 1.3323338453030062.
[I 2026-09-15 15:25:44,211] Trial 1 finished with value: -2.2167619966640335 and parameters: {'coeff': 1, 'AP': 33, 'alpha.condition_threshold': 65}. Best is trial 0 with value: 1.3323338453030062.
[I 2026-09-15 15:26:31,213] Trial 2 finished with value: 1.2865379034909343 and parameters: {'coeff': 8, 'AP': 45, 'alpha.condition_threshold': 35}. Best is trial 0 with value: 1.3323338453030062.
[I 2026-09-15 15:27:19,264] Trial 3 finished with value: -3.0053448839777985 and parameters: {'coeff': 1, 'AP': 23, 'alpha.condition_threshold': 75}. Best is trial 0 with value: 1.3323338453030062.
[I 2026-09-15 15:28:08,216] Trial 4 finished with value: -2.8907554891333462 and parameters: {'coeff': 1, 'AP': 17, 'alpha.condition_threshold': 50}. Best is trial 0 with value: 1.3323338453030062.
[I 2026-09-15 15:28:56,179] Trial 5 finished with value: 1.4088935707560364 and parameters: {'coeff': 4, 'AP': 60, 'alpha.condition_threshold': 70}. Best is trial 5 with value: 1.4088935707560364.
[I 2026-09-15 15:29:42,433] Trial 6 finished with value: 0.2915965156434684 and parameters: {'coeff': 4, 'AP': 31, 'alpha.condition_threshold': 80}. Best is trial 5 with value: 1.4088935707560364.
[I 2026-09-15 15:30:31,058] Trial 7 finished with value: -0.3636395568479636 and parameters: {'coeff': 2, 'AP': 25, 'alpha.condition_threshold': 65}. Best is trial 5 with value: 1.4088935707560364.
[I 2026-09-15 15:31:20,332] Trial 8 finished with value: -2.0444735570789447 and parameters: {'coeff': 1, 'AP': 27, 'alpha.condition_threshold': 75}. Best is trial 5 with value: 1.4088935707560364.
[I 2026-09-15 15:32:11,024] Trial 9 finished with value: 0.9088269257976572 and parameters: {'coeff': 7, 'AP': 18, 'alpha.condition_threshold': 65}. Best is trial 5 with value: 1.4088935707560364.
[I 2026-09-15 15:33:00,580] Trial 10 finished with value: 0.9202031354359933 and parameters: {'coeff': 4, 'AP': 5, 'alpha.condition_threshold': 50}. Best is trial 5 with value: 1.4088935707560364.
[I 2026-09-15 15:33:49,725] Trial 11 finished with value: -0.030421810328695908 and parameters: {'coeff': 6, 'AP': 59, 'alpha.condition_threshold': 30}. Best is trial 5 with value: 1.4088935707560364.
[I 2026-09-15 15:34:37,810] Trial 12 finished with value: 0.6365332532840351 and parameters: {'coeff': 5, 'AP': 57, 'alpha.condition_threshold': 40}. Best is trial 5 with value: 1.4088935707560364.
[I 2026-09-15 15:35:26,463] Trial 13 finished with value: -0.6225040947169871 and parameters: {'coeff': 3, 'AP': 48, 'alpha.condition_threshold': 45}. Best is trial 5 with value: 1.4088935707560364.
[I 2026-09-15 15:36:13,884] Trial 14 finished with value: 0.46795441574502666 and parameters: {'coeff': 6, 'AP': 48, 'alpha.condition_threshold': 60}. Best is trial 5 with value: 1.4088935707560364.
[I 2026-09-15 15:37:02,166] Trial 15 finished with value: 0.31425796286083624 and parameters: {'coeff': 5, 'AP': 40, 'alpha.condition_threshold': 55}. Best is trial 5 with value: 1.4088935707560364.
[I 2026-09-15 15:37:48,969] Trial 16 finished with value: 2.3553222061015777 and parameters: {'coeff': 3, 'AP': 54, 'alpha.condition_threshold': 30}. Best is trial 16 with value: 2.3553222061015777.
[I 2026-09-15 15:38:37,636] Trial 17 finished with value: 0.6133991452373732 and parameters: {'coeff': 3, 'AP': 53, 'alpha.condition_threshold': 30}. Best is trial 16 with value: 2.3553222061015777.
[I 2026-09-15 15:39:23,912] Trial 18 finished with value: -0.5865972048640703 and parameters: {'coeff': 3, 'AP': 40, 'alpha.condition_threshold': 70}. Best is trial 16 with value: 2.3553222061015777.
[I 2026-09-15 15:40:12,020] Trial 19 finished with value: -inf and parameters: {'coeff': 2, 'AP': 53, 'alpha.condition_threshold': 80}. Best is trial 16 with value: 2.3553222061015777.
[I 2026-09-15 15:41:02,720] Trial 20 finished with value: 0.5845747310183983 and parameters: {'coeff': 4, 'AP': 40, 'alpha.condition_threshold': 55}. Best is trial 16 with value: 2.3553222061015777.
[I 2026-09-15 15:41:51,786] Trial 21 finished with value: 1.4968689073806047 and parameters: {'coeff': 6, 'AP': 60, 'alpha.condition_threshold': 40}. Best is trial 16 with value: 2.3553222061015777.
[I 2026-09-15 15:42:41,734] Trial 22 finished with value: 1.6737770565153214 and parameters: {'coeff': 5, 'AP': 60, 'alpha.condition_threshold': 35}. Best is trial 16 with value: 2.3553222061015777.
[I 2026-09-15 15:43:31,672] Trial 23 finished with value: 1.654775348821036 and parameters: {'coeff': 7, 'AP': 52, 'alpha.condition_threshold': 35}. Best is trial 16 with value: 2.3553222061015777.
[I 2026-09-15 15:44:21,176] Trial 24 finished with value: 1.2269546272240777 and parameters: {'coeff': 7, 'AP': 53, 'alpha.condition_threshold': 35}. Best is trial 16 with value: 2.3553222061015777.
[I 2026-09-15 15:44:21,189] Trial 25 pruned. duplicate parameter set
[I 2026-09-15 15:45:11,465] Trial 26 finished with value: 2.4142316922976765 and parameters: {'coeff': 7, 'AP': 52, 'alpha.condition_threshold': 30}. Best is trial 26 with value: 2.4142316922976765.
[I 2026-09-15 15:46:00,504] Trial 27 finished with value: 0.483357553430685 and parameters: {'coeff': 5, 'AP': 55, 'alpha.condition_threshold': 30}. Best is trial 26 with value: 2.4142316922976765.
[I 2026-09-15 15:46:48,466] Trial 28 finished with value: -0.7745697905009401 and parameters: {'coeff': 2, 'AP': 46, 'alpha.condition_threshold': 45}. Best is trial 26 with value: 2.4142316922976765.
[I 2026-09-15 15:47:35,357] Trial 29 finished with value: 2.5980451962696822 and parameters: {'coeff': 7, 'AP': 50, 'alpha.condition_threshold': 30}. Best is trial 29 with value: 2.5980451962696822.
[I 2026-09-15 15:48:22,660] Trial 30 finished with value: 1.9216776288182844 and parameters: {'coeff': 8, 'AP': 36, 'alpha.condition_threshold': 30}. Best is trial 29 with value: 2.5980451962696822.
[I 2026-09-15 15:48:22,671] Trial 31 pruned. duplicate parameter set
[I 2026-09-15 15:48:23,926] A new study created in memory with name: no-name-2c4eba91-1ced-41e8-9d7b-195656630b62
[I 2026-09-15 15:49:10,573] Trial 0 finished with value: -2.0655946354419368 and parameters: {'coeff': 6, 'AP': 58, 'alpha.condition_threshold': 40}. Best is trial 0 with value: -2.0655946354419368.
[I 2026-09-15 15:49:56,780] Trial 1 finished with value: -5.342258258629809 and parameters: {'coeff': 1, 'AP': 33, 'alpha.condition_threshold': 65}. Best is trial 0 with value: -2.0655946354419368.
[I 2026-09-15 15:50:43,793] Trial 2 finished with value: -2.1301500308550807 and parameters: {'coeff': 8, 'AP': 45, 'alpha.condition_threshold': 35}. Best is trial 0 with value: -2.0655946354419368.
[I 2026-09-15 15:51:32,068] Trial 3 finished with value: -2.884698679010093 and parameters: {'coeff': 1, 'AP': 23, 'alpha.condition_threshold': 75}. Best is trial 0 with value: -2.0655946354419368.
[I 2026-09-15 15:52:20,110] Trial 4 finished with value: -6.02319524552989 and parameters: {'coeff': 1, 'AP': 17, 'alpha.condition_threshold': 50}. Best is trial 0 with value: -2.0655946354419368.
[I 2026-09-15 15:53:05,258] Trial 5 finished with value: -1.6099902545830318 and parameters: {'coeff': 4, 'AP': 60, 'alpha.condition_threshold': 70}. Best is trial 5 with value: -1.6099902545830318.
[I 2026-09-15 15:53:50,820] Trial 6 finished with value: -1.1372649552569525 and parameters: {'coeff': 4, 'AP': 31, 'alpha.condition_threshold': 80}. Best is trial 6 with value: -1.1372649552569525.
[I 2026-09-15 15:54:37,390] Trial 7 finished with value: -3.612306267652336 and parameters: {'coeff': 2, 'AP': 25, 'alpha.condition_threshold': 65}. Best is trial 6 with value: -1.1372649552569525.
[I 2026-09-15 15:55:23,938] Trial 8 finished with value: -2.1906761763492932 and parameters: {'coeff': 1, 'AP': 27, 'alpha.condition_threshold': 75}. Best is trial 6 with value: -1.1372649552569525.
[I 2026-09-15 15:56:12,071] Trial 9 finished with value: -3.471174333230868 and parameters: {'coeff': 7, 'AP': 18, 'alpha.condition_threshold': 65}. Best is trial 6 with value: -1.1372649552569525.
[I 2026-09-15 15:57:03,627] Trial 10 finished with value: -4.2882994410870054 and parameters: {'coeff': 4, 'AP': 5, 'alpha.condition_threshold': 50}. Best is trial 6 with value: -1.1372649552569525.
[I 2026-09-15 15:57:49,332] Trial 11 finished with value: -0.7562636460712524 and parameters: {'coeff': 4, 'AP': 42, 'alpha.condition_threshold': 80}. Best is trial 11 with value: -0.7562636460712524.
[I 2026-09-15 15:58:34,897] Trial 12 finished with value: -0.5308117070919468 and parameters: {'coeff': 5, 'AP': 41, 'alpha.condition_threshold': 80}. Best is trial 12 with value: -0.5308117070919468.
[I 2026-09-15 15:59:19,356] Trial 13 finished with value: -inf and parameters: {'coeff': 5, 'AP': 44, 'alpha.condition_threshold': 80}. Best is trial 12 with value: -0.5308117070919468.
