[I 2026-09-15 16:00:06,261] Trial 14 finished with value: -3.6365503301147366 and parameters: {'coeff': 3, 'AP': 42, 'alpha.condition_threshold': 55}. Best is trial 12 with value: -0.5308117070919468.
[I 2026-09-15 16:00:50,979] Trial 15 finished with value: -inf and parameters: {'coeff': 5, 'AP': 52, 'alpha.condition_threshold': 80}. Best is trial 12 with value: -0.5308117070919468.
[I 2026-09-15 16:01:37,464] Trial 16 finished with value: -1.7572189161767275 and parameters: {'coeff': 6, 'AP': 37, 'alpha.condition_threshold': 70}. Best is trial 12 with value: -0.5308117070919468.
[I 2026-09-15 16:02:24,168] Trial 17 finished with value: -3.6776730299446654 and parameters: {'coeff': 3, 'AP': 49, 'alpha.condition_threshold': 60}. Best is trial 12 with value: -0.5308117070919468.
[I 2026-09-15 16:03:09,428] Trial 18 finished with value: -1.3991100551273257 and parameters: {'coeff': 6, 'AP': 37, 'alpha.condition_threshold': 75}. Best is trial 12 with value: -0.5308117070919468.
[I 2026-09-15 16:03:56,070] Trial 19 finished with value: -2.32058452529903 and parameters: {'coeff': 3, 'AP': 51, 'alpha.condition_threshold': 30}. Best is trial 12 with value: -0.5308117070919468.
[I 2026-09-15 16:04:42,371] Trial 20 finished with value: -2.251917827450188 and parameters: {'coeff': 5, 'AP': 40, 'alpha.condition_threshold': 70}. Best is trial 12 with value: -0.5308117070919468.
[I 2026-09-15 16:05:27,537] Trial 21 finished with value: -0.6201049002839963 and parameters: {'coeff': 4, 'AP': 33, 'alpha.condition_threshold': 80}. Best is trial 12 with value: -0.5308117070919468.
[I 2026-09-15 16:06:12,834] Trial 22 finished with value: -0.6665714587372001 and parameters: {'coeff': 4, 'AP': 35, 'alpha.condition_threshold': 80}. Best is trial 12 with value: -0.5308117070919468.
[I 2026-09-15 16:06:58,872] Trial 23 finished with value: -1.5552110181774197 and parameters: {'coeff': 3, 'AP': 32, 'alpha.condition_threshold': 75}. Best is trial 12 with value: -0.5308117070919468.
[I 2026-09-15 16:07:45,838] Trial 24 finished with value: -0.5308117070919468 and parameters: {'coeff': 5, 'AP': 36, 'alpha.condition_threshold': 80}. Best is trial 12 with value: -0.5308117070919468.
[I 2026-09-15 16:08:37,289] Trial 25 finished with value: -2.080051060592133 and parameters: {'coeff': 7, 'AP': 28, 'alpha.condition_threshold': 70}. Best is trial 12 with value: -0.5308117070919468.
[I 2026-09-15 16:09:27,041] Trial 26 finished with value: -3.3922780488309505 and parameters: {'coeff': 5, 'AP': 20, 'alpha.condition_threshold': 60}. Best is trial 12 with value: -0.5308117070919468.
[I 2026-09-15 16:10:14,897] Trial 27 finished with value: -2.1755712453564002 and parameters: {'coeff': 6, 'AP': 11, 'alpha.condition_threshold': 75}. Best is trial 12 with value: -0.5308117070919468.
[I 2026-09-15 16:11:01,574] Trial 28 finished with value: -2.8689878867200735 and parameters: {'coeff': 7, 'AP': 38, 'alpha.condition_threshold': 45}. Best is trial 12 with value: -0.5308117070919468.
[I 2026-09-15 16:11:47,803] Trial 29 finished with value: -2.049442792161967 and parameters: {'coeff': 5, 'AP': 46, 'alpha.condition_threshold': 60}. Best is trial 12 with value: -0.5308117070919468.
[I 2026-09-15 16:12:32,039] Trial 30 finished with value: -inf and parameters: {'coeff': 6, 'AP': 55, 'alpha.condition_threshold': 80}. Best is trial 12 with value: -0.5308117070919468.
[I 2026-09-15 16:12:32,050] Trial 31 pruned. duplicate parameter set
[I 2026-09-15 16:12:33,283] A new study created in memory with name: no-name-84b58058-16eb-4fbd-924c-23873df5c050
[I 2026-09-15 16:13:19,551] Trial 0 finished with value: 0.823920063460494 and parameters: {'coeff': 6, 'AP': 58, 'alpha.condition_threshold': 40}. Best is trial 0 with value: 0.823920063460494.
[I 2026-09-15 16:14:05,970] Trial 1 finished with value: -2.9929869853939475 and parameters: {'coeff': 1, 'AP': 33, 'alpha.condition_threshold': 65}. Best is trial 0 with value: 0.823920063460494.
[I 2026-09-15 16:14:52,996] Trial 2 finished with value: 0.5962325357259971 and parameters: {'coeff': 8, 'AP': 45, 'alpha.condition_threshold': 35}. Best is trial 0 with value: 0.823920063460494.
[I 2026-09-15 16:15:39,134] Trial 3 finished with value: -3.126839433483377 and parameters: {'coeff': 1, 'AP': 23, 'alpha.condition_threshold': 75}. Best is trial 0 with value: 0.823920063460494.
[I 2026-09-15 16:16:27,073] Trial 4 finished with value: -4.456218897652989 and parameters: {'coeff': 1, 'AP': 17, 'alpha.condition_threshold': 50}. Best is trial 0 with value: 0.823920063460494.
[I 2026-09-15 16:17:13,287] Trial 5 finished with value: -0.5883862715936535 and parameters: {'coeff': 4, 'AP': 60, 'alpha.condition_threshold': 70}. Best is trial 0 with value: 0.823920063460494.
[I 2026-09-15 16:17:59,120] Trial 6 finished with value: -0.6801422092839794 and parameters: {'coeff': 4, 'AP': 31, 'alpha.condition_threshold': 80}. Best is trial 0 with value: 0.823920063460494.
[I 2026-09-15 16:18:45,631] Trial 7 finished with value: -0.026423741587520082 and parameters: {'coeff': 2, 'AP': 25, 'alpha.condition_threshold': 65}. Best is trial 0 with value: 0.823920063460494.
[I 2026-09-15 16:19:31,212] Trial 8 finished with value: -2.763769216124821 and parameters: {'coeff': 1, 'AP': 27, 'alpha.condition_threshold': 75}. Best is trial 0 with value: 0.823920063460494.
[I 2026-09-15 16:20:17,461] Trial 9 finished with value: 1.2859809494811385 and parameters: {'coeff': 7, 'AP': 18, 'alpha.condition_threshold': 65}. Best is trial 9 with value: 1.2859809494811385.
[I 2026-09-15 16:21:05,425] Trial 10 finished with value: 1.1444663454861934 and parameters: {'coeff': 8, 'AP': 5, 'alpha.condition_threshold': 55}. Best is trial 9 with value: 1.2859809494811385.
[I 2026-09-15 16:21:52,540] Trial 11 finished with value: 1.3434787905135361 and parameters: {'coeff': 8, 'AP': 7, 'alpha.condition_threshold': 55}. Best is trial 11 with value: 1.3434787905135361.
[I 2026-09-15 16:22:39,626] Trial 12 finished with value: 0.5360209835977324 and parameters: {'coeff': 6, 'AP': 5, 'alpha.condition_threshold': 50}. Best is trial 11 with value: 1.3434787905135361.
[I 2026-09-15 16:23:26,190] Trial 13 finished with value: 1.6216103323285727 and parameters: {'coeff': 7, 'AP': 14, 'alpha.condition_threshold': 60}. Best is trial 13 with value: 1.6216103323285727.
[I 2026-09-15 16:24:12,475] Trial 14 finished with value: 0.4244054886927594 and parameters: {'coeff': 6, 'AP': 12, 'alpha.condition_threshold': 45}. Best is trial 13 with value: 1.6216103323285727.
[I 2026-09-15 16:24:59,418] Trial 15 finished with value: 1.3067095136923734 and parameters: {'coeff': 7, 'AP': 11, 'alpha.condition_threshold': 55}. Best is trial 13 with value: 1.6216103323285727.
[I 2026-09-15 16:25:50,132] Trial 16 finished with value: 1.3859465296450837 and parameters: {'coeff': 5, 'AP': 39, 'alpha.condition_threshold': 30}. Best is trial 13 with value: 1.6216103323285727.
[I 2026-09-15 16:26:37,966] Trial 17 finished with value: 1.1001549869652187 and parameters: {'coeff': 5, 'AP': 40, 'alpha.condition_threshold': 30}. Best is trial 13 with value: 1.6216103323285727.
[I 2026-09-15 16:27:25,031] Trial 18 finished with value: -0.9204740513013993 and parameters: {'coeff': 3, 'AP': 48, 'alpha.condition_threshold': 40}. Best is trial 13 with value: 1.6216103323285727.
[I 2026-09-15 16:28:11,872] Trial 19 finished with value: 1.9457897174273273 and parameters: {'coeff': 5, 'AP': 37, 'alpha.condition_threshold': 30}. Best is trial 19 with value: 1.9457897174273273.
[I 2026-09-15 16:28:58,333] Trial 20 finished with value: 1.6887046578886151 and parameters: {'coeff': 7, 'AP': 52, 'alpha.condition_threshold': 45}. Best is trial 19 with value: 1.9457897174273273.
[I 2026-09-15 16:29:45,144] Trial 21 finished with value: 1.144821644959228 and parameters: {'coeff': 7, 'AP': 53, 'alpha.condition_threshold': 40}. Best is trial 19 with value: 1.9457897174273273.
[I 2026-09-15 16:30:31,532] Trial 22 finished with value: 0.6299191885043243 and parameters: {'coeff': 6, 'AP': 36, 'alpha.condition_threshold': 60}. Best is trial 19 with value: 1.9457897174273273.
[I 2026-09-15 16:31:17,778] Trial 23 finished with value: 1.6351239775125253 and parameters: {'coeff': 7, 'AP': 47, 'alpha.condition_threshold': 45}. Best is trial 19 with value: 1.9457897174273273.
[I 2026-09-15 16:32:04,221] Trial 24 finished with value: 2.406640092989944 and parameters: {'coeff': 5, 'AP': 47, 'alpha.condition_threshold': 35}. Best is trial 24 with value: 2.406640092989944.
[I 2026-09-15 16:32:50,506] Trial 25 finished with value: 0.618510612372405 and parameters: {'coeff': 5, 'AP': 54, 'alpha.condition_threshold': 30}. Best is trial 24 with value: 2.406640092989944.
[I 2026-09-15 16:33:36,726] Trial 26 finished with value: 0.010514768616597451 and parameters: {'coeff': 3, 'AP': 42, 'alpha.condition_threshold': 35}. Best is trial 24 with value: 2.406640092989944.
[I 2026-09-15 16:34:23,014] Trial 27 finished with value: 1.3202075570648995 and parameters: {'coeff': 4, 'AP': 52, 'alpha.condition_threshold': 35}. Best is trial 24 with value: 2.406640092989944.
[I 2026-09-15 16:35:09,405] Trial 28 finished with value: -1.0173546451080995 and parameters: {'coeff': 3, 'AP': 50, 'alpha.condition_threshold': 45}. Best is trial 24 with value: 2.406640092989944.
[I 2026-09-15 16:35:55,459] Trial 29 finished with value: 1.31331662923249 and parameters: {'coeff': 5, 'AP': 57, 'alpha.condition_threshold': 40}. Best is trial 24 with value: 2.406640092989944.
[I 2026-09-15 16:36:41,901] Trial 30 finished with value: 1.7870363439084658 and parameters: {'coeff': 6, 'AP': 44, 'alpha.condition_threshold': 35}. Best is trial 24 with value: 2.406640092989944.
[I 2026-09-15 16:36:41,911] Trial 31 pruned. duplicate parameter set
[I 2026-09-15 16:36:43,210] A new study created in memory with name: no-name-af07e8d5-223e-43cf-b02d-0809952642e7
[I 2026-09-15 16:37:31,696] Trial 0 finished with value: 0.20587689320018418 and parameters: {'coeff': 6, 'AP': 58, 'alpha.condition_threshold': 40}. Best is trial 0 with value: 0.20587689320018418.
[I 2026-09-15 16:38:19,013] Trial 1 finished with value: -3.7368636997472904 and parameters: {'coeff': 1, 'AP': 33, 'alpha.condition_threshold': 65}. Best is trial 0 with value: 0.20587689320018418.
[I 2026-09-15 16:39:07,327] Trial 2 finished with value: 0.08630808754532783 and parameters: {'coeff': 8, 'AP': 45, 'alpha.condition_threshold': 35}. Best is trial 0 with value: 0.20587689320018418.
[I 2026-09-15 16:39:53,337] Trial 3 finished with value: 0.11791849054492179 and parameters: {'coeff': 1, 'AP': 23, 'alpha.condition_threshold': 75}. Best is trial 0 with value: 0.20587689320018418.
[I 2026-09-15 16:40:41,076] Trial 4 finished with value: -2.2914113428694174 and parameters: {'coeff': 1, 'AP': 17, 'alpha.condition_threshold': 50}. Best is trial 0 with value: 0.20587689320018418.
[I 2026-09-15 16:41:28,916] Trial 5 finished with value: -0.9146901589116668 and parameters: {'coeff': 4, 'AP': 60, 'alpha.condition_threshold': 70}. Best is trial 0 with value: 0.20587689320018418.
[I 2026-09-15 16:42:17,191] Trial 6 finished with value: -0.2710785533214284 and parameters: {'coeff': 4, 'AP': 31, 'alpha.condition_threshold': 80}. Best is trial 0 with value: 0.20587689320018418.
[I 2026-09-15 16:43:03,592] Trial 7 finished with value: -1.658069996371508 and parameters: {'coeff': 2, 'AP': 25, 'alpha.condition_threshold': 65}. Best is trial 0 with value: 0.20587689320018418.
[I 2026-09-15 16:43:49,293] Trial 8 finished with value: 1.7207782328855163 and parameters: {'coeff': 1, 'AP': 27, 'alpha.condition_threshold': 75}. Best is trial 8 with value: 1.7207782328855163.
[I 2026-09-15 16:44:35,660] Trial 9 finished with value: 0.7270158620382045 and parameters: {'coeff': 7, 'AP': 18, 'alpha.condition_threshold': 65}. Best is trial 8 with value: 1.7207782328855163.
[I 2026-09-15 16:45:22,115] Trial 10 finished with value: -0.5068950851588269 and parameters: {'coeff': 3, 'AP': 5, 'alpha.condition_threshold': 50}. Best is trial 8 with value: 1.7207782328855163.
[I 2026-09-15 16:46:08,156] Trial 11 finished with value: -0.22432044011897057 and parameters: {'coeff': 6, 'AP': 11, 'alpha.condition_threshold': 60}. Best is trial 8 with value: 1.7207782328855163.
[I 2026-09-15 16:46:52,909] Trial 12 finished with value: -inf and parameters: {'coeff': 8, 'AP': 39, 'alpha.condition_threshold': 80}. Best is trial 8 with value: 1.7207782328855163.
