[I 2026-09-15 08:22:01,278] A new study created in memory with name: no-name-3f517cfb-88b0-445b-a543-c983dd3f7e8f
[I 2026-09-15 08:22:55,440] Trial 0 finished with value: -1.1529188586902877 and parameters: {'coeff': 6, 'AP': 58, 'alpha.condition_threshold': 40}. Best is trial 0 with value: -1.1529188586902877.
[I 2026-09-15 08:23:46,770] Trial 1 finished with value: -0.10431849270130766 and parameters: {'coeff': 1, 'AP': 33, 'alpha.condition_threshold': 65}. Best is trial 1 with value: -0.10431849270130766.
[I 2026-09-15 08:24:36,708] Trial 2 finished with value: -0.6958525196942216 and parameters: {'coeff': 8, 'AP': 45, 'alpha.condition_threshold': 35}. Best is trial 1 with value: -0.10431849270130766.
[I 2026-09-15 08:25:27,826] Trial 3 finished with value: -0.1840430985135227 and parameters: {'coeff': 1, 'AP': 23, 'alpha.condition_threshold': 75}. Best is trial 1 with value: -0.10431849270130766.
[I 2026-09-15 08:26:19,568] Trial 4 finished with value: -1.9846870797203708 and parameters: {'coeff': 1, 'AP': 17, 'alpha.condition_threshold': 50}. Best is trial 1 with value: -0.10431849270130766.
[I 2026-09-15 08:27:09,009] Trial 5 finished with value: -0.4115648733291384 and parameters: {'coeff': 4, 'AP': 60, 'alpha.condition_threshold': 70}. Best is trial 1 with value: -0.10431849270130766.
[I 2026-09-15 08:27:59,985] Trial 6 finished with value: 1.0501836502293123 and parameters: {'coeff': 4, 'AP': 31, 'alpha.condition_threshold': 80}. Best is trial 6 with value: 1.0501836502293123.
[I 2026-09-15 08:28:55,331] Trial 7 finished with value: -1.0516562054052492 and parameters: {'coeff': 2, 'AP': 25, 'alpha.condition_threshold': 65}. Best is trial 6 with value: 1.0501836502293123.
[I 2026-09-15 08:29:45,434] Trial 8 finished with value: -2.2214814899675486 and parameters: {'coeff': 1, 'AP': 27, 'alpha.condition_threshold': 75}. Best is trial 6 with value: 1.0501836502293123.
[I 2026-09-15 08:30:36,743] Trial 9 finished with value: -1.2209196496121304 and parameters: {'coeff': 7, 'AP': 18, 'alpha.condition_threshold': 65}. Best is trial 6 with value: 1.0501836502293123.
[I 2026-09-15 08:31:28,817] Trial 10 finished with value: 0.3538876740566629 and parameters: {'coeff': 4, 'AP': 5, 'alpha.condition_threshold': 50}. Best is trial 6 with value: 1.0501836502293123.
[I 2026-09-15 08:32:19,735] Trial 11 finished with value: 0.23698760883182282 and parameters: {'coeff': 4, 'AP': 7, 'alpha.condition_threshold': 50}. Best is trial 6 with value: 1.0501836502293123.
[I 2026-09-15 08:33:11,145] Trial 12 finished with value: -0.8111870441054544 and parameters: {'coeff': 5, 'AP': 5, 'alpha.condition_threshold': 55}. Best is trial 6 with value: 1.0501836502293123.
[I 2026-09-15 08:33:58,379] Trial 13 finished with value: -inf and parameters: {'coeff': 3, 'AP': 38, 'alpha.condition_threshold': 80}. Best is trial 6 with value: 1.0501836502293123.
[I 2026-09-15 08:34:44,850] Trial 14 finished with value: -1.1757308385054848 and parameters: {'coeff': 5, 'AP': 47, 'alpha.condition_threshold': 45}. Best is trial 6 with value: 1.0501836502293123.
[I 2026-09-15 08:35:35,647] Trial 15 finished with value: -1.846118684114533 and parameters: {'coeff': 3, 'AP': 13, 'alpha.condition_threshold': 30}. Best is trial 6 with value: 1.0501836502293123.
[I 2026-09-15 08:36:25,677] Trial 16 finished with value: -1.1174981058292737 and parameters: {'coeff': 3, 'AP': 42, 'alpha.condition_threshold': 55}. Best is trial 6 with value: 1.0501836502293123.
[I 2026-09-15 08:37:16,446] Trial 17 finished with value: -0.2897791163531819 and parameters: {'coeff': 6, 'AP': 34, 'alpha.condition_threshold': 60}. Best is trial 6 with value: 1.0501836502293123.
[I 2026-09-15 08:38:05,415] Trial 18 finished with value: 0.10841844566065527 and parameters: {'coeff': 4, 'AP': 11, 'alpha.condition_threshold': 45}. Best is trial 6 with value: 1.0501836502293123.
[I 2026-09-15 08:38:52,945] Trial 19 finished with value: -inf and parameters: {'coeff': 6, 'AP': 54, 'alpha.condition_threshold': 80}. Best is trial 6 with value: 1.0501836502293123.
[I 2026-09-15 08:39:39,804] Trial 20 finished with value: -1.0758452255727116 and parameters: {'coeff': 5, 'AP': 29, 'alpha.condition_threshold': 55}. Best is trial 6 with value: 1.0501836502293123.
[I 2026-09-15 08:40:28,403] Trial 21 finished with value: 0.3538876740566629 and parameters: {'coeff': 4, 'AP': 5, 'alpha.condition_threshold': 45}. Best is trial 6 with value: 1.0501836502293123.
[I 2026-09-15 08:41:18,311] Trial 22 finished with value: -1.2454281130273077 and parameters: {'coeff': 3, 'AP': 12, 'alpha.condition_threshold': 40}. Best is trial 6 with value: 1.0501836502293123.
[I 2026-09-15 08:42:06,634] Trial 23 finished with value: -0.05194820170607521 and parameters: {'coeff': 4, 'AP': 19, 'alpha.condition_threshold': 45}. Best is trial 6 with value: 1.0501836502293123.
[I 2026-09-15 08:42:53,940] Trial 24 finished with value: -1.9002872917034097 and parameters: {'coeff': 2, 'AP': 8, 'alpha.condition_threshold': 50}. Best is trial 6 with value: 1.0501836502293123.
[I 2026-09-15 08:43:40,099] Trial 25 finished with value: -0.8939855547825896 and parameters: {'coeff': 5, 'AP': 5, 'alpha.condition_threshold': 40}. Best is trial 6 with value: 1.0501836502293123.
[I 2026-09-15 08:44:26,356] Trial 26 finished with value: -2.0713841322464877 and parameters: {'coeff': 2, 'AP': 15, 'alpha.condition_threshold': 60}. Best is trial 6 with value: 1.0501836502293123.
[I 2026-09-15 08:45:13,452] Trial 27 finished with value: -0.07839509385559634 and parameters: {'coeff': 4, 'AP': 21, 'alpha.condition_threshold': 30}. Best is trial 6 with value: 1.0501836502293123.
[I 2026-09-15 08:45:59,922] Trial 28 finished with value: -1.0946956750946204 and parameters: {'coeff': 3, 'AP': 10, 'alpha.condition_threshold': 60}. Best is trial 6 with value: 1.0501836502293123.
[I 2026-09-15 08:46:46,504] Trial 29 finished with value: -0.7439942659625296 and parameters: {'coeff': 7, 'AP': 53, 'alpha.condition_threshold': 35}. Best is trial 6 with value: 1.0501836502293123.
[I 2026-09-15 08:47:32,929] Trial 30 finished with value: -0.23820579883877918 and parameters: {'coeff': 6, 'AP': 38, 'alpha.condition_threshold': 50}. Best is trial 6 with value: 1.0501836502293123.
[I 2026-09-15 08:48:18,998] Trial 31 finished with value: 0.15909083683587355 and parameters: {'coeff': 4, 'AP': 8, 'alpha.condition_threshold': 50}. Best is trial 6 with value: 1.0501836502293123.
