[I 2026-09-14 11:53:40,420] A new study created in memory with name: no-name-89e49136-5cb8-4384-8ce0-469761203aed
[I 2026-09-14 11:53:40,706] Trial 0 finished with value: -0.12732262529489455 and parameters: {'coeff': 6, 'AP': 58, 'alpha.condition_threshold': 40}. Best is trial 0 with value: -0.12732262529489455.
[I 2026-09-14 11:53:40,970] Trial 1 finished with value: -3.2826753080381597 and parameters: {'coeff': 1, 'AP': 33, 'alpha.condition_threshold': 65}. Best is trial 0 with value: -0.12732262529489455.
[I 2026-09-14 11:53:41,221] Trial 2 finished with value: -1.6156943749934614 and parameters: {'coeff': 8, 'AP': 45, 'alpha.condition_threshold': 35}. Best is trial 0 with value: -0.12732262529489455.
[I 2026-09-14 11:53:41,471] Trial 3 finished with value: -2.391980730034758 and parameters: {'coeff': 1, 'AP': 23, 'alpha.condition_threshold': 75}. Best is trial 0 with value: -0.12732262529489455.
[I 2026-09-14 11:53:41,719] Trial 4 finished with value: -3.769465580588968 and parameters: {'coeff': 1, 'AP': 17, 'alpha.condition_threshold': 50}. Best is trial 0 with value: -0.12732262529489455.
[I 2026-09-14 11:53:41,960] Trial 5 finished with value: -0.4558939018539702 and parameters: {'coeff': 4, 'AP': 60, 'alpha.condition_threshold': 70}. Best is trial 0 with value: -0.12732262529489455.
[I 2026-09-14 11:53:42,211] Trial 6 finished with value: 0.9519771026800289 and parameters: {'coeff': 4, 'AP': 31, 'alpha.condition_threshold': 80}. Best is trial 6 with value: 0.9519771026800289.
[I 2026-09-14 11:53:42,473] Trial 7 finished with value: -2.7862317979686275 and parameters: {'coeff': 2, 'AP': 25, 'alpha.condition_threshold': 65}. Best is trial 6 with value: 0.9519771026800289.
[I 2026-09-14 11:53:42,711] Trial 8 finished with value: -0.943753677679805 and parameters: {'coeff': 1, 'AP': 27, 'alpha.condition_threshold': 75}. Best is trial 6 with value: 0.9519771026800289.
[I 2026-09-14 11:53:42,956] Trial 9 finished with value: -1.23348282215044 and parameters: {'coeff': 7, 'AP': 18, 'alpha.condition_threshold': 65}. Best is trial 6 with value: 0.9519771026800289.
[I 2026-09-14 11:53:43,207] Trial 10 finished with value: -0.5278205190266089 and parameters: {'coeff': 4, 'AP': 5, 'alpha.condition_threshold': 50}. Best is trial 6 with value: 0.9519771026800289.
[I 2026-09-14 11:53:43,459] Trial 11 finished with value: 0.3745078236813679 and parameters: {'coeff': 6, 'AP': 42, 'alpha.condition_threshold': 35}. Best is trial 6 with value: 0.9519771026800289.
[I 2026-09-14 11:53:43,715] Trial 12 finished with value: -0.4742167915364851 and parameters: {'coeff': 5, 'AP': 41, 'alpha.condition_threshold': 30}. Best is trial 6 with value: 0.9519771026800289.
[I 2026-09-14 11:53:43,968] Trial 13 finished with value: -0.7996003678339375 and parameters: {'coeff': 3, 'AP': 45, 'alpha.condition_threshold': 45}. Best is trial 6 with value: 0.9519771026800289.
[I 2026-09-14 11:53:44,224] Trial 14 finished with value: -inf and parameters: {'coeff': 6, 'AP': 37, 'alpha.condition_threshold': 80}. Best is trial 6 with value: 0.9519771026800289.
[I 2026-09-14 11:53:44,499] Trial 15 finished with value: -0.05001304209966693 and parameters: {'coeff': 5, 'AP': 52, 'alpha.condition_threshold': 55}. Best is trial 6 with value: 0.9519771026800289.
[I 2026-09-14 11:53:44,755] Trial 16 finished with value: -0.7650208694852904 and parameters: {'coeff': 3, 'AP': 32, 'alpha.condition_threshold': 30}. Best is trial 6 with value: 0.9519771026800289.
[I 2026-09-14 11:53:44,997] Trial 17 finished with value: -0.17689343060703475 and parameters: {'coeff': 6, 'AP': 49, 'alpha.condition_threshold': 40}. Best is trial 6 with value: 0.9519771026800289.
[I 2026-09-14 11:53:45,242] Trial 18 finished with value: -2.06503689541838 and parameters: {'coeff': 8, 'AP': 36, 'alpha.condition_threshold': 60}. Best is trial 6 with value: 0.9519771026800289.
[I 2026-09-14 11:53:45,482] Trial 19 finished with value: -0.767597290972192 and parameters: {'coeff': 7, 'AP': 5, 'alpha.condition_threshold': 80}. Best is trial 6 with value: 0.9519771026800289.
[I 2026-09-14 11:53:45,736] Trial 20 finished with value: -1.4288305995482489 and parameters: {'coeff': 3, 'AP': 13, 'alpha.condition_threshold': 55}. Best is trial 6 with value: 0.9519771026800289.
[I 2026-09-14 11:53:45,993] Trial 21 finished with value: -0.10081386014418481 and parameters: {'coeff': 5, 'AP': 53, 'alpha.condition_threshold': 55}. Best is trial 6 with value: 0.9519771026800289.
[I 2026-09-14 11:53:46,251] Trial 22 finished with value: -0.3085606008151189 and parameters: {'coeff': 5, 'AP': 53, 'alpha.condition_threshold': 45}. Best is trial 6 with value: 0.9519771026800289.
[I 2026-09-14 11:53:46,519] Trial 23 finished with value: -1.8339984643436424 and parameters: {'coeff': 4, 'AP': 44, 'alpha.condition_threshold': 60}. Best is trial 6 with value: 0.9519771026800289.
[I 2026-09-14 11:53:46,775] Trial 24 finished with value: -1.3769995939720125 and parameters: {'coeff': 7, 'AP': 39, 'alpha.condition_threshold': 35}. Best is trial 6 with value: 0.9519771026800289.
[I 2026-09-14 11:53:47,079] Trial 25 finished with value: -0.2523098161671212 and parameters: {'coeff': 5, 'AP': 49, 'alpha.condition_threshold': 50}. Best is trial 6 with value: 0.9519771026800289.
[I 2026-09-14 11:54:38,646] Trial 26 finished with value: 0.38259077154377674 and parameters: {'coeff': 6, 'AP': 31, 'alpha.condition_threshold': 60}. Best is trial 6 with value: 0.9519771026800289.
[I 2026-09-14 11:55:27,265] Trial 27 finished with value: -0.9909950670950015 and parameters: {'coeff': 6, 'AP': 30, 'alpha.condition_threshold': 70}. Best is trial 6 with value: 0.9519771026800289.
[I 2026-09-14 11:56:16,456] Trial 28 finished with value: -1.7929226407816317 and parameters: {'coeff': 7, 'AP': 28, 'alpha.condition_threshold': 75}. Best is trial 6 with value: 0.9519771026800289.
[I 2026-09-14 11:57:05,703] Trial 29 finished with value: -0.24559945617106235 and parameters: {'coeff': 6, 'AP': 22, 'alpha.condition_threshold': 40}. Best is trial 6 with value: 0.9519771026800289.
[I 2026-09-14 11:57:54,309] Trial 30 finished with value: -1.5923507649598312 and parameters: {'coeff': 4, 'AP': 34, 'alpha.condition_threshold': 60}. Best is trial 6 with value: 0.9519771026800289.
[I 2026-09-14 11:58:42,777] Trial 31 finished with value: 0.06833081189364006 and parameters: {'coeff': 6, 'AP': 56, 'alpha.condition_threshold': 55}. Best is trial 6 with value: 0.9519771026800289.
[I 2026-09-14 11:58:43,981] A new study created in memory with name: no-name-c166e72c-63cc-4e30-bb87-0520c4b3b160
[I 2026-09-14 11:59:33,387] Trial 0 finished with value: -2.222570370605726 and parameters: {'coeff': 6, 'AP': 58, 'alpha.condition_threshold': 40}. Best is trial 0 with value: -2.222570370605726.
[I 2026-09-14 12:00:23,019] Trial 1 finished with value: -3.159690191625224 and parameters: {'coeff': 1, 'AP': 33, 'alpha.condition_threshold': 65}. Best is trial 0 with value: -2.222570370605726.
[I 2026-09-14 12:01:12,794] Trial 2 finished with value: -1.1151981081173463 and parameters: {'coeff': 8, 'AP': 45, 'alpha.condition_threshold': 35}. Best is trial 2 with value: -1.1151981081173463.
[I 2026-09-14 12:02:01,194] Trial 3 finished with value: -0.30961187442845206 and parameters: {'coeff': 1, 'AP': 23, 'alpha.condition_threshold': 75}. Best is trial 3 with value: -0.30961187442845206.
[I 2026-09-14 12:02:51,829] Trial 4 finished with value: -5.302098514686378 and parameters: {'coeff': 1, 'AP': 17, 'alpha.condition_threshold': 50}. Best is trial 3 with value: -0.30961187442845206.
[I 2026-09-14 12:03:39,749] Trial 5 finished with value: -1.1368115762897713 and parameters: {'coeff': 4, 'AP': 60, 'alpha.condition_threshold': 70}. Best is trial 3 with value: -0.30961187442845206.
[I 2026-09-14 12:04:27,470] Trial 6 finished with value: -0.6355026938868061 and parameters: {'coeff': 4, 'AP': 31, 'alpha.condition_threshold': 80}. Best is trial 3 with value: -0.30961187442845206.
[I 2026-09-14 12:05:16,095] Trial 7 finished with value: -4.089815482323118 and parameters: {'coeff': 2, 'AP': 25, 'alpha.condition_threshold': 65}. Best is trial 3 with value: -0.30961187442845206.
[I 2026-09-14 12:06:05,128] Trial 8 finished with value: 0.36682488422694026 and parameters: {'coeff': 1, 'AP': 27, 'alpha.condition_threshold': 75}. Best is trial 8 with value: 0.36682488422694026.
[I 2026-09-14 12:06:54,135] Trial 9 finished with value: -1.1379258337955762 and parameters: {'coeff': 7, 'AP': 18, 'alpha.condition_threshold': 65}. Best is trial 8 with value: 0.36682488422694026.
[I 2026-09-14 12:07:43,519] Trial 10 finished with value: -3.145775822329911 and parameters: {'coeff': 3, 'AP': 5, 'alpha.condition_threshold': 50}. Best is trial 8 with value: 0.36682488422694026.
[I 2026-09-14 12:08:32,414] Trial 11 finished with value: -inf and parameters: {'coeff': 2, 'AP': 39, 'alpha.condition_threshold': 80}. Best is trial 8 with value: 0.36682488422694026.
[I 2026-09-14 12:09:21,494] Trial 12 finished with value: -3.435279166304771 and parameters: {'coeff': 1, 'AP': 15, 'alpha.condition_threshold': 75}. Best is trial 8 with value: 0.36682488422694026.
[I 2026-09-14 12:10:11,547] Trial 13 finished with value: -3.603257370944266 and parameters: {'coeff': 3, 'AP': 23, 'alpha.condition_threshold': 55}. Best is trial 8 with value: 0.36682488422694026.
[I 2026-09-14 12:11:01,189] Trial 14 finished with value: -3.04121041880779 and parameters: {'coeff': 5, 'AP': 7, 'alpha.condition_threshold': 70}. Best is trial 8 with value: 0.36682488422694026.
[I 2026-09-14 12:11:52,027] Trial 15 finished with value: -3.0291110543208295 and parameters: {'coeff': 2, 'AP': 46, 'alpha.condition_threshold': 60}. Best is trial 8 with value: 0.36682488422694026.
[I 2026-09-14 12:12:40,517] Trial 16 finished with value: -1.1531001864362846 and parameters: {'coeff': 3, 'AP': 28, 'alpha.condition_threshold': 75}. Best is trial 8 with value: 0.36682488422694026.
[I 2026-09-14 12:13:28,974] Trial 17 finished with value: -1.0960156121786215 and parameters: {'coeff': 1, 'AP': 38, 'alpha.condition_threshold': 75}. Best is trial 8 with value: 0.36682488422694026.
[I 2026-09-14 12:14:18,676] Trial 18 finished with value: -2.4653264557494197 and parameters: {'coeff': 5, 'AP': 11, 'alpha.condition_threshold': 55}. Best is trial 8 with value: 0.36682488422694026.
[I 2026-09-14 12:15:11,116] Trial 19 finished with value: -2.9204143338885493 and parameters: {'coeff': 2, 'AP': 22, 'alpha.condition_threshold': 30}. Best is trial 8 with value: 0.36682488422694026.
[I 2026-09-14 12:16:00,072] Trial 20 finished with value: -inf and parameters: {'coeff': 3, 'AP': 36, 'alpha.condition_threshold': 80}. Best is trial 8 with value: 0.36682488422694026.
[I 2026-09-14 12:16:47,542] Trial 21 finished with value: -2.837695420201601 and parameters: {'coeff': 4, 'AP': 30, 'alpha.condition_threshold': 80}. Best is trial 8 with value: 0.36682488422694026.
[I 2026-09-14 12:17:37,079] Trial 22 finished with value: -2.3489986756296894 and parameters: {'coeff': 6, 'AP': 29, 'alpha.condition_threshold': 70}. Best is trial 8 with value: 0.36682488422694026.
[I 2026-09-14 12:18:25,644] Trial 23 finished with value: -0.28169039349111785 and parameters: {'coeff': 2, 'AP': 22, 'alpha.condition_threshold': 80}. Best is trial 8 with value: 0.36682488422694026.
[I 2026-09-14 12:19:15,251] Trial 24 finished with value: -1.4951129029990007 and parameters: {'coeff': 1, 'AP': 19, 'alpha.condition_threshold': 75}. Best is trial 8 with value: 0.36682488422694026.
[I 2026-09-14 12:20:05,247] Trial 25 finished with value: -3.442559061690394 and parameters: {'coeff': 2, 'AP': 12, 'alpha.condition_threshold': 70}. Best is trial 8 with value: 0.36682488422694026.
[I 2026-09-14 12:20:54,553] Trial 26 finished with value: -0.20695076769437076 and parameters: {'coeff': 1, 'AP': 24, 'alpha.condition_threshold': 75}. Best is trial 8 with value: 0.36682488422694026.
[I 2026-09-14 12:21:45,396] Trial 27 finished with value: -3.839360268848117 and parameters: {'coeff': 2, 'AP': 42, 'alpha.condition_threshold': 60}. Best is trial 8 with value: 0.36682488422694026.
[I 2026-09-14 12:22:36,664] Trial 28 finished with value: -4.3663343131955195 and parameters: {'coeff': 1, 'AP': 26, 'alpha.condition_threshold': 45}. Best is trial 8 with value: 0.36682488422694026.
[I 2026-09-14 12:23:22,787] Trial 29 finished with value: -inf and parameters: {'coeff': 3, 'AP': 53, 'alpha.condition_threshold': 80}. Best is trial 8 with value: 0.36682488422694026.
[I 2026-09-14 12:24:15,255] Trial 30 finished with value: -3.845756086372384 and parameters: {'coeff': 2, 'AP': 35, 'alpha.condition_threshold': 60}. Best is trial 8 with value: 0.36682488422694026.
[I 2026-09-14 12:25:06,185] Trial 31 finished with value: -1.6182001185287063 and parameters: {'coeff': 1, 'AP': 21, 'alpha.condition_threshold': 75}. Best is trial 8 with value: 0.36682488422694026.
[I 2026-09-14 12:25:07,502] A new study created in memory with name: no-name-d5a7c01a-efcf-4d45-9982-dcecf3413883
[I 2026-09-14 12:25:57,843] Trial 0 finished with value: -1.1490153482795256 and parameters: {'coeff': 6, 'AP': 58, 'alpha.condition_threshold': 40}. Best is trial 0 with value: -1.1490153482795256.
[I 2026-09-14 12:26:46,533] Trial 1 finished with value: -0.3654629286901103 and parameters: {'coeff': 1, 'AP': 33, 'alpha.condition_threshold': 65}. Best is trial 1 with value: -0.3654629286901103.
[I 2026-09-14 12:27:36,712] Trial 2 finished with value: -0.5964912533932876 and parameters: {'coeff': 8, 'AP': 45, 'alpha.condition_threshold': 35}. Best is trial 1 with value: -0.3654629286901103.
[I 2026-09-14 12:28:26,353] Trial 3 finished with value: 0.8321289276019863 and parameters: {'coeff': 1, 'AP': 23, 'alpha.condition_threshold': 75}. Best is trial 3 with value: 0.8321289276019863.
[I 2026-09-14 12:29:17,998] Trial 4 finished with value: -3.8428486455881514 and parameters: {'coeff': 1, 'AP': 17, 'alpha.condition_threshold': 50}. Best is trial 3 with value: 0.8321289276019863.
[I 2026-09-14 12:30:12,451] Trial 5 finished with value: 0.5780841486233852 and parameters: {'coeff': 4, 'AP': 60, 'alpha.condition_threshold': 70}. Best is trial 3 with value: 0.8321289276019863.
[I 2026-09-14 12:31:02,962] Trial 6 finished with value: -0.21643157257361093 and parameters: {'coeff': 4, 'AP': 31, 'alpha.condition_threshold': 80}. Best is trial 3 with value: 0.8321289276019863.
[I 2026-09-14 12:31:55,154] Trial 7 finished with value: -0.6790224272635758 and parameters: {'coeff': 2, 'AP': 25, 'alpha.condition_threshold': 65}. Best is trial 3 with value: 0.8321289276019863.
[I 2026-09-14 12:32:44,879] Trial 8 finished with value: -0.6792742632400014 and parameters: {'coeff': 1, 'AP': 27, 'alpha.condition_threshold': 75}. Best is trial 3 with value: 0.8321289276019863.
[I 2026-09-14 12:33:34,080] Trial 9 finished with value: 0.680342618543981 and parameters: {'coeff': 7, 'AP': 18, 'alpha.condition_threshold': 65}. Best is trial 3 with value: 0.8321289276019863.
[I 2026-09-14 12:34:24,395] Trial 10 finished with value: 1.0001938787394746 and parameters: {'coeff': 3, 'AP': 5, 'alpha.condition_threshold': 50}. Best is trial 10 with value: 1.0001938787394746.
[I 2026-09-14 12:35:15,022] Trial 11 finished with value: 0.69877265936952 and parameters: {'coeff': 3, 'AP': 7, 'alpha.condition_threshold': 50}. Best is trial 10 with value: 1.0001938787394746.
[I 2026-09-14 12:36:05,508] Trial 12 finished with value: 1.0001938787394746 and parameters: {'coeff': 3, 'AP': 5, 'alpha.condition_threshold': 55}. Best is trial 10 with value: 1.0001938787394746.
[I 2026-09-14 12:36:05,520] Trial 13 pruned. duplicate parameter set
[I 2026-09-14 12:36:55,658] Trial 14 finished with value: -0.21535732344245526 and parameters: {'coeff': 5, 'AP': 12, 'alpha.condition_threshold': 45}. Best is trial 10 with value: 1.0001938787394746.
[I 2026-09-14 12:37:46,046] Trial 15 finished with value: 0.02350251501335272 and parameters: {'coeff': 3, 'AP': 41, 'alpha.condition_threshold': 30}. Best is trial 10 with value: 1.0001938787394746.
