[I 2026-09-14 06:18:45,878] A new study created in memory with name: no-name-d2831c5b-9094-4d77-9fc0-270938238afd
[I 2026-09-14 06:19:37,391] Trial 0 finished with value: -1.1529188586902877 and parameters: {'coeff': 6, 'AP': 58, 'alpha.condition_threshold': 40}. Best is trial 0 with value: -1.1529188586902877.
[I 2026-09-14 06:20:27,880] Trial 1 finished with value: -0.10431849270130766 and parameters: {'coeff': 1, 'AP': 33, 'alpha.condition_threshold': 65}. Best is trial 1 with value: -0.10431849270130766.
[I 2026-09-14 06:21:16,687] Trial 2 finished with value: -0.6958525196942216 and parameters: {'coeff': 8, 'AP': 45, 'alpha.condition_threshold': 35}. Best is trial 1 with value: -0.10431849270130766.
[I 2026-09-14 06:22:06,215] Trial 3 finished with value: -0.1840430985135227 and parameters: {'coeff': 1, 'AP': 23, 'alpha.condition_threshold': 75}. Best is trial 1 with value: -0.10431849270130766.
[I 2026-09-14 06:22:59,811] Trial 4 finished with value: -1.9846870797203708 and parameters: {'coeff': 1, 'AP': 17, 'alpha.condition_threshold': 50}. Best is trial 1 with value: -0.10431849270130766.
[I 2026-09-14 06:23:50,330] Trial 5 finished with value: -0.4115648733291384 and parameters: {'coeff': 4, 'AP': 60, 'alpha.condition_threshold': 70}. Best is trial 1 with value: -0.10431849270130766.
[I 2026-09-14 06:24:40,240] Trial 6 finished with value: 1.0501836502293123 and parameters: {'coeff': 4, 'AP': 31, 'alpha.condition_threshold': 80}. Best is trial 6 with value: 1.0501836502293123.
[I 2026-09-14 06:25:30,744] Trial 7 finished with value: -1.0516562054052492 and parameters: {'coeff': 2, 'AP': 25, 'alpha.condition_threshold': 65}. Best is trial 6 with value: 1.0501836502293123.
[I 2026-09-14 06:26:20,578] Trial 8 finished with value: -2.2214814899675486 and parameters: {'coeff': 1, 'AP': 27, 'alpha.condition_threshold': 75}. Best is trial 6 with value: 1.0501836502293123.
[I 2026-09-14 06:27:10,826] Trial 9 finished with value: -1.2209196496121304 and parameters: {'coeff': 7, 'AP': 18, 'alpha.condition_threshold': 65}. Best is trial 6 with value: 1.0501836502293123.
[I 2026-09-14 06:28:06,520] Trial 10 finished with value: 0.3538876740566629 and parameters: {'coeff': 4, 'AP': 5, 'alpha.condition_threshold': 50}. Best is trial 6 with value: 1.0501836502293123.
[I 2026-09-14 06:28:59,724] Trial 11 finished with value: 0.23698760883182282 and parameters: {'coeff': 4, 'AP': 7, 'alpha.condition_threshold': 50}. Best is trial 6 with value: 1.0501836502293123.
[I 2026-09-14 06:29:49,213] Trial 12 finished with value: -0.8111870441054544 and parameters: {'coeff': 5, 'AP': 5, 'alpha.condition_threshold': 55}. Best is trial 6 with value: 1.0501836502293123.
[I 2026-09-14 06:30:36,949] Trial 13 finished with value: -inf and parameters: {'coeff': 3, 'AP': 38, 'alpha.condition_threshold': 80}. Best is trial 6 with value: 1.0501836502293123.
[I 2026-09-14 06:31:26,208] Trial 14 finished with value: -1.1757308385054848 and parameters: {'coeff': 5, 'AP': 47, 'alpha.condition_threshold': 45}. Best is trial 6 with value: 1.0501836502293123.
[I 2026-09-14 06:32:17,089] Trial 15 finished with value: -1.846118684114533 and parameters: {'coeff': 3, 'AP': 13, 'alpha.condition_threshold': 30}. Best is trial 6 with value: 1.0501836502293123.
[I 2026-09-14 06:33:06,573] Trial 16 finished with value: -1.1174981058292737 and parameters: {'coeff': 3, 'AP': 42, 'alpha.condition_threshold': 55}. Best is trial 6 with value: 1.0501836502293123.
