[I 2026-09-14 13:23:45,176] A new study created in memory with name: no-name-71e77326-6074-4347-844e-93a685399b7c
[I 2026-09-14 13:23:45,548] Trial 0 finished with value: 0.3580692189685246 and parameters: {'coeff': 6, 'AP': 58, 'alpha.condition_threshold': 40}. Best is trial 0 with value: 0.3580692189685246.
[I 2026-09-14 13:23:45,845] Trial 1 finished with value: -1.1841964808824923 and parameters: {'coeff': 1, 'AP': 33, 'alpha.condition_threshold': 65}. Best is trial 0 with value: 0.3580692189685246.
[I 2026-09-14 13:23:46,137] Trial 2 finished with value: 0.02227573884646452 and parameters: {'coeff': 8, 'AP': 45, 'alpha.condition_threshold': 35}. Best is trial 0 with value: 0.3580692189685246.
[I 2026-09-14 13:23:46,415] Trial 3 finished with value: -0.751593365425602 and parameters: {'coeff': 1, 'AP': 23, 'alpha.condition_threshold': 75}. Best is trial 0 with value: 0.3580692189685246.
[I 2026-09-14 13:24:41,319] Trial 4 finished with value: -2.9911858959185977 and parameters: {'coeff': 1, 'AP': 17, 'alpha.condition_threshold': 50}. Best is trial 0 with value: 0.3580692189685246.
[I 2026-09-14 13:25:31,122] Trial 5 finished with value: -0.053539880239855495 and parameters: {'coeff': 4, 'AP': 60, 'alpha.condition_threshold': 70}. Best is trial 0 with value: 0.3580692189685246.
[I 2026-09-14 13:26:20,301] Trial 6 finished with value: -1.8635742640472415 and parameters: {'coeff': 4, 'AP': 31, 'alpha.condition_threshold': 80}. Best is trial 0 with value: 0.3580692189685246.
[I 2026-09-14 13:27:11,192] Trial 7 finished with value: -0.5166127491119971 and parameters: {'coeff': 2, 'AP': 25, 'alpha.condition_threshold': 65}. Best is trial 0 with value: 0.3580692189685246.
[I 2026-09-14 13:28:05,261] Trial 8 finished with value: -1.0042273935356225 and parameters: {'coeff': 1, 'AP': 27, 'alpha.condition_threshold': 75}. Best is trial 0 with value: 0.3580692189685246.
[I 2026-09-14 13:29:00,683] Trial 9 finished with value: 0.20882165675423514 and parameters: {'coeff': 7, 'AP': 18, 'alpha.condition_threshold': 65}. Best is trial 0 with value: 0.3580692189685246.
[I 2026-09-14 13:29:52,245] Trial 10 finished with value: 0.6451884258722499 and parameters: {'coeff': 6, 'AP': 5, 'alpha.condition_threshold': 30}. Best is trial 10 with value: 0.6451884258722499.
[I 2026-09-14 13:30:44,486] Trial 11 finished with value: 0.5404767643862645 and parameters: {'coeff': 6, 'AP': 7, 'alpha.condition_threshold': 30}. Best is trial 10 with value: 0.6451884258722499.
[I 2026-09-14 13:30:44,500] Trial 12 pruned. duplicate parameter set
[I 2026-09-14 13:31:37,015] Trial 13 finished with value: 0.026758550425129764 and parameters: {'coeff': 5, 'AP': 5, 'alpha.condition_threshold': 45}. Best is trial 10 with value: 0.6451884258722499.
[I 2026-09-14 13:32:28,336] Trial 14 finished with value: 0.5777976254051702 and parameters: {'coeff': 6, 'AP': 12, 'alpha.condition_threshold': 30}. Best is trial 10 with value: 0.6451884258722499.
[I 2026-09-14 13:33:18,888] Trial 15 finished with value: 0.22179883887752258 and parameters: {'coeff': 8, 'AP': 13, 'alpha.condition_threshold': 55}. Best is trial 10 with value: 0.6451884258722499.
[I 2026-09-14 13:34:09,465] Trial 16 finished with value: 0.07170583916187263 and parameters: {'coeff': 5, 'AP': 12, 'alpha.condition_threshold': 40}. Best is trial 10 with value: 0.6451884258722499.
[I 2026-09-14 13:35:01,228] Trial 17 finished with value: -0.244821696676178 and parameters: {'coeff': 3, 'AP': 40, 'alpha.condition_threshold': 35}. Best is trial 10 with value: 0.6451884258722499.
[I 2026-09-14 13:35:53,006] Trial 18 finished with value: 0.04545567593244231 and parameters: {'coeff': 7, 'AP': 12, 'alpha.condition_threshold': 45}. Best is trial 10 with value: 0.6451884258722499.
[I 2026-09-14 13:36:43,461] Trial 19 finished with value: 0.23722069566277518 and parameters: {'coeff': 7, 'AP': 20, 'alpha.condition_threshold': 30}. Best is trial 10 with value: 0.6451884258722499.
[I 2026-09-14 13:37:33,215] Trial 20 finished with value: 0.2736890444770868 and parameters: {'coeff': 5, 'AP': 11, 'alpha.condition_threshold': 55}. Best is trial 10 with value: 0.6451884258722499.
[I 2026-09-14 13:37:33,226] Trial 21 pruned. duplicate parameter set
[I 2026-09-14 13:38:25,701] Trial 22 finished with value: 0.719216552288568 and parameters: {'coeff': 6, 'AP': 10, 'alpha.condition_threshold': 35}. Best is trial 22 with value: 0.719216552288568.
[I 2026-09-14 13:39:17,143] Trial 23 finished with value: -0.18807834228779688 and parameters: {'coeff': 7, 'AP': 15, 'alpha.condition_threshold': 35}. Best is trial 22 with value: 0.719216552288568.
[I 2026-09-14 13:40:08,229] Trial 24 finished with value: 0.19792755576409457 and parameters: {'coeff': 5, 'AP': 9, 'alpha.condition_threshold': 40}. Best is trial 22 with value: 0.719216552288568.
[I 2026-09-14 13:40:59,844] Trial 25 finished with value: 0.6357641748622335 and parameters: {'coeff': 6, 'AP': 21, 'alpha.condition_threshold': 35}. Best is trial 22 with value: 0.719216552288568.
[I 2026-09-14 13:41:50,833] Trial 26 finished with value: -0.15261272809538093 and parameters: {'coeff': 4, 'AP': 21, 'alpha.condition_threshold': 45}. Best is trial 22 with value: 0.719216552288568.
[I 2026-09-14 13:42:41,551] Trial 27 finished with value: -0.08276046126904375 and parameters: {'coeff': 8, 'AP': 30, 'alpha.condition_threshold': 35}. Best is trial 22 with value: 0.719216552288568.
[I 2026-09-14 13:43:32,877] Trial 28 finished with value: 0.0018173652135254907 and parameters: {'coeff': 7, 'AP': 17, 'alpha.condition_threshold': 50}. Best is trial 22 with value: 0.719216552288568.
[I 2026-09-14 13:44:26,287] Trial 29 finished with value: 0.306897005841632 and parameters: {'coeff': 6, 'AP': 53, 'alpha.condition_threshold': 40}. Best is trial 22 with value: 0.719216552288568.
[I 2026-09-14 13:45:24,048] Trial 30 finished with value: -1.4572954750248441 and parameters: {'coeff': 3, 'AP': 9, 'alpha.condition_threshold': 35}. Best is trial 22 with value: 0.719216552288568.
[I 2026-09-14 13:46:15,418] Trial 31 finished with value: 0.46587025624239764 and parameters: {'coeff': 6, 'AP': 15, 'alpha.condition_threshold': 30}. Best is trial 22 with value: 0.719216552288568.
[I 2026-09-14 13:46:16,823] A new study created in memory with name: no-name-dd180e22-8f29-469a-9be5-0f0cde1241e7
[I 2026-09-14 13:47:11,521] Trial 0 finished with value: 0.294465457830018 and parameters: {'coeff': 6, 'AP': 58, 'alpha.condition_threshold': 40}. Best is trial 0 with value: 0.294465457830018.
[I 2026-09-14 13:48:06,059] Trial 1 finished with value: -2.4426400240737167 and parameters: {'coeff': 1, 'AP': 33, 'alpha.condition_threshold': 65}. Best is trial 0 with value: 0.294465457830018.
[I 2026-09-14 13:48:58,043] Trial 2 finished with value: -0.39932738658993705 and parameters: {'coeff': 8, 'AP': 45, 'alpha.condition_threshold': 35}. Best is trial 0 with value: 0.294465457830018.
[I 2026-09-14 13:49:49,752] Trial 3 finished with value: 0.6292328233905243 and parameters: {'coeff': 1, 'AP': 23, 'alpha.condition_threshold': 75}. Best is trial 3 with value: 0.6292328233905243.
[I 2026-09-14 13:50:45,594] Trial 4 finished with value: -4.481850498055424 and parameters: {'coeff': 1, 'AP': 17, 'alpha.condition_threshold': 50}. Best is trial 3 with value: 0.6292328233905243.
[I 2026-09-14 13:51:37,944] Trial 5 finished with value: 1.4240006242195884 and parameters: {'coeff': 4, 'AP': 60, 'alpha.condition_threshold': 70}. Best is trial 5 with value: 1.4240006242195884.
[I 2026-09-14 13:52:31,648] Trial 6 finished with value: -1.5119568782861041 and parameters: {'coeff': 4, 'AP': 31, 'alpha.condition_threshold': 80}. Best is trial 5 with value: 1.4240006242195884.
[I 2026-09-14 13:53:23,469] Trial 7 finished with value: -1.382201388851094 and parameters: {'coeff': 2, 'AP': 25, 'alpha.condition_threshold': 65}. Best is trial 5 with value: 1.4240006242195884.
[I 2026-09-14 13:54:15,929] Trial 8 finished with value: 1.2392554670100169 and parameters: {'coeff': 1, 'AP': 27, 'alpha.condition_threshold': 75}. Best is trial 5 with value: 1.4240006242195884.
[I 2026-09-14 13:55:06,990] Trial 9 finished with value: 0.7172882605792652 and parameters: {'coeff': 7, 'AP': 18, 'alpha.condition_threshold': 65}. Best is trial 5 with value: 1.4240006242195884.
[I 2026-09-14 13:55:58,632] Trial 10 finished with value: -0.1295924522929301 and parameters: {'coeff': 4, 'AP': 5, 'alpha.condition_threshold': 50}. Best is trial 5 with value: 1.4240006242195884.
[I 2026-09-14 13:56:50,545] Trial 11 finished with value: -1.4240006242195884 and parameters: {'coeff': 3, 'AP': 47, 'alpha.condition_threshold': 75}. Best is trial 5 with value: 1.4240006242195884.
[I 2026-09-14 13:57:41,784] Trial 12 finished with value: 0.08826446886819062 and parameters: {'coeff': 5, 'AP': 42, 'alpha.condition_threshold': 70}. Best is trial 5 with value: 1.4240006242195884.
[I 2026-09-14 13:58:34,277] Trial 13 finished with value: 0.5181666054022827 and parameters: {'coeff': 3, 'AP': 60, 'alpha.condition_threshold': 55}. Best is trial 5 with value: 1.4240006242195884.
[I 2026-09-14 13:59:22,656] Trial 14 finished with value: -inf and parameters: {'coeff': 5, 'AP': 37, 'alpha.condition_threshold': 80}. Best is trial 5 with value: 1.4240006242195884.
[I 2026-09-14 14:00:13,044] Trial 15 finished with value: 0.010164112901386838 and parameters: {'coeff': 3, 'AP': 52, 'alpha.condition_threshold': 60}. Best is trial 5 with value: 1.4240006242195884.
[I 2026-09-14 14:01:03,941] Trial 16 finished with value: -1.3993918705101003 and parameters: {'coeff': 2, 'AP': 15, 'alpha.condition_threshold': 70}. Best is trial 5 with value: 1.4240006242195884.
[I 2026-09-14 14:01:56,387] Trial 17 finished with value: -0.0943479896904548 and parameters: {'coeff': 6, 'AP': 8, 'alpha.condition_threshold': 75}. Best is trial 5 with value: 1.4240006242195884.
[I 2026-09-14 14:02:46,917] Trial 18 finished with value: -1.4869219162714609 and parameters: {'coeff': 2, 'AP': 26, 'alpha.condition_threshold': 55}. Best is trial 5 with value: 1.4240006242195884.
[I 2026-09-14 14:03:37,172] Trial 19 finished with value: 1.567368191544261 and parameters: {'coeff': 6, 'AP': 37, 'alpha.condition_threshold': 70}. Best is trial 19 with value: 1.567368191544261.
[I 2026-09-14 14:04:28,671] Trial 20 finished with value: 0.1807933443827817 and parameters: {'coeff': 6, 'AP': 52, 'alpha.condition_threshold': 45}. Best is trial 19 with value: 1.567368191544261.
[I 2026-09-14 14:05:19,087] Trial 21 finished with value: -1.705907947607375 and parameters: {'coeff': 8, 'AP': 37, 'alpha.condition_threshold': 70}. Best is trial 19 with value: 1.567368191544261.
[I 2026-09-14 14:06:08,916] Trial 22 finished with value: -2.248931073494268 and parameters: {'coeff': 7, 'AP': 31, 'alpha.condition_threshold': 80}. Best is trial 19 with value: 1.567368191544261.
[I 2026-09-14 14:06:59,892] Trial 23 finished with value: -0.2520042393286201 and parameters: {'coeff': 5, 'AP': 55, 'alpha.condition_threshold': 60}. Best is trial 19 with value: 1.567368191544261.
[I 2026-09-14 14:07:50,805] Trial 24 finished with value: -0.41040642328798166 and parameters: {'coeff': 7, 'AP': 42, 'alpha.condition_threshold': 70}. Best is trial 19 with value: 1.567368191544261.
