[I 2026-09-12 14:51:52,748] A new study created in memory with name: no-name-c6c34576-7606-44b7-955d-6d4bb321b2de
[I 2026-09-12 14:52:53,236] Trial 0 finished with value: 2.1516121375634825 and parameters: {'coeff': 6, 'AP': 58, 'alpha.condition_threshold': 40}. Best is trial 0 with value: 2.1516121375634825.
[I 2026-09-12 14:53:47,644] Trial 1 finished with value: 1.3568484163659191 and parameters: {'coeff': 1, 'AP': 33, 'alpha.condition_threshold': 65}. Best is trial 0 with value: 2.1516121375634825.
[I 2026-09-12 14:54:41,932] Trial 2 finished with value: 2.2936011381901014 and parameters: {'coeff': 8, 'AP': 45, 'alpha.condition_threshold': 35}. Best is trial 2 with value: 2.2936011381901014.
[I 2026-09-12 14:55:36,528] Trial 3 finished with value: 1.2023958147904348 and parameters: {'coeff': 1, 'AP': 23, 'alpha.condition_threshold': 75}. Best is trial 2 with value: 2.2936011381901014.
[I 2026-09-12 14:56:29,826] Trial 4 finished with value: 0.6772751658486432 and parameters: {'coeff': 1, 'AP': 17, 'alpha.condition_threshold': 50}. Best is trial 2 with value: 2.2936011381901014.
[I 2026-09-12 14:57:22,577] Trial 5 finished with value: 3.0613098165743606 and parameters: {'coeff': 4, 'AP': 60, 'alpha.condition_threshold': 70}. Best is trial 5 with value: 3.0613098165743606.
[I 2026-09-12 14:58:17,027] Trial 6 finished with value: 3.0763999666488386 and parameters: {'coeff': 4, 'AP': 31, 'alpha.condition_threshold': 80}. Best is trial 6 with value: 3.0763999666488386.
[I 2026-09-12 14:59:10,463] Trial 7 finished with value: 1.6691595467953966 and parameters: {'coeff': 2, 'AP': 25, 'alpha.condition_threshold': 65}. Best is trial 6 with value: 3.0763999666488386.
[I 2026-09-12 15:00:05,363] Trial 8 finished with value: 1.579810438201705 and parameters: {'coeff': 1, 'AP': 27, 'alpha.condition_threshold': 75}. Best is trial 6 with value: 3.0763999666488386.
[I 2026-09-12 15:00:57,604] Trial 9 finished with value: 2.4860645307595406 and parameters: {'coeff': 7, 'AP': 18, 'alpha.condition_threshold': 65}. Best is trial 6 with value: 3.0763999666488386.
